>1ofe_B|TM-Score=0.000;Psim-Score=0.000;CE-Score=0.000;V-Score=0.000;L-Score=0.000;CA-Score=0.000;S-Score=0.000;RA-Score=0.000|SVM-Score=0.823
1ofe_B	No-TRs
>1kap_P|TM-Score=0.784;Psim-Score=0.733;CE-Score=0.110;V-Score=0.709;L-Score=0.508;CA-Score=0.000;S-Score=0.412;RA-Score=0.269|SVM-Score=1.000
1kap_P	LigandBase	cl1_selected	2	179.000	0-357	0-329;330-357	0.362	0.131
1kap_P	TREKS-Op1	cl1	5	9.000	332-376	332-340;341-349;350-358;359-367;368-376	0.893	0.102
1kap_P	VECTORS	cl1	4	19.000	328-406	328-344;344-362;362-380;386-406	0.420	0.067
1kap_P	VECTORS	cl1	2	41.000	315-395	315-353;353-395	0.507	0.042
1kap_P	RapBase	cl1	2	32.000	321-384	321-352;353-384	0.604	0.039
1kap_P	RMSD	cl1	2	28.500	325-381	325-351;352-381	0.579	0.033
1kap_P	RMSD	cl1	2	18.000	334-369	334-351;352-369	0.836	0.030
1kap_P	VECTORS	cl1	2	29.000	315-371	315-344;344-371	0.482	0.028
1kap_P	VECTORS	cl1	2	18.000	307-344	307-325;328-344	0.404	0.016

>1o88_A|TM-Score=0.725;Psim-Score=0.702;CE-Score=0.000;V-Score=0.774;L-Score=0.000;CA-Score=0.000;S-Score=0.312;RA-Score=0.222|SVM-Score=0.999
1o88_A	TREKS-Op1	cl1_selected	12	5.417	205-269	205-209;210-214;215-218;219-224;225-230;231-236;237-240;241-246;247-252;253-258;259-264;265-269	0.785	0.218
1o88_A	RMSD	cl1	3	57.000	137-307	137-197;198-245;246-307	0.533	0.097
1o88_A	RMSD	cl1	2	106.000	73-284	73-189;190-284	0.637	0.096
1o88_A	RMSD	cl1	3	49.000	138-284	138-197;198-237;238-284	0.557	0.087
1o88_A	VECTORS	cl1	2	96.000	77-268	77-185;186-268	0.622	0.085
1o88_A	RMSD	cl1	2	80.000	109-268	109-197;198-268	0.719	0.082
1o88_A	RMSD	cl1	2	94.500	109-297	109-207;208-297	0.599	0.081
1o88_A	RMSD	cl1	2	72.500	116-260	116-197;198-260	0.634	0.065
1o88_A	RapBase	cl1	3	34.667	165-268	165-214;215-241;242-268	0.523	0.058
1o88_A	RapBase	cl1	3	30.333	96-186	96-122;123-149;150-186	0.549	0.053
1o88_A	VECTORS	cl1	3	22.333	175-244	175-197;200-222;224-244	0.634	0.047
1o88_A	VECTORS	cl1	3	23.000	175-243	175-199;200-223;224-243	0.596	0.044
1o88_A	CM	cl1	2	33.000	122-187	122-154;155-187	0.628	0.030
1o88_A	RMSD	cl1	2	32.000	126-189	126-157;158-189	0.641	0.029
1o88_A	VECTORS	cl1	2	30.000	111-172	111-136;139-172	0.606	0.027
1o88_A	VECTORS	cl1	2	31.000	200-260	200-230;230-260	0.594	0.026
1o88_A	RMSD	cl1	2	31.500	190-252	190-222;223-252	0.570	0.026
1o88_A	RMSD	cl1	2	21.500	218-260	218-237;238-260	0.749	0.023
1o88_A	VECTORS	cl1	2	15.500	181-213	181-197;200-213	0.263	0.006
1o88_A	VECTORS	cl1	3	16.667	213-260	213-230;230-244;244-260	0.056	0.003

>1m6b_A|TM-Score=0.571;Psim-Score=0.750;CE-Score=0.000;V-Score=0.702;L-Score=0.000;CA-Score=0.000;S-Score=0.356;RA-Score=0.393|SVM-Score=0.960
1m6b_A	RMSD	cl1_selected	2	81.000	0-161	0-49;50-161	0.517	0.520
1m6b_A	RMSD	cl1	2	53.500	4-110	4-49;50-110	0.616	0.410
1m6b_A	RMSD	cl1	2	29.500	34-92	34-58;59-92	0.612	0.224
1m6b_A	TRUST-23A	cl2_selected	4	15.250	190-534	190-204;235-250;464-478;520-534	0.538	0.540
1m6b_A	TREKS-Op1	cl2	4	10.500	204-245	204-213;214-222;223-234;235-245	0.459	0.056
1m6b_A	RapBase	cl2	2	28.000	361-416	361-388;389-416	0.560	0.046
1m6b_A	TREKS-Op1	cl2	3	8.000	212-235	212-220;221-227;228-235	0.769	0.040
1m6b_A	VECTORS	cl2	2	16.000	233-264	233-247;248-264	0.509	0.024
1m6b_A	VECTORS	cl2	2	17.500	366-410	366-386;397-410	0.324	0.021

>1gq8_A|TM-Score=0.713;Psim-Score=0.706;CE-Score=0.371;V-Score=0.601;L-Score=0.000;CA-Score=0.000;S-Score=0.394;RA-Score=0.225|SVM-Score=0.997
1gq8_A	TRUST-23A	cl1_selected	9	21.889	37-250	37-56;57-71;72-93;94-121;122-142;143-162;163-179;197-230;231-250	0.281	0.277
1gq8_A	CM	cl1	6	26.000	17-172	17-46;47-84;85-111;112-132;133-152;153-172	0.424	0.203
1gq8_A	RMSD	cl1	3	56.667	53-222	53-118;119-159;160-222	0.610	0.159
1gq8_A	RMSD	cl1	3	63.000	46-234	46-118;119-166;167-234	0.513	0.149
1gq8_A	VECTORS	cl1	4	33.250	41-176	41-78;84-121;121-147;147-176	0.404	0.113
1gq8_A	RMSD	cl1	3	47.667	64-206	64-118;119-153;154-206	0.484	0.106
1gq8_A	RMSD	cl1	2	89.000	30-207	30-132;133-207	0.579	0.106
1gq8_A	RMSD	cl1	2	81.000	46-207	46-139;140-207	0.564	0.094
1gq8_A	RMSD	cl1	2	72.500	46-190	46-132;133-190	0.577	0.086
1gq8_A	VECTORS	cl1	3	28.000	47-130	47-83;84-106;107-130	0.467	0.060
1gq8_A	CM	cl1	3	27.667	47-129	47-85;86-107;108-129	0.398	0.051
1gq8_A	RapBase	cl1	2	27.000	80-133	80-106;107-133	0.638	0.035
1gq8_A	RMSD	cl1	2	31.000	92-153	92-132;133-153	0.554	0.035
1gq8_A	RMSD	cl1	2	27.000	79-132	79-108;109-132	0.599	0.033
1gq8_A	CM	cl1	2	22.000	131-174	131-152;153-174	0.622	0.028
1gq8_A	VECTORS	cl1	2	18.500	121-160	121-138;142-160	0.653	0.027
1gq8_A	VECTORS	cl1	3	20.000	47-107	47-62;65-93;93-107	0.184	0.017
1gq8_A	VECTORS	cl1	3	13.333	126-167	126-138;142-153;153-167	0.125	0.008

>1ia5_A|TM-Score=0.774;Psim-Score=0.714;CE-Score=0.599;V-Score=0.595;L-Score=0.000;CA-Score=0.000;S-Score=0.396;RA-Score=0.497|SVM-Score=1.000
1ia5_A	CESymm	cl1_selected	12	27.833	4-337	4-25;26-49;50-76;77-116;117-139;140-171;172-192;193-222;223-250;251-288;289-315;316-337	0.382	0.383
1ia5_A	RMSD	cl1	5	59.200	28-323	28-78;79-151;152-199;200-257;258-323	0.509	0.188
1ia5_A	RMSD	cl1	5	56.400	43-324	43-94;95-151;152-193;194-258;259-324	0.458	0.162
1ia5_A	RMSD	cl1	5	54.400	53-324	53-117;118-171;172-199;200-258;259-324	0.440	0.150
1ia5_A	RMSD	cl1	6	28.333	125-294	125-151;152-178;179-199;200-228;229-257;258-294	0.532	0.136
1ia5_A	VECTORS	cl1	6	28.333	135-304	135-165;166-186;187-212;213-236;237-266;267-304	0.467	0.119
1ia5_A	RMSD	cl1	3	98.333	28-322	28-124;125-199;200-322	0.525	0.116
1ia5_A	VECTORS	cl1	3	87.000	60-320	60-151;152-226;227-320	0.573	0.112
1ia5_A	RMSD	cl1	3	91.333	34-307	34-124;125-193;194-307	0.534	0.110
1ia5_A	VECTORS	cl1	3	68.333	81-284	81-141;141-194;195-284	0.542	0.083
1ia5_A	VECTORS	cl1	4	42.250	135-303	135-165;166-186;187-236;237-303	0.489	0.083
1ia5_A	RMSD	cl1	2	120.500	34-274	34-151;152-274	0.591	0.071
1ia5_A	RMSD	cl1	2	127.000	21-274	21-140;141-274	0.555	0.071
1ia5_A	RMSD	cl1	2	117.500	61-295	61-171;172-295	0.578	0.068
1ia5_A	VECTORS	cl1	4	31.000	52-172	52-81;81-118;118-141;141-172	0.559	0.068
1ia5_A	TREKS-Op1	cl1	8	5.000	189-228	189-193;194-199;200-204;205-207;208-211;212-217;218-222;223-228	0.746	0.060
1ia5_A	CM	cl1	4	28.000	64-175	64-100;101-122;123-144;145-175	0.491	0.055
1ia5_A	RMSD	cl1	2	71.000	52-193	52-132;133-193	0.585	0.042
1ia5_A	RapBase	cl1	3	30.333	215-305	215-241;242-268;269-305	0.599	0.041
1ia5_A	RMSD	cl1	3	25.333	118-193	118-140;141-171;172-193	0.680	0.039
1ia5_A	CM	cl1	3	24.667	127-200	127-156;157-178;179-200	0.689	0.038
1ia5_A	TREKS-16A	cl1	6	6.000	221-256	221-225;226-231;232-239;240-246;247-251;252-256	0.685	0.037
1ia5_A	RMSD	cl1	2	55.500	164-274	164-199;200-274	0.662	0.037
1ia5_A	RapBase	cl1	3	27.000	124-204	124-150;151-177;178-204	0.590	0.036
1ia5_A	CM	cl1	3	25.000	129-203	129-153;154-178;179-203	0.633	0.036
1ia5_A	CM	cl1	3	29.333	216-303	216-240;241-265;266-303	0.529	0.035
1ia5_A	VECTORS	cl1	3	30.333	199-288	199-227;227-251;252-288	0.493	0.033
1ia5_A	RMSD	cl1	2	32.000	211-274	211-240;241-274	0.658	0.021
1ia5_A	VECTORS	cl1	2	35.000	43-111	43-71;71-111	0.555	0.019
1ia5_A	VECTORS	cl1	3	21.333	19-81	19-42;43-60;60-81	0.247	0.012
1ia5_A	VECTORS	cl1	2	17.000	118-152	118-133;135-152	0.336	0.006

>1h80_B|TM-Score=0.640;Psim-Score=0.689;CE-Score=0.380;V-Score=0.554;L-Score=0.262;CA-Score=0.000;S-Score=0.374;RA-Score=0.150|SVM-Score=0.958
1h80_B	RMSD	cl1_selected	3	79.333	166-403	166-225;226-285;286-403	0.507	0.212
1h80_B	VECTORS	cl1	5	26.600	149-280	149-182;183-209;210-236;236-255;256-280	0.374	0.144
1h80_B	RMSD	cl1	2	74.000	162-309	162-227;228-309	0.604	0.105
1h80_B	RMSD	cl1	3	28.667	197-282	197-227;228-254;255-282	0.646	0.097
1h80_B	CM	cl1	3	29.667	197-285	197-229;230-257;258-285	0.612	0.096
1h80_B	RMSD	cl1	2	59.500	91-209	91-153;154-209	0.654	0.091
1h80_B	RMSD	cl1	2	60.000	105-224	105-164;165-224	0.618	0.087
1h80_B	CM	cl1	2	66.000	68-199	68-133;134-199	0.558	0.086
1h80_B	RMSD	cl1	2	63.000	61-186	61-115;116-186	0.576	0.085
1h80_B	VECTORS	cl1	4	26.000	71-176	71-104;105-129;129-150;154-176	0.211	0.052
1h80_B	RMSD	cl1	2	36.500	137-209	137-166;167-209	0.578	0.049
1h80_B	RapBase	cl1	2	34.000	222-289	222-255;256-289	0.598	0.048
1h80_B	CM	cl1	2	28.000	197-252	197-224;225-252	0.638	0.042
1h80_B	RapBase	cl1	2	27.000	198-251	198-224;225-251	0.619	0.039

>1ofl_A|TM-Score=0.741;Psim-Score=0.729;CE-Score=0.488;V-Score=0.648;L-Score=0.000;CA-Score=0.000;S-Score=0.476;RA-Score=0.230|SVM-Score=0.999
1ofl_A	CESymm	cl1_selected	13	27.769	3-391	3-28;29-58;59-78;88-110;113-142;144-180;185-212;214-236;237-258;262-284;290-322;323-363;367-391	0.364	0.357
1ofl_A	TRUST-23A	cl1	11	29.818	63-392	63-94;95-121;122-150;151-191;192-220;221-242;243-268;269-296;299-328;329-372;373-392	0.396	0.280
1ofl_A	RMSD	cl1	4	61.000	73-316	73-136;137-206;207-252;253-316	0.592	0.112
1ofl_A	RMSD	cl1	3	104.667	86-399	86-197;198-278;279-399	0.543	0.099
1ofl_A	RMSD	cl1	3	89.667	99-367	99-197;198-272;273-367	0.602	0.094
1ofl_A	CM	cl1	6	28.833	99-271	99-130;131-168;169-200;201-222;223-244;245-271	0.463	0.093
1ofl_A	RMSD	cl1	3	95.333	114-399	114-206;207-272;273-399	0.550	0.092
1ofl_A	CM	cl1	5	46.000	96-325	96-128;129-161;162-224;225-272;273-325	0.405	0.090
1ofl_A	VECTORS	cl1	6	29.167	99-273	99-130;131-167;168-199;200-223;224-245;246-273	0.436	0.089
1ofl_A	VECTORS	cl1	6	29.000	99-272	99-130;131-167;168-199;200-223;224-245;246-272	0.438	0.089
1ofl_A	VECTORS	cl1	4	56.750	100-325	100-137;137-184;185-239;240-325	0.467	0.082
1ofl_A	RMSD	cl1	2	147.000	23-316	23-174;175-316	0.637	0.073
1ofl_A	RMSD	cl1	2	153.500	16-322	16-174;175-322	0.608	0.073
1ofl_A	RMSD	cl1	2	129.000	73-330	73-214;215-330	0.660	0.066
1ofl_A	RMSD	cl1	2	138.000	29-304	29-174;175-304	0.614	0.066
1ofl_A	RMSD	cl1	3	73.667	114-334	114-197;198-252;253-334	0.501	0.065
1ofl_A	RMSD	cl1	2	116.000	99-330	99-224;225-330	0.700	0.063
1ofl_A	VECTORS	cl1	5	27.800	98-236	98-128;129-164;165-189;190-213;214-236	0.424	0.057
1ofl_A	RMSD	cl1	2	109.500	86-304	86-206;207-304	0.640	0.054
1ofl_A	RMSD	cl1	4	32.250	66-194	66-98;99-126;127-161;162-194	0.520	0.052
1ofl_A	VECTORS	cl1	5	26.000	146-274	146-186;187-214;215-235;236-253;253-274	0.378	0.047
1ofl_A	RMSD	cl1	4	28.500	139-252	139-176;177-206;207-230;231-252	0.485	0.043
1ofl_A	RapBase	cl1	3	33.000	96-194	96-127;128-159;160-194	0.561	0.032
1ofl_A	VECTORS	cl1	2	67.000	73-206	73-136;137-206	0.615	0.032
1ofl_A	VECTORS	cl1	5	24.000	110-231	110-140;141-174;175-197;200-213;214-231	0.270	0.032
1ofl_A	RMSD	cl1	2	27.500	59-113	59-85;86-113	0.627	0.013
1ofl_A	RMSD	cl1	2	20.000	218-257	218-237;238-257	0.651	0.010
1ofl_A	VECTORS	cl1	2	25.500	24-73	24-52;52-73	0.393	0.008
1ofl_A	VECTORS	cl1	2	17.000	41-73	41-58;58-73	0.366	0.005
1ofl_A	TREKS-16A	cl1	3	14.000	355-396	355-372;373-382;383-396	0.190	0.005
1ofl_A	VECTORS	cl1	2	16.000	231-262	231-245;246-262	0.338	0.004

>2aq9_A|TM-Score=0.717;Psim-Score=0.917;CE-Score=0.000;V-Score=0.788;L-Score=0.000;CA-Score=0.000;S-Score=0.333;RA-Score=0.456|SVM-Score=1.000
2aq9_A	TREKS-Op1	cl1_selected	12	6.583	117-195	117-122;123-129;130-136;137-142;143-148;149-154;155-160;161-166;167-173;174-180;181-189;190-195	0.692	0.291
2aq9_A	TREKS-Op1	cl1	10	6.000	118-177	118-123;124-129;130-135;136-141;142-147;148-153;154-159;160-165;166-171;172-177	0.899	0.239
2aq9_A	TREKS-Op1	cl1	10	5.800	118-175	118-123;124-128;129-134;135-140;141-146;147-152;153-158;159-164;165-170;171-175	0.855	0.220
2aq9_A	VECTORS	cl1	8	22.375	8-184	8-36;37-59;60-89;90-114;115-132;133-150;150-168;168-184	0.327	0.205
2aq9_A	TRUST-23A	cl1	12	13.167	4-172	4-15;16-27;28-39;40-51;52-63;75-93;94-112;113-124;125-136;137-148;149-160;161-172	0.193	0.174
2aq9_A	RMSD	cl1	6	24.167	3-147	3-27;28-54;55-81;82-111;112-129;130-147	0.412	0.159
2aq9_A	TREKS-Op1	cl1	9	6.556	137-195	137-142;143-148;149-154;155-160;161-166;167-173;174-180;181-189;190-195	0.674	0.159
2aq9_A	TREKS-Op2	cl1	8	19.625	28-184	28-54;55-84;85-109;110-127;128-141;142-156;157-168;169-184	0.282	0.157
2aq9_A	TREKS-Op1	cl1	8	6.000	125-172	125-130;131-136;137-142;143-148;149-154;155-160;161-166;167-172	0.908	0.155
2aq9_A	TREKS-16A	cl1	8	6.000	24-71	24-29;30-35;36-41;42-47;48-53;54-59;60-65;66-71	0.888	0.151
2aq9_A	RapBase	cl1	6	23.667	3-144	3-27;28-54;55-83;84-108;109-126;127-144	0.367	0.139
2aq9_A	RMSD	cl1	4	41.250	9-173	9-38;39-74;75-131;132-173	0.462	0.135
2aq9_A	RMSD	cl1	4	40.500	27-188	27-62;63-117;118-153;154-188	0.447	0.128
2aq9_A	VECTORS	cl1	3	55.000	25-188	25-89;90-144;144-188	0.587	0.128
2aq9_A	RMSD	cl1	3	48.333	27-171	27-74;75-129;130-171	0.595	0.115
2aq9_A	RMSD	cl1	3	60.667	0-181	0-56;57-129;130-181	0.458	0.111
2aq9_A	RMSD	cl1	6	26.000	26-181	26-52;53-82;83-111;112-135;136-159;160-181	0.264	0.109
2aq9_A	VECTORS	cl1	3	51.667	25-178	25-89;90-139;139-178	0.516	0.106
2aq9_A	RMSD	cl1	2	87.000	15-188	15-111;112-188	0.671	0.103
2aq9_A	RMSD	cl1	3	54.000	27-188	27-86;87-141;142-188	0.471	0.101
2aq9_A	VECTORS	cl1	3	42.667	52-178	52-101;102-144;144-178	0.595	0.100
2aq9_A	RMSD	cl1	2	94.000	9-196	9-111;112-196	0.587	0.098
2aq9_A	VECTORS	cl1	5	25.400	60-184	60-89;90-114;115-139;139-162;162-184	0.305	0.084
2aq9_A	VECTORS	cl1	3	38.667	60-174	60-114;115-144;144-174	0.550	0.084
2aq9_A	RMSD	cl1	2	81.000	27-188	27-117;118-188	0.573	0.082
2aq9_A	RMSD	cl1	2	69.500	9-147	9-74;75-147	0.639	0.079
2aq9_A	RMSD	cl1	2	75.500	15-165	15-92;93-165	0.568	0.076
2aq9_A	RMSD	cl1	3	47.000	25-165	25-86;87-129;130-165	0.404	0.076
2aq9_A	RapBase	cl1	3	37.333	11-122	11-39;40-68;69-122	0.435	0.065
2aq9_A	RMSD	cl1	3	38.333	57-171	57-111;112-141;142-171	0.397	0.061
2aq9_A	TREKS-Op1	cl1	4	18.000	96-167	96-113;114-131;132-149;150-167	0.406	0.052
2aq9_A	TREKS-Op1	cl1	4	17.500	96-165	96-113;114-131;132-148;149-165	0.369	0.046
2aq9_A	VECTORS	cl1	3	10.333	18-51	18-29;30-38;42-51	0.727	0.033
2aq9_A	TRUST-16A	cl1	4	12.000	14-146	14-25;38-49;123-134;135-146	0.126	0.030
2aq9_A	VECTORS	cl1	3	22.333	42-114	42-56;60-86;90-114	0.297	0.029
2aq9_A	VECTORS	cl1	6	12.333	115-184	115-126;127-139;139-150;150-162;162-174;174-184	0.145	0.027
2aq9_A	RMSD	cl1	2	26.000	50-101	50-74;75-101	0.553	0.025
2aq9_A	VECTORS	cl1	3	39.667	3-120	3-35;35-65;66-120	0.136	0.021
2aq9_A	VECTORS	cl1	2	9.500	48-69	48-56;60-69	0.821	0.016
2aq9_A	VECTORS	cl1	2	18.500	79-114	79-95;95-114	0.370	0.012
2aq9_A	TREKS-16A	cl1	3	12.000	136-171	136-147;148-159;160-171	0.226	0.011
2aq9_A	RapBase	cl1	2	29.000	117-174	117-145;146-174	0.125	0.006
2aq9_A	RMSD	cl1	2	26.000	102-153	102-129;130-153	0.125	0.006
2aq9_A	TREKS-16A	cl1	3	13.000	144-182	144-155;156-167;168-182	0.093	0.005
2aq9_A	VECTORS	cl1	2	18.500	3-38	3-23;23-38	0.125	0.004
2aq9_A	RapBase	cl1	2	18.000	136-171	136-153;154-171	0.125	0.004
2aq9_A	VECTORS	cl1	2	14.000	3-29	3-18;18-29	0.125	0.003

>1ogo_X|TM-Score=0.621;Psim-Score=0.875;CE-Score=0.308;V-Score=0.733;L-Score=0.000;CA-Score=0.000;S-Score=0.417;RA-Score=0.229|SVM-Score=0.978
1ogo_X	TREKS-23A	cl1_selected	2	10.000	97-116	97-107;108-116	0.657	0.691
1ogo_X	TREKS-Op1	cl2_selected	3	6.667	199-218	199-204;205-212;213-218	0.741	0.781
1ogo_X	RMSD	cl3_selected	2	145.500	260-550	260-391;392-550	0.604	0.155
1ogo_X	RMSD	cl3	2	158.500	234-550	234-372;373-550	0.551	0.154
1ogo_X	RMSD	cl3	2	136.000	269-540	269-391;392-540	0.591	0.142
1ogo_X	VECTORS	cl3	7	28.857	240-443	240-288;289-331;332-356;357-380;381-402;403-423;426-443	0.205	0.130
1ogo_X	TREKS-Op1	cl3	6	29.500	241-417	241-289;290-330;331-356;357-378;379-399;400-417	0.262	0.123
1ogo_X	RMSD	cl3	2	117.000	307-540	307-413;414-540	0.585	0.121
1ogo_X	RMSD	cl3	2	122.500	269-513	269-372;373-513	0.507	0.110
1ogo_X	RMSD	cl3	3	55.667	326-492	326-372;373-422;423-492	0.494	0.109
1ogo_X	RMSD	cl3	2	103.500	307-513	307-398;399-513	0.544	0.100
1ogo_X	RMSD	cl3	2	83.500	326-492	326-398;399-492	0.633	0.093
1ogo_X	RMSD	cl3	2	81.000	352-513	352-422;423-513	0.602	0.086
1ogo_X	VECTORS	cl3	2	84.000	288-455	288-381;382-455	0.575	0.085
1ogo_X	TREKS-Op2	cl3	5	26.600	289-421	289-330;331-356;357-378;379-399;400-421	0.270	0.079
1ogo_X	RMSD	cl3	2	64.000	423-550	423-492;493-550	0.589	0.067
1ogo_X	RMSD	cl3	2	46.000	329-420	329-374;375-420	0.634	0.052
1ogo_X	TREKS-Op1	cl3	3	22.333	379-445	379-399;400-421;422-445	0.465	0.041
1ogo_X	VECTORS	cl3	2	41.000	261-341	261-288;288-341	0.395	0.028
1ogo_X	VECTORS	cl3	2	27.500	482-541	482-508;514-541	0.531	0.028
1ogo_X	VECTORS	cl3	2	18.500	227-271	227-244;253-271	0.381	0.015

>1rwr_A|TM-Score=0.752;Psim-Score=0.857;CE-Score=0.375;V-Score=0.921;L-Score=0.000;CA-Score=0.000;S-Score=0.345;RA-Score=0.328|SVM-Score=1.000
1rwr_A	VECTORS	cl1_selected	4	22.250	8-95	8-33;34-59;60-83;83-95	0.195	0.952
1rwr_A	TREKS-Op1	cl1	3	6.333	6-24	6-13;14-18;19-24	0.676	0.535
1rwr_A	RapBase	cl2_selected	6	29.333	115-290	115-163;164-204;205-226;227-248;249-269;270-290	0.413	0.360
1rwr_A	RMSD	cl2	2	86.500	105-277	105-187;188-277	0.551	0.157
1rwr_A	VECTORS	cl2	4	21.000	215-296	215-236;237-256;256-276;276-296	0.579	0.157
1rwr_A	RMSD	cl2	2	74.500	58-206	58-140;141-206	0.559	0.137
1rwr_A	RMSD	cl2	2	62.500	96-220	96-154;155-220	0.602	0.124
1rwr_A	TREKS-16A	cl2	4	7.750	231-261	231-239;240-245;246-253;254-261	0.797	0.082
1rwr_A	TREKS-Op1	cl2	4	6.750	259-285	259-263;264-270;271-278;279-285	0.695	0.062
1rwr_A	VECTORS	cl2	2	20.500	256-296	256-275;276-296	0.757	0.051
1rwr_A	TREKS-16A	cl2	3	9.000	254-280	254-264;265-271;272-280	0.653	0.044
1rwr_A	TREKS-Op1	cl2	3	8.000	264-287	264-270;271-278;279-287	0.733	0.044
1rwr_A	TREKS-16A	cl2	3	6.667	240-259	240-245;246-253;254-259	0.837	0.041
1rwr_A	TREKS-16A	cl2	3	6.333	240-258	240-245;246-253;254-258	0.811	0.038
1rwr_A	VECTORS	cl2	2	23.500	211-256	211-237;237-256	0.484	0.037
1rwr_A	TREKS-Op1	cl2	2	10.000	228-247	228-237;238-247	0.587	0.019
1rwr_A	VECTORS	cl2	2	17.500	117-152	117-131;133-152	0.233	0.014

>1czf_A|TM-Score=0.762;Psim-Score=0.667;CE-Score=0.614;V-Score=0.568;L-Score=0.000;CA-Score=0.000;S-Score=0.395;RA-Score=0.290|SVM-Score=1.000
1czf_A	CESymm	cl1_selected	12	27.667	2-333	2-21;22-45;46-72;73-112;113-134;135-165;166-186;187-215;216-245;246-283;284-311;312-333	0.369	8.749
1czf_A	RMSD	cl2_selected	5	58.000	30-319	30-89;90-145;146-193;194-251;252-319	0.534	0.408
1czf_A	VECTORS	cl2	6	28.667	129-300	129-159;160-180;181-203;204-230;231-260;261-300	0.486	0.265
1czf_A	RMSD	cl2	3	88.333	39-303	39-128;129-204;205-303	0.577	0.242
1czf_A	RMSD	cl2	3	93.333	24-303	24-119;120-204;205-303	0.523	0.232
1czf_A	VECTORS	cl2	3	89.333	48-315	48-134;135-219;220-315	0.545	0.231
1czf_A	RMSD	cl2	5	29.000	146-290	146-172;173-193;194-222;223-251;252-290	0.526	0.201
1czf_A	RMSD	cl2	3	79.333	48-285	48-128;129-193;194-285	0.486	0.183
1czf_A	RMSD	cl2	3	74.333	57-279	57-128;129-187;188-279	0.496	0.175
1czf_A	VECTORS	cl2	4	42.500	127-296	127-159;160-180;181-230;231-296	0.475	0.170
1czf_A	VECTORS	cl2	3	65.667	67-262	67-127;127-180;181-262	0.518	0.161
1czf_A	RMSD	cl2	3	56.667	158-327	158-187;188-264;265-327	0.565	0.152
1czf_A	RMSD	cl2	2	127.500	17-271	17-128;129-271	0.547	0.147
1czf_A	RMSD	cl2	2	126.500	39-291	39-145;146-291	0.530	0.141
1czf_A	CM	cl2	4	28.000	59-170	59-96;97-118;119-140;141-170	0.462	0.109
1czf_A	RapBase	cl2	3	32.000	196-291	196-224;225-253;254-291	0.601	0.091
1czf_A	VECTORS	cl2	3	32.667	193-289	193-220;220-250;251-289	0.589	0.090
1czf_A	RMSD	cl2	2	67.000	158-291	158-193;194-291	0.606	0.086
1czf_A	CM	cl2	3	24.667	121-194	121-150;151-172;173-194	0.679	0.079
1czf_A	CM	cl2	3	25.667	121-197	121-147;148-172;173-197	0.638	0.078
1czf_A	VECTORS	cl2	2	60.500	170-290	170-205;206-290	0.570	0.073
1czf_A	RMSD	cl2	2	49.000	75-172	75-128;129-172	0.536	0.055
1czf_A	VECTORS	cl2	2	30.500	31-90	31-56;56-90	0.534	0.034
1czf_A	RMSD	cl2	2	26.500	113-165	113-134;135-165	0.586	0.033
1czf_A	VECTORS	cl2	3	21.333	15-77	15-38;39-56;56-77	0.122	0.012

>1p9h_A|TM-Score=0.841;Psim-Score=0.905;CE-Score=0.555;V-Score=0.950;L-Score=0.000;CA-Score=0.000;S-Score=0.000;RA-Score=0.000|SVM-Score=1.000
1p9h_A	CESymm	cl1_selected	10	14.700	1-147	1-24;25-40;41-52;53-68;69-82;83-94;95-108;109-122;123-138;139-147	0.525	0.522
1p9h_A	TREKS-Op1	cl1	10	7.200	23-94	23-29;30-36;37-43;44-50;51-57;58-64;65-71;72-78;79-86;87-94	0.816	0.397
1p9h_A	TRUST-16A	cl1	8	14.000	23-134	23-36;37-50;51-64;65-78;79-91;92-104;105-118;119-134	0.570	0.345
1p9h_A	TRUST-23A	cl1	8	14.000	33-144	33-46;47-60;61-74;75-87;88-100;101-114;115-130;131-144	0.548	0.332
1p9h_A	TREKS-16A	cl1	8	7.000	23-78	23-29;30-36;37-43;44-50;51-57;58-64;65-71;72-78	0.945	0.286
1p9h_A	TREKS-Op1	cl1	8	7.250	37-94	37-43;44-50;51-57;58-64;65-71;72-78;79-86;87-94	0.802	0.251
1p9h_A	TREKS-16A	cl1	7	14.000	47-144	47-60;61-74;75-87;88-100;101-114;115-130;131-144	0.531	0.246
1p9h_A	VECTORS	cl1	7	13.857	29-125	29-43;43-57;57-71;71-82;85-95;98-111;111-125	0.480	0.220
1p9h_A	VECTORS	cl1	4	30.500	3-125	3-42;43-71;71-95;98-125	0.651	0.216
1p9h_A	RMSD	cl1	4	30.500	3-124	3-41;42-69;70-95;96-124	0.651	0.215
1p9h_A	TREKS-Op1	cl1	7	13.857	1-97	1-15;16-26;27-40;41-54;55-68;69-82;83-97	0.401	0.184
1p9h_A	VECTORS	cl1	5	21.000	29-132	29-48;51-71;71-89;89-111;111-132	0.445	0.156
1p9h_A	TREKS-Op1	cl1	5	13.800	27-95	27-40;41-54;55-68;69-81;82-95	0.654	0.153
1p9h_A	TREKS-Op2	cl1	6	6.833	83-123	83-89;90-95;96-102;103-109;110-116;117-123	0.896	0.149
1p9h_A	VECTORS	cl1	3	33.333	29-132	29-62;65-95;98-132	0.699	0.147
1p9h_A	TREKS-Op1	cl1	6	7.333	51-94	51-57;58-64;65-71;72-78;79-86;87-94	0.817	0.146
1p9h_A	VECTORS	cl1	3	36.667	3-111	3-43;43-71;72-111	0.645	0.142
1p9h_A	RMSD	cl1	3	27.333	35-116	35-62;63-89;90-116	0.846	0.141
1p9h_A	RMSD	cl1	3	34.667	21-124	21-55;56-89;90-124	0.648	0.137
1p9h_A	RMSD	cl1	2	58.000	21-136	21-76;77-136	0.805	0.126
1p9h_A	VECTORS	cl1	2	62.000	3-125	3-71;71-125	0.757	0.126
1p9h_A	VECTORS	cl1	3	27.000	51-132	51-76;76-102;105-132	0.734	0.122
1p9h_A	VECTORS	cl1	3	30.333	57-148	57-82;85-111;111-148	0.629	0.117
1p9h_A	TREKS-Op1	cl1	7	13.714	48-143	48-61;62-75;76-88;89-101;102-115;116-131;132-143	0.242	0.110
1p9h_A	RMSD	cl1	2	62.500	0-124	0-62;63-124	0.630	0.106
1p9h_A	RMSD	cl1	2	51.000	35-136	35-82;83-136	0.755	0.104
1p9h_A	TREKS-Op2	cl1	5	7.200	49-84	49-55;56-62;63-69;70-76;77-84	0.815	0.099
1p9h_A	TREKS-16A	cl1	5	6.800	90-123	90-95;96-102;103-109;110-116;117-123	0.857	0.098
1p9h_A	VECTORS	cl1	2	53.500	3-111	3-62;65-111	0.661	0.097
1p9h_A	RMSD	cl1	2	41.500	42-124	42-82;83-124	0.858	0.096
1p9h_A	TREKS-16A	cl1	5	14.200	32-102	32-45;46-59;60-73;74-88;89-102	0.380	0.091
1p9h_A	TREKS-16A	cl1	6	12.833	32-108	32-45;46-59;60-73;74-84;85-96;97-108	0.291	0.091
1p9h_A	VECTORS	cl1	2	47.000	3-95	3-57;57-95	0.695	0.087
1p9h_A	TREKS-Op2	cl1	5	14.000	75-144	75-87;88-100;101-114;115-130;131-144	0.355	0.084
1p9h_A	TREKS-Op1	cl1	5	13.800	76-144	76-88;89-101;102-115;116-131;132-144	0.350	0.082
1p9h_A	TREKS-Op1	cl1	5	13.200	27-92	27-40;41-54;55-68;69-79;80-92	0.350	0.078
1p9h_A	TREKS-16A	cl1	6	13.167	32-110	32-45;46-59;60-73;74-84;85-97;98-110	0.244	0.078
1p9h_A	TREKS-16A	cl1	4	7.000	51-78	51-57;58-64;65-71;72-78	0.953	0.072
1p9h_A	TREKS-16A	cl1	4	14.500	88-145	88-100;101-114;115-130;131-145	0.387	0.061
1p9h_A	TREKS-Op1	cl1	4	7.500	65-94	65-71;72-78;79-86;87-94	0.698	0.057
1p9h_A	TREKS-16A	cl1	4	14.000	89-144	89-101;102-115;116-131;132-144	0.350	0.053
1p9h_A	TREKS-Op2	cl1	3	7.000	59-79	59-65;66-72;73-79	0.959	0.041
1p9h_A	TREKS-23A	cl1	3	15.667	97-143	97-110;111-126;127-143	0.388	0.037
1p9h_A	TREKS-23A	cl1	3	14.667	97-140	97-110;111-126;127-140	0.406	0.036
1p9h_A	TREKS-Op1	cl1	3	7.000	103-123	103-109;110-116;117-123	0.793	0.034
1p9h_A	TREKS-16A	cl1	3	12.333	73-109	73-85;86-97;98-109	0.427	0.032
1p9h_A	TREKS-Op1	cl1	5	12.800	48-111	48-61;62-75;76-88;89-101;102-111	0.090	0.020
1p9h_A	TREKS-16A	cl1	2	15.500	115-145	115-130;131-145	0.406	0.017
1p9h_A	TREKS-16A	cl1	2	14.000	114-141	114-127;128-141	0.363	0.014
1p9h_A	TREKS-16A	cl1	3	13.000	73-111	73-85;86-98;99-111	0.142	0.011
1p9h_A	TREKS-16A	cl1	3	13.000	89-127	89-101;102-115;116-127	0.133	0.010
1p9h_A	TREKS-16A	cl1	2	14.500	116-144	116-131;132-144	0.125	0.005

>1ee6_A|TM-Score=0.705;Psim-Score=0.812;CE-Score=0.632;V-Score=0.875;L-Score=0.000;CA-Score=0.000;S-Score=0.000;RA-Score=0.654|SVM-Score=1.000
1ee6_A	CESymm	cl1_selected	8	23.750	4-193	4-37;38-55;56-76;77-99;100-121;122-148;149-171;172-193	0.450	0.438
1ee6_A	TREKS-Op1	cl1	8	23.250	9-194	9-41;42-63;64-83;84-106;107-128;129-155;156-178;179-194	0.406	0.387
1ee6_A	TRUST-16A	cl1	5	23.000	66-180	66-86;87-109;110-131;132-157;158-180	0.617	0.227
1ee6_A	TREKS-Op1	cl1	5	31.000	40-194	40-79;80-124;125-150;151-174;175-194	0.433	0.215
1ee6_A	RMSD	cl1	4	41.000	20-183	20-75;76-119;120-160;161-183	0.458	0.193
1ee6_A	VECTORS	cl1	3	65.333	1-196	1-96;97-161;162-196	0.466	0.176
1ee6_A	VECTORS	cl1	3	49.333	7-153	7-59;60-104;104-153	0.585	0.165
1ee6_A	VECTORS	cl1	3	49.000	6-152	6-59;60-103;104-152	0.584	0.165
1ee6_A	VECTORS	cl1	4	34.500	40-175	40-80;81-114;114-146;146-175	0.455	0.159
1ee6_A	RMSD	cl1	3	57.333	12-183	12-80;81-135;136-183	0.477	0.158
1ee6_A	RMSD	cl1	3	41.333	60-183	60-96;97-145;146-183	0.645	0.154
1ee6_A	VECTORS	cl1	4	24.500	81-175	81-104;104-127;127-153;153-175	0.624	0.152
1ee6_A	RapBase	cl1	4	23.500	83-176	83-105;106-128;129-152;153-176	0.617	0.149
1ee6_A	RMSD	cl1	2	75.000	34-183	34-111;112-183	0.656	0.126
1ee6_A	RMSD	cl1	2	89.000	6-183	6-96;97-183	0.545	0.124
1ee6_A	VECTORS	cl1	3	34.667	73-176	73-96;97-126;127-176	0.574	0.115
1ee6_A	RMSD	cl1	2	65.000	47-176	47-111;112-176	0.665	0.111
1ee6_A	VECTORS	cl1	2	55.000	73-182	73-126;127-182	0.657	0.093
1ee6_A	VECTORS	cl1	2	55.000	60-169	60-113;114-169	0.638	0.090
1ee6_A	RMSD	cl1	3	23.667	90-160	90-111;112-135;136-160	0.655	0.089
1ee6_A	VECTORS	cl1	2	57.500	49-162	49-104;104-162	0.583	0.085
1ee6_A	VECTORS	cl1	2	50.000	14-113	14-67;68-113	0.616	0.079
1ee6_A	VECTORS	cl1	2	46.000	4-97	4-57;60-97	0.554	0.067
1ee6_A	VECTORS	cl1	5	17.200	81-162	81-97;97-114;114-127;127-146;146-162	0.184	0.048
1ee6_A	RapBase	cl1	2	24.000	81-128	81-104;105-128	0.758	0.047
1ee6_A	RapBase	cl1	2	23.000	114-159	114-136;137-159	0.682	0.040
1ee6_A	VECTORS	cl1	3	20.667	4-67	4-20;20-45;49-67	0.177	0.022
1ee6_A	VECTORS	cl1	2	17.500	81-114	81-97;97-114	0.404	0.018
1ee6_A	TREKS-Op1	cl1	2	10.500	77-97	77-86;87-97	0.602	0.016
1ee6_A	TREKS-16A	cl1	2	10.500	37-57	37-46;47-57	0.515	0.014
1ee6_A	TREKS-16A	cl1	2	7.000	39-52	39-45;46-52	0.764	0.014
1ee6_A	VECTORS	cl1	2	12.500	170-196	170-182;185-196	0.287	0.010

>1nhc_A|TM-Score=0.755;Psim-Score=0.726;CE-Score=0.578;V-Score=0.644;L-Score=0.000;CA-Score=0.000;S-Score=0.430;RA-Score=0.360|SVM-Score=1.000
1nhc_A	CESymm	cl1_selected	10	26.400	16-301	16-37;40-65;67-105;107-128;129-158;160-180;182-201;211-231;239-261;262-301	0.441	0.405
1nhc_A	VECTORS	cl1	10	24.800	19-266	19-47;48-76;77-105;106-129;130-160;161-183;184-207;208-236;237-253;254-266	0.380	0.303
1nhc_A	TRUST-16A	cl1	7	23.857	58-314	58-76;100-120;121-141;142-172;173-194;222-252;293-314	0.461	0.267
1nhc_A	VECTORS	cl1	5	48.600	59-301	59-121;122-160;161-181;182-231;232-301	0.410	0.160
1nhc_A	RMSD	cl1	3	100.333	17-317	17-106;107-196;197-317	0.550	0.160
1nhc_A	VECTORS	cl1	6	28.833	130-302	130-160;161-181;182-204;205-232;233-262;263-302	0.458	0.153
1nhc_A	RMSD	cl1	3	86.667	64-323	64-158;159-235;236-323	0.551	0.138
1nhc_A	RMSD	cl1	3	78.667	57-292	57-135;136-194;195-292	0.528	0.120
1nhc_A	RMSD	cl1	3	72.667	75-292	75-158;159-205;206-292	0.553	0.116
1nhc_A	RMSD	cl1	3	72.333	64-280	64-135;136-188;189-280	0.506	0.106
1nhc_A	VECTORS	cl1	3	68.667	77-281	77-136;136-189;190-281	0.518	0.102
1nhc_A	RMSD	cl1	3	58.333	91-265	91-158;159-194;195-265	0.606	0.102
1nhc_A	VECTORS	cl1	4	42.250	130-298	130-160;161-181;182-231;232-298	0.426	0.093
1nhc_A	RMSD	cl1	2	125.000	24-273	24-146;147-273	0.547	0.088
1nhc_A	RMSD	cl1	2	118.000	38-273	38-158;159-273	0.568	0.086
1nhc_A	RMSD	cl1	3	50.000	167-316	167-194;195-253;254-316	0.575	0.083
1nhc_A	CESymm	cl1	4	28.500	210-327	210-238;239-277;278-301;306-327	0.511	0.078
1nhc_A	RMSD	cl1	2	108.000	38-253	38-146;147-253	0.557	0.077
1nhc_A	RMSD	cl1	2	109.000	75-292	75-179;180-292	0.507	0.071
1nhc_A	RapBase	cl1	3	32.333	206-302	206-234;235-263;264-302	0.564	0.053
1nhc_A	RMSD	cl1	3	29.667	147-235	147-172;173-194;195-235	0.590	0.051
1nhc_A	CM	cl1	3	24.667	122-195	122-151;152-173;174-195	0.683	0.049
1nhc_A	CM	cl1	3	25.667	122-198	122-148;149-173;174-198	0.634	0.047
1nhc_A	CM	cl1	3	30.000	211-300	211-235;236-260;261-300	0.526	0.046
1nhc_A	CM	cl1	3	25.000	98-172	98-119;120-141;142-172	0.593	0.043
1nhc_A	RMSD	cl1	2	49.000	75-172	75-135;136-172	0.551	0.035
1nhc_A	RMSD	cl1	2	43.500	206-292	206-253;254-292	0.552	0.031
1nhc_A	VECTORS	cl1	2	27.500	114-167	114-136;136-167	0.649	0.023
1nhc_A	VECTORS	cl1	2	34.000	41-107	41-68;68-107	0.493	0.021
1nhc_A	VECTORS	cl1	2	26.500	56-107	56-77;77-107	0.311	0.010
1nhc_A	VECTORS	cl1	2	17.500	114-147	114-130;130-147	0.407	0.009

>1ook_G|TM-Score=0.847;Psim-Score=0.833;CE-Score=0.600;V-Score=0.817;L-Score=0.000;CA-Score=0.000;S-Score=0.869;RA-Score=0.589|SVM-Score=1.000
1ook_G	CESymm	cl1_selected	10	25.100	1-254	1-22;23-43;44-67;68-88;89-112;113-136;137-160;161-183;184-207;211-254	0.500	0.500
1ook_G	TREKS-23A	cl1	8	22.375	8-186	8-30;31-53;54-76;77-99;100-120;121-141;142-162;163-186	0.504	0.284
1ook_G	TREKS-Op1	cl1	6	29.667	31-208	31-72;73-112;113-136;137-160;161-184;185-208	0.601	0.253
1ook_G	TREKS-Op1	cl1	6	29.333	31-206	31-72;73-112;113-136;137-160;161-184;185-206	0.599	0.249
1ook_G	TREKS-23A	cl1	6	30.833	13-197	13-57;58-102;103-126;127-150;151-174;175-197	0.560	0.245
1ook_G	TREKS-Op1	cl1	6	29.000	31-204	31-72;73-112;113-136;137-160;161-184;185-204	0.593	0.244
1ook_G	TREKS-23A	cl1	6	28.167	31-199	31-61;62-106;107-130;131-154;155-178;179-199	0.563	0.225
1ook_G	TREKS-Op1	cl1	6	23.500	80-220	80-102;103-126;127-150;151-174;175-197;198-220	0.665	0.221
1ook_G	RMSD	cl1	5	36.600	23-205	23-51;52-74;75-115;116-163;164-205	0.607	0.219
1ook_G	VECTORS	cl1	4	36.500	31-204	31-76;77-109;124-157;172-204	0.684	0.187
1ook_G	TREKS-Op1	cl1	5	23.200	99-214	99-122;123-146;147-170;171-192;193-214	0.723	0.165
1ook_G	VECTORS	cl1	3	59.667	12-204	12-76;77-133;148-204	0.696	0.159
1ook_G	RMSD	cl1	3	68.667	0-205	0-51;52-115;116-205	0.633	0.154
1ook_G	TREKS-Op1	cl1	6	20.333	9-130	9-30;31-52;53-74;75-96;97-115;116-130	0.526	0.152
1ook_G	TREKS-Op1	cl1	4	23.000	98-189	98-121;122-145;146-169;170-189	0.834	0.121
1ook_G	TREKS-Op2	cl1	4	24.250	118-214	118-141;142-165;166-189;190-214	0.775	0.118
1ook_G	RMSD	cl1	3	51.667	9-163	9-51;52-91;92-163	0.633	0.116
1ook_G	RMSD	cl1	2	91.500	23-205	23-91;92-205	0.694	0.100
1ook_G	RMSD	cl1	2	103.000	0-205	0-74;75-205	0.606	0.098
1ook_G	VECTORS	cl1	3	21.667	8-74	8-30;31-53;56-74	0.493	0.039
1ook_G	TREKS-23A	cl1	2	24.000	137-184	137-160;161-184	0.843	0.032
1ook_G	CM	cl1	2	22.000	29-72	29-50;51-72	0.625	0.022
1ook_G	TREKS-Op1	cl1	3	10.000	115-144	115-124;125-134;135-144	0.595	0.021
1ook_G	TREKS-16A	cl1	2	12.000	113-136	113-126;127-136	0.613	0.012
1ook_G	TREKS-16A	cl1	2	11.000	121-142	121-131;132-142	0.509	0.009

>1qcx_A|TM-Score=0.697;Psim-Score=0.728;CE-Score=0.387;V-Score=0.715;L-Score=0.000;CA-Score=0.000;S-Score=0.549;RA-Score=0.333|SVM-Score=0.999
1qcx_A	TRUST-23A	cl1_selected	7	26.714	100-286	100-129;130-158;159-181;182-216;217-240;241-263;264-286	0.535	0.461
1qcx_A	RMSD	cl1	4	52.500	107-316	107-151;152-196;197-253;254-316	0.517	0.286
1qcx_A	RMSD	cl1	4	53.000	106-317	106-151;152-201;202-254;255-317	0.506	0.283
1qcx_A	RapBase	cl1	4	40.000	107-266	107-151;152-208;209-237;238-266	0.453	0.191
1qcx_A	RMSD	cl1	4	27.750	124-234	124-151;152-174;175-201;202-234	0.570	0.167
1qcx_A	RMSD	cl1	3	51.667	138-292	138-182;183-233;234-292	0.527	0.161
1qcx_A	RMSD	cl1	2	93.500	106-292	106-191;192-292	0.621	0.153
1qcx_A	RMSD	cl1	4	25.250	184-284	184-217;218-240;241-263;264-284	0.574	0.153
1qcx_A	RMSD	cl1	2	85.000	123-292	123-201;202-292	0.654	0.146
1qcx_A	RMSD	cl1	2	74.000	116-263	116-182;183-263	0.645	0.126
1qcx_A	RMSD	cl1	2	55.500	123-233	123-174;175-233	0.728	0.106
1qcx_A	RMSD	cl1	2	62.500	116-240	116-174;175-240	0.644	0.106
1qcx_A	RMSD	cl1	3	31.667	146-240	146-174;175-210;211-240	0.505	0.095
1qcx_A	CM	cl1	3	30.333	175-265	175-209;210-237;238-265	0.512	0.092
1qcx_A	VECTORS	cl1	3	24.000	226-295	226-249;249-272;272-295	0.639	0.088
1qcx_A	RMSD	cl1	2	38.000	217-292	217-248;249-292	0.602	0.060
1qcx_A	RapBase	cl1	2	29.000	139-196	139-167;168-196	0.659	0.050
1qcx_A	VECTORS	cl1	2	30.500	167-226	167-192;192-226	0.619	0.049
1qcx_A	CM	cl1	2	28.000	134-189	134-161;162-189	0.660	0.049
1qcx_A	RapBase	cl1	2	29.000	118-175	118-146;147-175	0.599	0.046
1qcx_A	RMSD	cl1	2	26.500	211-263	211-233;234-263	0.637	0.044
1qcx_A	VECTORS	cl1	2	12.000	148-173	148-159;162-173	0.412	0.014
1qcx_A	VECTORS	cl1	2	15.500	266-295	266-278;278-295	0.333	0.013
1qcx_A	VECTORS	cl1	2	16.000	219-249	219-231;231-249	0.125	0.005

>1rmg_A|TM-Score=0.758;Psim-Score=0.917;CE-Score=0.503;V-Score=0.628;L-Score=0.000;CA-Score=0.000;S-Score=0.584;RA-Score=0.561|SVM-Score=1.000
1rmg_A	CESymm	cl1_selected	12	27.500	26-357	26-53;54-75;76-103;106-139;140-163;164-188;189-210;211-238;239-265;266-301;302-333;334-357	0.357	0.333
1rmg_A	TRUST-23A	cl1	9	25.667	69-316	69-91;92-128;129-151;152-177;178-198;199-220;221-248;249-276;294-316	0.504	0.263
1rmg_A	VECTORS	cl1	5	56.000	72-350	72-135;136-185;185-226;227-281;282-350	0.535	0.175
1rmg_A	VECTORS	cl1	5	54.000	63-332	63-121;122-171;172-215;216-265;266-332	0.536	0.169
1rmg_A	RMSD	cl1	6	39.000	89-322	89-147;148-194;195-227;228-255;256-286;287-322	0.508	0.167
1rmg_A	TREKS-16A	cl1	7	26.286	31-214	31-59;60-88;89-125;126-148;149-174;175-195;196-214	0.522	0.157
1rmg_A	VECTORS	cl1	6	26.000	60-216	60-88;89-125;126-148;149-169;172-193;193-216	0.580	0.128
1rmg_A	CM	cl1	4	60.250	94-334	94-143;144-193;194-265;266-334	0.480	0.108
1rmg_A	RMSD	cl1	3	84.000	86-337	86-172;173-245;246-337	0.589	0.104
1rmg_A	VECTORS	cl1	4	48.000	73-264	73-136;137-184;185-229;230-264	0.568	0.102
1rmg_A	RMSD	cl1	3	99.000	86-382	86-194;195-274;275-382	0.486	0.101
1rmg_A	VECTORS	cl1	4	45.750	136-320	136-169;172-206;207-252;253-320	0.562	0.097
1rmg_A	RMSD	cl1	3	74.000	119-340	119-194;195-245;246-340	0.582	0.091
1rmg_A	RMSD	cl1	3	91.667	48-322	48-105;106-227;228-322	0.445	0.086
1rmg_A	RMSD	cl1	2	143.000	56-341	56-194;195-341	0.630	0.084
1rmg_A	RMSD	cl1	2	151.500	48-350	48-194;195-350	0.592	0.084
1rmg_A	RMSD	cl1	3	74.333	119-341	119-217;218-274;275-341	0.525	0.082
1rmg_A	RMSD	cl1	3	63.333	119-308	119-172;173-217;218-308	0.555	0.074
1rmg_A	RMSD	cl1	2	130.000	63-322	63-194;195-322	0.543	0.066
1rmg_A	CM	cl1	4	28.750	206-320	206-230;231-255;256-280;281-320	0.529	0.057
1rmg_A	RapBase	cl1	4	29.500	203-320	203-227;228-252;253-280;281-320	0.502	0.055
1rmg_A	TREKS-16A	cl1	4	26.250	90-194	90-126;127-149;150-171;172-194	0.558	0.055
1rmg_A	RMSD	cl1	2	104.000	48-255	48-118;119-255	0.523	0.051
1rmg_A	VECTORS	cl1	4	26.750	246-351	246-273;274-308;309-333;333-351	0.450	0.045
1rmg_A	CM	cl1	3	31.667	227-321	227-254;255-282;283-321	0.662	0.044
1rmg_A	RapBase	cl1	3	32.000	226-321	226-254;255-283;284-321	0.649	0.044
1rmg_A	VECTORS	cl1	3	31.667	216-309	216-244;244-273;274-309	0.628	0.041
1rmg_A	VECTORS	cl1	3	30.333	230-321	230-255;257-281;282-321	0.612	0.040
1rmg_A	CM	cl1	3	29.000	94-180	94-130;131-155;156-180	0.608	0.037
1rmg_A	TREKS-Op2	cl1	3	28.000	90-173	90-126;127-149;150-173	0.607	0.036
1rmg_A	TREKS-16A	cl1	3	27.667	90-172	90-126;127-149;150-172	0.582	0.034
1rmg_A	TREKS-23A	cl1	3	27.333	94-175	94-130;131-153;154-175	0.564	0.032
1rmg_A	RMSD	cl1	2	36.000	218-289	218-253;254-289	0.628	0.021
1rmg_A	CM	cl1	2	25.000	161-210	161-185;186-210	0.672	0.016
1rmg_A	VECTORS	cl1	2	23.000	50-96	50-69;71-96	0.430	0.009
1rmg_A	VECTORS	cl1	2	18.500	61-96	61-79;79-96	0.386	0.006

>2v70_A|TM-Score=0.743;Psim-Score=0.846;CE-Score=0.591;V-Score=0.972;L-Score=0.000;CA-Score=0.000;S-Score=0.678;RA-Score=0.624|SVM-Score=1.000
2v70_A	CESymm	cl1_selected	8	22.375	7-189	7-20;21-41;43-66;67-90;91-114;115-138;139-162;166-189	0.500	0.469
2v70_A	TRUST-16A	cl1	7	23.857	3-195	3-27;28-52;53-76;77-100;101-124;125-148;175-195	0.460	0.399
2v70_A	TRUST-23A	cl1	6	23.667	11-152	11-31;32-56;57-80;81-104;105-128;129-152	0.656	0.358
2v70_A	TREKS-16A	cl1	6	23.833	20-162	20-40;41-65;66-89;90-114;115-138;139-162	0.618	0.340
2v70_A	TREKS-16A	cl1	5	23.000	52-166	52-75;76-99;100-123;124-147;148-166	0.645	0.238
2v70_A	RMSD	cl1	3	49.667	9-157	9-49;50-93;94-157	0.625	0.179
2v70_A	TREKS-23A	cl1	4	25.750	53-155	53-78;79-107;108-131;132-155	0.661	0.175
2v70_A	TREKS-Op1	cl1	8	5.875	108-154	108-112;113-120;121-125;126-131;132-136;137-143;144-148;149-154	0.688	0.166
2v70_A	RMSD	cl1	3	43.667	27-157	27-73;74-117;118-157	0.633	0.159
2v70_A	CM	cl1	3	42.667	10-137	10-49;50-89;90-137	0.642	0.158
2v70_A	TREKS-23A	cl1	4	23.000	69-160	69-92;93-116;117-136;137-160	0.658	0.155
2v70_A	RMSD	cl1	2	79.000	0-157	0-62;63-157	0.590	0.119
2v70_A	RMSD	cl1	2	66.500	9-141	9-62;63-141	0.670	0.114
2v70_A	TREKS-Op1	cl1	3	25.667	24-100	24-49;50-74;75-100	0.615	0.091
2v70_A	VECTORS	cl1	2	34.000	78-159	78-111;126-159	0.801	0.084
2v70_A	TREKS-Op1	cl1	3	22.667	15-82	15-35;36-60;61-82	0.475	0.062
2v70_A	RapBase	cl1	2	25.000	35-84	35-59;60-84	0.665	0.043
2v70_A	VECTORS	cl1	2	22.500	29-75	29-53;56-75	0.553	0.033
2v70_A	TREKS-Op1	cl1	3	12.000	99-134	99-110;111-122;123-134	0.441	0.031
2v70_A	TREKS-Op1	cl1	4	12.750	61-111	61-73;74-84;85-98;99-111	0.130	0.017
2v70_A	TREKS-Op1	cl1	2	13.000	108-133	108-120;121-133	0.281	0.009

>1tdt_A|TM-Score=0.636;Psim-Score=0.788;CE-Score=0.016;V-Score=0.729;L-Score=0.000;CA-Score=0.000;S-Score=0.498;RA-Score=0.315|SVM-Score=0.986
1tdt_A	TREKS-Op1	cl1_selected	11	5.818	105-168	105-110;111-116;117-122;123-127;128-133;134-139;140-145;146-151;152-157;158-163;164-168	0.847	0.695
1tdt_A	TREKS-Op1	cl1	9	5.778	117-168	117-122;123-127;128-133;134-139;140-145;146-151;152-157;158-163;164-168	0.837	0.457
1tdt_A	TREKS-Op1	cl1	9	5.667	118-168	118-123;124-128;129-134;135-140;141-146;147-152;153-157;158-163;164-168	0.793	0.424
1tdt_A	VECTORS	cl1	2	46.500	115-206	115-156;156-206	0.737	0.158
1tdt_A	VECTORS	cl1	3	35.667	100-205	100-131;131-161;162-205	0.411	0.152
1tdt_A	RMSD	cl1	2	52.000	113-216	113-158;159-216	0.586	0.142
1tdt_A	VECTORS	cl1	3	33.333	100-198	100-124;124-149;150-198	0.347	0.120
1tdt_A	TREKS-Op1	cl1	6	12.333	125-198	125-136;137-148;149-160;161-174;175-186;187-198	0.141	0.073
1tdt_A	TREKS-Op1	cl1	3	11.333	125-158	125-136;137-147;148-158	0.419	0.050
1tdt_A	VECTORS	cl1	5	12.000	100-161	100-111;115-124;124-137;138-149;150-161	0.105	0.038
1tdt_A	RMSD	cl1	2	46.000	118-209	118-158;159-209	0.125	0.027
1tdt_A	RMSD	cl1	2	40.500	129-209	129-168;169-209	0.125	0.024
1tdt_A	RapBase	cl1	2	35.000	133-202	133-167;168-202	0.125	0.020
1tdt_A	VECTORS	cl1	2	18.500	120-156	120-137;138-156	0.125	0.011
1tdt_A	TREKS-Op1	cl2_selected	3	11.333	219-252	219-228;229-240;241-252	0.437	0.676

>1k5c_A|TM-Score=0.754;Psim-Score=0.933;CE-Score=0.581;V-Score=0.559;L-Score=0.000;CA-Score=0.000;S-Score=0.346;RA-Score=0.269|SVM-Score=0.999
1k5c_A	CESymm	cl1_selected	10	26.800	56-331	56-90;91-112;113-136;145-167;168-189;190-216;217-246;247-285;286-312;313-331	0.377	0.337
1k5c_A	RMSD	cl1	5	50.600	45-297	45-107;108-162;163-211;212-264;265-297	0.497	0.204
1k5c_A	VECTORS	cl1	6	26.333	90-247	90-118;119-150;151-167;168-190;191-217;218-247	0.494	0.152
1k5c_A	RMSD	cl1	4	55.000	45-264	45-107;108-162;163-200;201-264	0.518	0.148
1k5c_A	RMSD	cl1	5	30.000	148-297	148-169;170-200;201-228;229-258;259-297	0.540	0.131
1k5c_A	RMSD	cl1	3	83.333	65-314	65-156;157-229;230-314	0.502	0.122
1k5c_A	RMSD	cl1	3	77.667	65-297	65-156;157-211;212-297	0.475	0.107
1k5c_A	RapBase	cl1	3	32.333	201-297	201-229;230-258;259-297	0.638	0.060
1k5c_A	VECTORS	cl1	3	30.667	203-297	203-227;231-259;260-297	0.636	0.059
1k5c_A	RMSD	cl1	2	61.000	157-278	157-200;201-278	0.688	0.054
1k5c_A	VECTORS	cl1	2	56.000	28-144	28-85;91-144	0.603	0.046
1k5c_A	CM	cl1	2	40.000	199-278	199-238;239-278	0.599	0.031
1k5c_A	TREKS-16A	cl1	4	5.250	232-252	232-236;237-241;242-246;247-252	0.857	0.023
1k5c_A	VECTORS	cl1	2	29.500	28-85	28-52;52-85	0.549	0.021
1k5c_A	TREKS-16A	cl1	3	14.000	289-330	289-307;308-322;323-330	0.442	0.018
1k5c_A	TREKS-16A	cl1	3	9.000	22-48	22-29;30-39;40-48	0.681	0.018
1k5c_A	CESymm	cl1	3	23.667	1-75	1-25;27-47;51-75	0.217	0.016
1k5c_A	TREKS-16A	cl1	3	5.000	206-220	206-210;211-215;216-220	0.973	0.014
1k5c_A	VECTORS	cl1	2	26.000	52-102	52-72;72-102	0.340	0.011
1k5c_A	TREKS-Op1	cl1	2	9.000	24-41	24-33;34-41	0.807	0.009
1k5c_A	VECTORS	cl1	2	20.500	116-155	116-132;132-155	0.305	0.008
1k5c_A	TREKS-16A	cl1	2	11.500	299-321	299-309;310-321	0.433	0.006
1k5c_A	TREKS-16A	cl1	2	13.000	299-324	299-309;310-324	0.382	0.006
1k5c_A	TREKS-Op1	cl1	2	12.500	299-323	299-309;310-323	0.382	0.006
1k5c_A	TREKS-16A	cl1	2	12.000	18-41	18-30;31-41	0.299	0.005

>1v3w_A|TM-Score=0.736;Psim-Score=0.803;CE-Score=0.593;V-Score=0.637;L-Score=0.332;CA-Score=0.000;S-Score=0.000;RA-Score=0.406|SVM-Score=1.000
1v3w_A	TRUST-23A	cl1_selected	11	6.000	35-130	35-40;50-55;56-61;72-77;78-83;89-94;101-106;107-112;113-118;119-124;125-130	0.895	0.596
1v3w_A	CESymm	cl1	7	19.000	2-135	2-23;24-41;42-62;63-84;85-101;103-119;120-135	0.446	0.264
1v3w_A	RMSD	cl1	4	30.000	15-134	15-46;47-86;87-109;110-134	0.564	0.171
1v3w_A	RapBase	cl1	4	28.500	15-128	15-45;46-86;87-107;108-128	0.568	0.164
1v3w_A	VECTORS	cl1	3	40.333	0-118	0-40;40-83;83-118	0.692	0.156
1v3w_A	RapBase	cl1	5	20.000	26-125	26-46;47-67;68-89;90-107;108-125	0.478	0.151
1v3w_A	RMSD	cl1	3	42.667	7-134	7-58;59-97;98-134	0.597	0.145
1v3w_A	RMSD	cl1	5	20.200	27-127	27-47;48-69;70-91;92-109;110-127	0.412	0.131
1v3w_A	VECTORS	cl1	3	34.333	24-125	24-60;61-94;94-125	0.643	0.124
1v3w_A	RMSD	cl1	3	36.333	7-115	7-52;53-86;87-115	0.594	0.123
1v3w_A	RMSD	cl1	3	35.333	14-119	14-52;53-80;81-119	0.568	0.114
1v3w_A	RMSD	cl1	2	64.000	0-127	0-74;75-127	0.666	0.108
1v3w_A	RMSD	cl1	2	57.000	14-127	14-80;81-127	0.678	0.098
1v3w_A	VECTORS	cl1	2	51.000	34-134	34-87;87-134	0.704	0.090
1v3w_A	VECTORS	cl1	2	51.500	16-118	16-76;77-118	0.663	0.086
1v3w_A	VECTORS	cl1	3	26.333	48-125	48-76;77-100;100-125	0.574	0.085
1v3w_A	RapBase	cl1	3	21.333	23-86	23-43;44-64;65-86	0.692	0.084
1v3w_A	RMSD	cl1	2	51.000	14-115	14-74;75-115	0.641	0.083
1v3w_A	VECTORS	cl1	3	20.333	16-76	16-33;34-54;55-76	0.685	0.079
1v3w_A	RMSD	cl1	3	20.333	20-80	20-37;38-58;59-80	0.680	0.079
1v3w_A	VECTORS	cl1	4	20.500	26-106	26-46;47-67;68-87;87-106	0.380	0.078
1v3w_A	RMSD	cl1	3	24.333	14-86	14-37;38-66;67-86	0.520	0.072
1v3w_A	VECTORS	cl1	4	20.750	7-88	7-26;26-46;47-67;68-88	0.296	0.061
1v3w_A	VECTORS	cl1	2	27.500	22-76	22-54;55-76	0.640	0.044
1v3w_A	VECTORS	cl1	3	20.333	26-86	26-45;46-67;68-86	0.357	0.041
1v3w_A	TREKS-Op2	cl1	3	22.000	60-125	60-81;82-104;105-125	0.289	0.036
1v3w_A	TREKS-Op1	cl1	4	16.250	67-131	67-80;81-97;98-115;116-131	0.209	0.034
1v3w_A	VECTORS	cl1	2	19.500	107-144	107-125;125-144	0.468	0.022
1v3w_A	VECTORS	cl1	2	16.500	46-77	46-61;61-77	0.391	0.016
1v3w_A	VECTORS	cl1	2	13.000	16-40	16-26;26-40	0.340	0.011
1v3w_A	TREKS-16A	cl1	3	15.000	63-107	63-76;77-93;94-107	0.119	0.010
1v3w_A	VECTORS	cl1	5	12.400	77-134	77-87;87-100;100-112;112-125;125-134	0.049	0.009
1v3w_A	TRUST-16A	cl1	3	11.667	51-119	51-62;79-89;108-119	0.056	0.007
1v3w_A	VECTORS	cl1	2	21.000	26-67	26-45;46-67	0.125	0.007
1v3w_A	VECTORS	cl1	4	13.250	16-68	16-26;26-40;40-52;55-68	0.048	0.006
1v3w_A	TREKS-Op1	cl1	4	11.500	48-93	48-60;61-69;70-82;83-93	0.031	0.004

>1xhd_A|TM-Score=0.781;Psim-Score=0.812;CE-Score=0.000;V-Score=0.756;L-Score=0.000;CA-Score=0.000;S-Score=0.000;RA-Score=0.431|SVM-Score=1.000
1xhd_A	TREKS-Op1	cl1_selected	14	6.357	62-150	62-68;69-77;78-83;84-89;90-95;96-101;102-107;108-113;114-119;120-125;126-131;132-137;138-143;144-150	0.690	0.410
1xhd_A	TREKS-Op1	cl1	11	6.091	84-150	84-89;90-94;95-100;101-106;107-112;113-118;119-124;125-130;131-137;138-143;144-150	0.785	0.275
1xhd_A	TREKS-16A	cl1	9	5.556	77-126	77-82;83-87;88-93;94-99;100-105;106-110;111-116;117-121;122-126	0.787	0.169
1xhd_A	TREKS-Op2	cl1	8	6.000	83-130	83-88;89-93;94-99;100-106;107-112;113-118;119-124;125-130	0.780	0.143
1xhd_A	TREKS-Op2	cl1	8	5.625	84-128	84-88;89-94;95-100;101-106;107-112;113-118;119-123;124-128	0.827	0.142
1xhd_A	VECTORS	cl1	3	40.000	3-120	3-42;42-85;85-120	0.707	0.119
1xhd_A	TREKS-Op1	cl1	7	6.286	107-150	107-112;113-118;119-124;125-130;131-137;138-143;144-150	0.784	0.115
1xhd_A	RMSD	cl1	3	42.667	9-136	9-60;61-99;100-136	0.594	0.109
1xhd_A	VECTORS	cl1	5	20.800	3-102	3-24;24-42;42-63;63-85;85-102	0.453	0.108
1xhd_A	VECTORS	cl1	3	34.667	18-120	18-56;57-89;89-120	0.667	0.098
1xhd_A	RMSD	cl1	3	36.333	9-117	9-54;55-88;89-117	0.619	0.096
1xhd_A	RapBase	cl1	4	28.250	18-130	18-56;57-88;89-109;110-130	0.445	0.096
1xhd_A	RMSD	cl1	2	57.500	9-123	9-76;77-123	0.710	0.078
1xhd_A	RMSD	cl1	2	65.000	0-129	0-76;77-129	0.570	0.071
1xhd_A	TREKS-16A	cl1	4	19.500	38-115	38-59;60-81;82-98;99-115	0.453	0.067
1xhd_A	RapBase	cl1	3	21.333	20-83	20-40;41-61;62-83	0.684	0.063
1xhd_A	RMSD	cl1	2	51.000	16-117	16-76;77-117	0.643	0.063
1xhd_A	RMSD	cl1	3	20.333	22-82	22-39;40-60;61-82	0.703	0.061
1xhd_A	RapBase	cl1	3	20.000	29-88	29-47;48-66;67-88	0.705	0.060
1xhd_A	VECTORS	cl1	3	20.333	18-78	18-35;36-56;57-78	0.690	0.060
1xhd_A	VECTORS	cl1	2	41.000	3-84	3-41;42-84	0.734	0.057
1xhd_A	VECTORS	cl1	2	46.000	36-126	36-85;85-126	0.525	0.046
1xhd_A	RMSD	cl1	3	24.333	16-88	16-39;40-68;69-88	0.431	0.045
1xhd_A	RMSD	cl1	3	25.333	48-123	48-76;77-99;100-123	0.316	0.034
1xhd_A	VECTORS	cl1	3	20.333	28-88	28-47;48-69;70-88	0.365	0.032
1xhd_A	RMSD	cl1	2	30.000	34-93	34-68;69-93	0.534	0.030
1xhd_A	VECTORS	cl1	3	18.000	85-136	85-102;102-120;120-136	0.395	0.029
1xhd_A	TREKS-Op1	cl1	6	13.500	50-130	50-62;63-77;78-91;92-104;105-117;118-130	0.063	0.014
1xhd_A	VECTORS	cl1	2	16.500	48-79	48-63;63-79	0.365	0.011
1xhd_A	VECTORS	cl1	2	13.000	18-42	18-28;28-42	0.407	0.010
1xhd_A	VECTORS	cl1	2	13.500	42-70	42-54;57-70	0.279	0.008
1xhd_A	VECTORS	cl1	2	26.500	57-108	57-85;85-108	0.125	0.006
1xhd_A	VECTORS	cl1	2	21.000	28-69	28-47;48-69	0.125	0.005
1xhd_A	VECTORS	cl1	5	12.200	79-136	79-89;89-102;102-114;114-126;127-136	0.035	0.005
1xhd_A	VECTORS	cl1	2	19.500	108-146	108-126;127-146	0.125	0.005
1xhd_A	RMSD	cl1	2	18.000	94-129	94-111;112-129	0.125	0.004

>1pe9_A|TM-Score=0.607;Psim-Score=0.750;CE-Score=0.431;V-Score=0.626;L-Score=0.000;CA-Score=0.000;S-Score=0.484;RA-Score=0.273|SVM-Score=0.974
1pe9_A	CESymm	cl1_selected	3	78.000	43-309	43-116;142-228;237-309	0.536	0.399
1pe9_A	RMSD	cl1	3	73.000	85-303	85-149;150-217;218-303	0.443	0.271
1pe9_A	RMSD	cl1	2	92.500	80-264	80-166;167-264	0.578	0.199
1pe9_A	VECTORS	cl1	2	46.000	193-283	193-236;236-283	0.528	0.089
1pe9_A	VECTORS	cl1	2	43.000	152-236	152-199;199-236	0.475	0.075
1pe9_A	TREKS-Op1	cl1	4	6.250	271-295	271-277;278-283;284-290;291-295	0.785	0.073
1pe9_A	RapBase	cl1	2	29.000	239-296	239-267;268-296	0.627	0.068
1pe9_A	RMSD	cl1	2	25.000	241-290	241-264;265-290	0.666	0.062
1pe9_A	TREKS-Op1	cl1	4	5.500	271-292	271-277;278-283;284-289;290-292	0.626	0.051
1pe9_A	VECTORS	cl1	2	18.000	199-236	199-215;218-236	0.390	0.028
1pe9_A	VECTORS	cl1	2	16.500	277-312	277-289;293-312	0.313	0.021

>1bhe_A|TM-Score=0.788;Psim-Score=0.763;CE-Score=0.512;V-Score=0.654;L-Score=0.000;CA-Score=0.000;S-Score=0.473;RA-Score=0.487|SVM-Score=1.000
1bhe_A	CESymm	cl1_selected	12	30.083	15-375	15-41;42-64;65-112;113-162;163-186;187-211;212-240;241-266;267-294;295-329;330-354;355-375	0.353	5.090
1bhe_A	RMSD	cl2_selected	5	60.800	59-362	59-156;157-206;207-248;249-302;303-362	0.500	0.401
1bhe_A	VECTORS	cl2	6	44.167	100-364	100-150;151-169;170-201;202-250;251-304;305-364	0.470	0.394
1bhe_A	VECTORS	cl2	5	55.600	71-347	71-159;160-209;210-259;260-301;301-347	0.465	0.340
1bhe_A	RMSD	cl2	4	54.750	144-362	144-196;197-248;249-302;303-362	0.618	0.285
1bhe_A	VECTORS	cl2	4	79.000	60-375	60-171;172-246;247-322;323-375	0.422	0.282
1bhe_A	VECTORS	cl2	6	24.000	215-370	215-233;233-259;260-285;289-311;323-347;347-370	0.477	0.236
1bhe_A	RMSD	cl2	3	81.333	59-302	59-156;157-221;222-302	0.536	0.207
1bhe_A	RMSD	cl2	3	76.667	106-335	106-206;207-258;259-335	0.540	0.196
1bhe_A	CM	cl2	3	73.333	150-369	150-215;216-281;282-369	0.533	0.186
1bhe_A	VECTORS	cl2	3	69.000	150-359	150-219;220-285;289-359	0.544	0.181
1bhe_A	RMSD	cl2	3	62.000	150-335	150-221;222-273;274-335	0.563	0.166
1bhe_A	RMSD	cl2	4	28.250	233-345	233-258;259-284;285-312;313-345	0.647	0.154
1bhe_A	RMSD	cl2	2	102.500	157-361	157-248;249-361	0.673	0.146
1bhe_A	VECTORS	cl2	3	52.333	215-371	215-259;260-311;312-371	0.569	0.141
1bhe_A	RMSD	cl2	2	109.000	144-361	144-231;232-361	0.610	0.140
1bhe_A	VECTORS	cl2	3	50.667	215-366	215-259;260-308;309-366	0.539	0.130
1bhe_A	RMSD	cl2	2	83.000	150-315	150-221;222-315	0.699	0.122
1bhe_A	VECTORS	cl2	2	78.000	220-375	220-300;301-375	0.604	0.099
1bhe_A	RapBase	cl2	3	29.333	258-345	258-285;286-313;314-345	0.690	0.096
1bhe_A	RMSD	cl2	3	28.000	232-315	232-258;259-284;285-315	0.691	0.092
1bhe_A	RMSD	cl2	3	34.000	97-198	97-146;147-172;173-198	0.521	0.084
1bhe_A	RMSD	cl2	3	35.667	100-206	100-143;144-171;172-206	0.490	0.083
1bhe_A	RMSD	cl2	3	30.667	105-196	105-149;150-171;172-196	0.517	0.075
1bhe_A	VECTORS	cl2	3	22.000	151-220	151-170;170-196;202-220	0.669	0.074
1bhe_A	TREKS-Op1	cl2	3	24.667	173-246	173-199;200-221;222-246	0.631	0.074
1bhe_A	TREKS-Op1	cl2	3	23.333	186-255	186-207;208-229;230-255	0.532	0.059
1bhe_A	VECTORS	cl2	4	19.750	141-220	141-163;164-186;187-207;209-220	0.258	0.043
1bhe_A	VECTORS	cl2	2	26.000	157-208	157-179;180-208	0.692	0.038
1bhe_A	RapBase	cl2	2	28.000	216-271	216-243;244-271	0.636	0.038
1bhe_A	RapBase	cl2	2	28.000	186-241	186-213;214-241	0.631	0.037
1bhe_A	VECTORS	cl2	2	23.000	215-259	215-233;233-259	0.371	0.018
1bhe_A	VECTORS	cl2	2	15.500	151-180	151-164;164-180	0.203	0.006

>1hg8_A|TM-Score=0.785;Psim-Score=0.673;CE-Score=0.566;V-Score=0.759;L-Score=0.000;CA-Score=0.000;S-Score=0.419;RA-Score=0.291|SVM-Score=1.000
1hg8_A	CESymm	cl1_selected	12	27.583	1-341	1-13;14-36;37-65;66-107;108-131;132-171;172-190;191-214;216-244;245-274;284-314;315-341	0.366	0.367
1hg8_A	VECTORS	cl1	5	58.600	42-333	42-111;112-172;172-217;218-275;276-333	0.524	0.188
1hg8_A	VECTORS	cl1	5	55.000	43-317	43-109;110-172;173-222;223-289;290-317	0.512	0.173
1hg8_A	RMSD	cl1	4	60.000	43-282	43-108;109-171;172-207;208-282	0.546	0.128
1hg8_A	RMSD	cl1	4	63.500	65-318	65-130;131-190;191-250;251-318	0.468	0.117
1hg8_A	RMSD	cl1	3	105.000	17-331	17-111;112-218;219-331	0.494	0.114
1hg8_A	RMSD	cl1	5	29.800	156-304	156-186;187-207;208-236;237-265;266-304	0.582	0.106
1hg8_A	VECTORS	cl1	3	92.333	41-317	41-134;135-206;207-317	0.502	0.102
1hg8_A	RMSD	cl1	3	99.667	17-315	17-91;92-192;193-315	0.448	0.098
1hg8_A	VECTORS	cl1	7	23.429	123-314	123-145;167-179;179-194;195-217;223-247;251-277;278-314	0.288	0.095
1hg8_A	RMSD	cl1	3	80.333	76-316	76-132;133-207;208-316	0.486	0.086
1hg8_A	RMSD	cl1	3	66.333	118-316	118-171;172-218;219-316	0.551	0.081
1hg8_A	CM	cl1	3	67.000	126-326	126-191;192-257;258-326	0.484	0.072
1hg8_A	RMSD	cl1	3	62.667	112-299	112-155;156-207;208-299	0.514	0.071
1hg8_A	RMSD	cl1	2	151.500	24-326	24-132;133-326	0.475	0.071
1hg8_A	VECTORS	cl1	5	26.400	210-340	210-239;240-269;270-304;305-327;327-340	0.432	0.069
1hg8_A	RMSD	cl1	2	143.500	30-316	30-132;133-316	0.466	0.066
1hg8_A	RMSD	cl1	2	101.500	124-326	124-207;208-326	0.588	0.058
1hg8_A	RMSD	cl1	2	112.500	92-316	92-186;187-316	0.520	0.057
1hg8_A	RapBase	cl1	3	32.000	209-304	209-237;238-266;267-304	0.600	0.042
1hg8_A	VECTORS	cl1	2	42.000	195-277	195-234;234-277	0.527	0.021
1hg8_A	VECTORS	cl1	2	28.000	31-91	31-56;62-91	0.551	0.016
1hg8_A	VECTORS	cl1	2	19.500	31-68	31-48;48-68	0.386	0.007
1hg8_A	VECTORS	cl1	2	14.500	167-194	167-179;179-194	0.125	0.002

>1hm9_A|TM-Score=0.807;Psim-Score=0.784;CE-Score=0.298;V-Score=0.717;L-Score=0.213;CA-Score=0.000;S-Score=0.395;RA-Score=0.339|SVM-Score=1.000
1hm9_A	TREKS-16A	cl1_selected	13	5.692	283-356	283-288;289-294;295-299;300-305;306-310;311-315;316-321;322-327;328-333;334-339;340-345;346-350;351-356	0.873	0.321
1hm9_A	TREKS-16A	cl1	11	5.545	295-355	295-299;300-305;306-310;311-315;316-321;322-327;328-333;334-339;340-345;346-350;351-355	0.857	0.220
1hm9_A	TREKS-Op1	cl1	11	5.545	288-348	288-293;294-298;299-302;303-307;308-313;314-318;319-324;325-330;331-336;337-342;343-348	0.826	0.212
1hm9_A	TREKS-16A	cl1	11	6.364	380-449	380-385;386-392;393-398;399-404;405-410;411-416;417-422;423-428;429-436;437-442;443-449	0.672	0.198
1hm9_A	CM	cl1	5	32.200	256-416	256-280;281-305;306-339;340-373;374-416	0.537	0.165
1hm9_A	RMSD	cl1	5	32.400	255-416	255-280;281-302;303-345;346-379;380-416	0.528	0.164
1hm9_A	TREKS-16A	cl1	10	6.000	368-427	368-373;374-379;380-384;385-392;393-398;399-404;405-410;411-416;417-422;423-427	0.712	0.164
1hm9_A	VECTORS	cl1	4	38.250	259-409	259-294;294-327;327-361;362-409	0.622	0.144
1hm9_A	RapBase	cl1	4	35.500	268-409	268-297;298-327;328-362;363-409	0.619	0.135
1hm9_A	RMSD	cl1	4	41.000	256-419	256-297;298-348;349-386;387-419	0.514	0.129
1hm9_A	RMSD	cl1	3	46.667	274-413	274-313;314-365;366-413	0.671	0.108
1hm9_A	VECTORS	cl1	3	51.333	251-403	251-298;298-344;345-403	0.590	0.104
1hm9_A	RMSD	cl1	3	46.333	281-419	281-313;314-353;354-419	0.560	0.089
1hm9_A	RMSD	cl1	2	79.500	255-413	255-324;325-413	0.728	0.089
1hm9_A	RMSD	cl1	2	85.500	249-419	249-324;325-419	0.664	0.087
1hm9_A	RMSD	cl1	5	26.600	276-408	276-309;310-343;344-365;366-386;387-408	0.337	0.086
1hm9_A	VECTORS	cl1	4	38.250	251-402	251-276;276-298;299-343;344-402	0.363	0.084
1hm9_A	RMSD	cl1	3	38.000	298-411	298-324;325-365;366-411	0.638	0.084
1hm9_A	TRUST-16A	cl1	10	12.400	263-420	263-274;298-308;309-319;320-331;332-343;344-354;366-377;378-396;397-408;409-420	0.138	0.084
1hm9_A	RMSD	cl1	2	73.000	274-419	274-336;337-419	0.738	0.083
1hm9_A	TREKS-Op1	cl1	5	16.600	304-386	304-319;320-337;338-354;355-371;372-386	0.509	0.081
1hm9_A	VECTORS	cl1	6	18.000	259-361	259-276;276-294;294-311;311-327;327-344;344-361	0.320	0.076
1hm9_A	RMSD	cl1	2	67.000	268-401	268-324;325-401	0.725	0.074
1hm9_A	RMSD	cl1	2	61.000	274-395	274-324;325-395	0.745	0.070
1hm9_A	VECTORS	cl1	6	27.500	251-411	251-276;276-298;298-321;321-344;344-366;367-411	0.188	0.069
1hm9_A	RMSD	cl1	3	33.000	309-407	309-330;331-365;366-407	0.605	0.069
1hm9_A	RMSD	cl1	4	21.250	281-365	281-312;313-330;331-348;349-365	0.510	0.066
1hm9_A	RMSD	cl1	2	53.000	281-386	281-324;325-386	0.739	0.060
1hm9_A	RMSD	cl1	3	30.333	280-370	280-324;325-348;349-370	0.473	0.049
1hm9_A	VECTORS	cl1	2	42.000	251-333	251-294;294-333	0.675	0.043
1hm9_A	RMSD	cl1	3	18.333	248-302	248-267;268-285;286-302	0.476	0.030
1hm9_A	RapBase	cl1	2	25.000	364-413	364-388;389-413	0.561	0.021
1hm9_A	VECTORS	cl1	5	12.000	311-366	311-321;321-333;333-344;344-356;356-366	0.184	0.020
1hm9_A	TREKS-Op1	cl1	3	17.000	376-426	376-394;395-411;412-426	0.337	0.020
1hm9_A	VECTORS	cl1	3	29.000	259-344	259-288;289-314;314-344	0.191	0.019
1hm9_A	TREKS-Op1	cl1	3	17.667	376-428	376-394;395-412;413-428	0.241	0.015
1hm9_A	VECTORS	cl1	2	10.500	399-422	399-407;411-422	0.726	0.013
1hm9_A	TREKS-Op1	cl1	3	13.333	304-343	304-319;320-331;332-343	0.224	0.010
1hm9_A	VECTORS	cl1	3	13.333	251-288	251-265;265-276;276-288	0.091	0.004

>1krr_A|TM-Score=0.566;Psim-Score=0.804;CE-Score=0.027;V-Score=0.548;L-Score=0.000;CA-Score=0.000;S-Score=0.000;RA-Score=0.411|SVM-Score=0.971
1krr_A	RapBase	cl1_selected	3	25.667	67-143	67-90;91-114;115-143	0.504	0.404
1krr_A	RMSD	cl1	3	24.333	71-143	71-90;91-109;110-143	0.527	0.400
1krr_A	RMSD	cl1	2	47.500	71-165	71-117;118-165	0.589	0.389
1krr_A	TRUST-16A	cl1	4	12.500	57-156	57-68;83-96;133-144;145-156	0.140	0.194
1krr_A	TREKS-Op1	cl1	3	19.667	59-117	59-78;79-97;98-117	0.218	0.134
1krr_A	TREKS-Op1	cl1	3	20.333	59-119	59-78;79-98;99-119	0.210	0.133
1krr_A	VECTORS	cl1	2	11.000	86-110	86-97;101-110	0.506	0.088
1krr_A	TREKS-Op1	cl1	2	19.000	59-96	59-78;79-96	0.125	0.033
1krr_A	TREKS-Op1	cl1	2	18.500	59-95	59-78;79-95	0.125	0.032

>1xat_A|TM-Score=0.339;Psim-Score=0.840;CE-Score=0.204;V-Score=0.574;L-Score=0.000;CA-Score=0.000;S-Score=0.197;RA-Score=0.185|SVM-Score=0.103
1xat_A	No-TRs
>1hv9_A|TM-Score=0.899;Psim-Score=0.783;CE-Score=0.314;V-Score=0.995;L-Score=0.000;CA-Score=0.000;S-Score=0.443;RA-Score=0.463|SVM-Score=1.000
1hv9_A	VECTORS	cl1_selected	4	23.000	30-129	30-51;55-75;75-99;106-129	0.312	0.315
1hv9_A	TREKS-Op1	cl2_selected	2	20.500	144-184	144-163;164-184	0.379	0.389
1hv9_A	TREKS-16A	cl3_selected	11	5.818	281-344	281-286;287-292;293-297;298-303;304-309;310-314;315-320;321-326;327-332;333-338;339-344	0.903	0.309
1hv9_A	TREKS-Op1	cl3	10	15.700	262-418	262-279;280-296;297-313;314-329;330-343;344-360;361-376;377-392;393-404;405-418	0.379	0.289
1hv9_A	TREKS-Op1	cl3	11	5.818	284-347	284-289;290-294;295-299;300-305;306-310;311-317;318-323;324-329;330-335;336-341;342-347	0.795	0.272
1hv9_A	RMSD	cl3	5	34.400	247-418	247-283;284-317;318-352;353-394;395-418	0.612	0.256
1hv9_A	TREKS-Op2	cl3	10	6.100	367-427	367-372;373-378;379-384;385-391;392-397;398-403;404-409;410-415;416-421;422-427	0.815	0.242
1hv9_A	TREKS-Op1	cl3	10	6.000	289-348	289-294;295-299;300-305;306-312;313-317;318-323;324-329;330-335;336-341;342-348	0.788	0.230
1hv9_A	VECTORS	cl3	4	41.000	249-415	249-283;287-320;321-355;356-415	0.553	0.180
1hv9_A	RMSD	cl3	5	17.800	247-335	247-265;266-283;284-300;301-317;318-335	0.763	0.165
1hv9_A	RMSD	cl3	4	38.250	266-418	266-300;301-329;330-385;386-418	0.552	0.164
1hv9_A	RMSD	cl3	4	38.000	272-423	272-300;301-323;324-369;370-423	0.552	0.163
1hv9_A	TREKS-16A	cl3	8	7.500	327-386	327-332;333-338;339-349;350-357;358-366;367-372;373-378;379-386	0.673	0.157
1hv9_A	TREKS-16A	cl3	8	6.125	379-427	379-384;385-391;392-397;398-403;404-409;410-415;416-421;422-427	0.812	0.155
1hv9_A	RMSD	cl3	3	53.000	272-430	272-312;313-369;370-430	0.661	0.153
1hv9_A	RMSD	cl3	3	55.667	266-432	266-312;313-375;376-432	0.591	0.144
1hv9_A	VECTORS	cl3	3	52.667	277-434	277-332;333-397;398-434	0.599	0.138
1hv9_A	TRUST-16A	cl3	8	11.750	286-420	286-296;297-308;309-319;320-331;332-343;366-377;397-408;409-420	0.252	0.132
1hv9_A	VECTORS	cl3	4	31.250	274-398	274-303;304-329;330-364;365-398	0.512	0.125
1hv9_A	RMSD	cl3	2	86.000	247-418	247-323;324-418	0.732	0.122
1hv9_A	VECTORS	cl3	4	16.750	269-338	269-283;287-303;304-320;321-338	0.816	0.111
1hv9_A	RMSD	cl3	2	76.500	266-418	266-329;330-418	0.733	0.109
1hv9_A	VECTORS	cl3	4	17.500	251-320	251-268;269-286;287-303;304-320	0.738	0.100
1hv9_A	RMSD	cl3	2	70.500	272-412	272-329;330-412	0.722	0.099
1hv9_A	RMSD	cl3	2	64.500	266-394	266-317;318-394	0.721	0.090
1hv9_A	RMSD	cl3	3	31.667	247-341	247-271;272-295;296-341	0.505	0.070
1hv9_A	RMSD	cl3	3	29.000	330-416	330-352;353-375;376-416	0.538	0.068
1hv9_A	VECTORS	cl3	3	31.667	249-342	249-274;274-296;297-342	0.485	0.067
1hv9_A	RMSD	cl3	3	24.000	347-418	347-375;376-400;401-418	0.511	0.054
1hv9_A	TREKS-Op1	cl3	3	16.667	335-384	335-351;352-368;369-384	0.597	0.044
1hv9_A	TREKS-Op1	cl3	3	17.000	335-385	335-351;352-368;369-385	0.584	0.043
1hv9_A	TREKS-Op1	cl3	3	16.000	335-382	335-351;352-368;369-382	0.603	0.042
1hv9_A	RapBase	cl3	2	18.000	286-321	286-303;304-321	0.877	0.031
1hv9_A	CM	cl3	2	25.000	249-298	249-273;274-298	0.579	0.028
1hv9_A	VECTORS	cl3	2	21.000	254-295	254-277;278-295	0.674	0.028
1hv9_A	VECTORS	cl3	2	18.000	260-295	260-277;278-295	0.759	0.027
1hv9_A	RapBase	cl3	2	18.000	258-293	258-275;276-293	0.754	0.026
1hv9_A	VECTORS	cl3	2	16.000	249-283	249-265;269-283	0.417	0.014
1hv9_A	VECTORS	cl3	2	10.000	274-296	274-283;287-296	0.629	0.014
1hv9_A	VECTORS	cl3	2	11.000	321-345	321-329;333-345	0.405	0.010
1hv9_A	VECTORS	cl3	2	14.000	403-430	403-415;416-430	0.270	0.007
1hv9_A	VECTORS	cl3	2	13.000	296-320	296-309;309-320	0.125	0.003

>1j2z_A|TM-Score=0.792;Psim-Score=0.944;CE-Score=0.489;V-Score=0.989;L-Score=0.000;CA-Score=0.000;S-Score=0.283;RA-Score=0.490|SVM-Score=1.000
1j2z_A	TREKS-Op1	cl1_selected	11	6.182	1-68	1-6;7-12;13-18;19-24;25-30;31-36;37-43;44-50;51-56;57-63;64-68	0.752	0.268
1j2z_A	TREKS-Op1	cl1	10	6.000	113-172	113-118;119-124;125-130;131-136;137-142;143-148;149-154;155-160;161-166;167-172	0.894	0.255
1j2z_A	CESymm	cl1	8	20.000	21-186	21-44;45-72;73-91;98-116;117-134;135-152;153-170;171-186	0.356	0.225
1j2z_A	TRUST-16A	cl1	4	10.000	15-115	15-24;51-60;81-90;106-115	0.926	0.178
1j2z_A	TREKS-16A	cl1	8	6.375	17-67	17-22;23-29;30-36;37-42;43-48;49-54;55-60;61-67	0.785	0.152
1j2z_A	TREKS-Op1	cl1	8	6.125	15-63	15-20;21-26;27-32;33-38;39-45;46-51;52-57;58-63	0.810	0.151
1j2z_A	VECTORS	cl1	3	60.667	3-183	3-84;85-140;140-183	0.497	0.128
1j2z_A	RMSD	cl1	4	40.500	22-183	22-57;58-112;113-148;149-183	0.406	0.125
1j2z_A	TREKS-Op2	cl1	7	6.143	131-173	131-136;137-142;143-148;149-154;155-160;161-166;167-173	0.859	0.123
1j2z_A	RMSD	cl1	2	87.000	10-183	10-106;107-183	0.740	0.123
1j2z_A	RMSD	cl1	2	96.000	0-191	0-106;107-191	0.647	0.118
1j2z_A	VECTORS	cl1	3	42.333	37-163	37-84;85-127;128-163	0.644	0.117
1j2z_A	VECTORS	cl1	4	35.750	33-174	33-80;81-115;116-146;146-174	0.403	0.109
1j2z_A	VECTORS	cl1	4	35.250	33-173	33-80;81-115;116-145;146-173	0.402	0.108
1j2z_A	VECTORS	cl1	3	52.333	19-174	19-84;85-134;134-174	0.480	0.107
1j2z_A	RMSD	cl1	3	54.000	22-183	22-81;82-136;137-183	0.451	0.104
1j2z_A	TREKS-Op2	cl1	7	5.429	119-156	119-123;124-127;128-133;134-139;140-145;146-151;152-156	0.811	0.103
1j2z_A	RMSD	cl1	3	48.000	40-183	40-96;97-142;143-183	0.478	0.098
1j2z_A	TREKS-Op1	cl1	6	6.000	136-171	136-141;142-147;148-153;154-159;160-165;166-171	0.935	0.096
1j2z_A	TREKS-16A	cl1	6	5.833	122-156	122-127;128-133;134-139;140-145;146-151;152-156	0.911	0.091
1j2z_A	TRUST-23A	cl1	10	12.400	14-170	14-25;26-37;38-49;50-61;95-110;111-122;123-134;135-146;147-158;159-170	0.121	0.091
1j2z_A	TREKS-Op1	cl1	6	19.167	48-162	48-65;66-90;91-108;109-126;127-144;145-162	0.276	0.091
1j2z_A	TREKS-16A	cl1	6	5.833	31-65	31-36;37-42;43-48;49-54;55-60;61-65	0.883	0.088
1j2z_A	VECTORS	cl1	3	37.667	7-118	7-37;37-63;64-118	0.550	0.088
1j2z_A	TREKS-23A	cl1	6	22.167	19-151	19-48;49-78;79-103;104-121;122-136;137-151	0.223	0.085
1j2z_A	RMSD	cl1	2	77.500	0-154	0-81;82-154	0.559	0.082
1j2z_A	RMSD	cl1	3	43.667	46-176	46-106;107-142;143-176	0.431	0.081
1j2z_A	RMSD	cl1	2	69.500	16-154	16-87;88-154	0.589	0.078
1j2z_A	TREKS-Op2	cl1	5	6.000	143-172	143-148;149-154;155-160;161-166;167-172	0.928	0.066
1j2z_A	RMSD	cl1	3	38.333	52-166	52-106;107-136;137-166	0.397	0.065
1j2z_A	TREKS-Op1	cl1	5	6.000	145-174	145-150;151-156;157-162;163-168;169-174	0.905	0.065
1j2z_A	RMSD	cl1	4	25.750	58-160	58-87;88-112;113-136;137-160	0.293	0.058
1j2z_A	VECTORS	cl1	6	12.167	110-179	110-121;122-134;134-146;146-157;157-169;170-179	0.269	0.054
1j2z_A	VECTORS	cl1	5	20.200	85-183	85-115;116-134;134-151;151-169;170-183	0.205	0.048
1j2z_A	TREKS-Op1	cl1	10	15.600	9-164	9-26;27-41;42-59;60-73;74-89;90-105;106-120;121-132;133-148;149-164	0.063	0.047
1j2z_A	RapBase	cl1	5	24.600	18-140	18-47;48-77;78-102;103-121;122-140	0.151	0.044
1j2z_A	RapBase	cl1	5	24.800	20-143	20-46;47-76;77-101;102-122;123-143	0.125	0.037
1j2z_A	VECTORS	cl1	2	26.500	99-151	99-127;128-151	0.730	0.037
1j2z_A	VECTORS	cl1	2	29.000	60-116	60-91;91-116	0.560	0.030
1j2z_A	RMSD	cl1	2	18.000	107-142	107-124;125-142	0.726	0.025
1j2z_A	TRUST-16A	cl1	3	12.000	32-152	32-43;129-140;141-152	0.125	0.022
1j2z_A	RMSD	cl1	2	80.500	16-176	16-106;107-176	0.125	0.019
1j2z_A	RapBase	cl1	3	34.000	9-110	9-34;35-60;61-110	0.108	0.016
1j2z_A	RMSD	cl1	2	63.500	40-166	40-112;113-166	0.125	0.015
1j2z_A	VECTORS	cl1	2	45.500	55-145	55-109;110-145	0.125	0.011
1j2z_A	VECTORS	cl1	2	30.000	110-169	110-139;140-169	0.125	0.007
1j2z_A	CESymm	cl1	4	15.250	1-61	1-7;8-25;26-43;44-61	0.060	0.007
1j2z_A	RapBase	cl1	2	26.000	106-157	106-131;132-157	0.125	0.006
1j2z_A	TREKS-Op1	cl1	3	12.000	118-153	118-129;130-141;142-153	0.109	0.006
1j2z_A	TREKS-23A	cl1	3	12.000	29-64	29-40;41-52;53-64	0.105	0.005
1j2z_A	VECTORS	cl1	2	23.000	7-51	7-31;31-51	0.125	0.005
1j2z_A	RapBase	cl1	2	22.000	4-47	4-25;26-47	0.125	0.005
1j2z_A	TREKS-23A	cl1	3	13.000	29-67	29-40;41-52;53-67	0.093	0.005
1j2z_A	RapBase	cl1	2	21.000	3-44	3-23;24-44	0.125	0.005
1j2z_A	VECTORS	cl1	4	12.000	7-51	7-19;19-31;31-43;43-51	0.057	0.005
1j2z_A	RMSD	cl1	2	20.000	0-39	0-21;22-39	0.125	0.005
1j2z_A	VECTORS	cl1	2	19.000	7-43	7-25;25-43	0.125	0.004
1j2z_A	TREKS-23A	cl1	3	11.333	29-62	29-40;41-52;53-62	0.056	0.003

>1mr7_A|TM-Score=0.355;Psim-Score=0.821;CE-Score=0.267;V-Score=0.566;L-Score=0.000;CA-Score=0.000;S-Score=0.342;RA-Score=0.209|SVM-Score=0.108
1mr7_A	No-TRs
>1qrl_A|TM-Score=0.739;Psim-Score=0.815;CE-Score=0.000;V-Score=0.645;L-Score=0.000;CA-Score=0.000;S-Score=0.481;RA-Score=0.320|SVM-Score=0.999
1qrl_A	TREKS-Op1	cl1_selected	9	6.000	110-163	110-115;116-122;123-127;128-133;134-139;140-145;146-151;152-157;158-163	0.782	0.258
1qrl_A	TREKS-Op1	cl1	9	5.889	122-174	122-126;127-132;133-137;138-144;145-150;151-156;157-162;163-168;169-174	0.724	0.234
1qrl_A	VECTORS	cl1	3	43.667	42-171	42-101;102-137;137-171	0.632	0.167
1qrl_A	RMSD	cl1	3	42.000	43-168	43-100;101-134;135-168	0.584	0.150
1qrl_A	RMSD	cl1	2	75.000	19-168	19-100;101-168	0.629	0.128
1qrl_A	RMSD	cl1	3	38.333	54-168	54-110;111-145;146-168	0.544	0.127
1qrl_A	RMSD	cl1	3	37.333	30-141	30-53;54-89;90-141	0.553	0.126
1qrl_A	CM	cl1	4	24.500	64-161	64-101;102-121;122-141;142-161	0.459	0.122
1qrl_A	RMSD	cl1	2	66.500	30-162	30-100;101-162	0.651	0.117
1qrl_A	RMSD	cl1	2	61.000	36-157	36-100;101-157	0.610	0.101
1qrl_A	RMSD	cl1	3	30.667	66-157	66-110;111-134;135-157	0.513	0.096
1qrl_A	VECTORS	cl1	3	27.333	65-145	65-101;102-123;123-145	0.553	0.091
1qrl_A	VECTORS	cl1	3	30.667	65-158	65-101;102-128;131-158	0.473	0.090
1qrl_A	RMSD	cl1	2	52.500	30-134	30-75;76-134	0.633	0.090
1qrl_A	VECTORS	cl1	4	17.000	95-165	95-113;113-128;131-145;148-165	0.437	0.084
1qrl_A	VECTORS	cl1	3	17.667	105-157	105-122;123-140;141-157	0.767	0.083
1qrl_A	RMSD	cl1	2	49.000	48-145	48-100;101-145	0.585	0.078
1qrl_A	VECTORS	cl1	3	29.667	65-153	65-101;102-122;123-153	0.428	0.077
1qrl_A	TREKS-23A	cl1	3	16.667	117-166	117-134;135-151;152-166	0.694	0.071
1qrl_A	RMSD	cl1	3	26.333	36-114	36-53;54-75;76-114	0.436	0.070
1qrl_A	TREKS-Op2	cl1	3	16.667	112-161	112-129;130-146;147-161	0.688	0.070
1qrl_A	CM	cl1	3	24.000	10-81	10-41;42-61;62-81	0.401	0.059
1qrl_A	VECTORS	cl1	3	20.333	22-81	22-43;43-60;61-81	0.475	0.058
1qrl_A	TREKS-23A	cl1	3	16.000	117-164	117-134;135-149;150-164	0.549	0.054
1qrl_A	VECTORS	cl1	4	11.750	95-141	95-106;106-119;119-128;131-141	0.418	0.053
1qrl_A	RapBase	cl1	2	20.000	122-161	122-141;142-161	0.756	0.041
1qrl_A	RMSD	cl1	2	17.500	117-151	117-134;135-151	0.804	0.038
1qrl_A	TREKS-16A	cl1	3	13.667	113-153	113-124;125-139;140-153	0.262	0.022
1qrl_A	VECTORS	cl1	2	13.500	22-47	22-38;38-47	0.375	0.013
1qrl_A	VECTORS	cl1	5	12.000	119-177	119-128;131-141;141-154;154-165;165-177	0.038	0.008
1qrl_A	VECTORS	cl1	4	13.250	22-78	22-38;38-47;50-60;64-78	0.031	0.005

>1ru4_A|TM-Score=0.816;Psim-Score=0.889;CE-Score=0.200;V-Score=0.613;L-Score=0.000;CA-Score=0.000;S-Score=0.373;RA-Score=0.318|SVM-Score=1.000
1ru4_A	TRUST-23A	cl1_selected	9	23.889	55-317	55-79;108-129;130-151;152-183;184-208;209-232;253-270;271-293;294-317	0.487	0.454
1ru4_A	VECTORS	cl1	4	50.500	115-323	115-155;159-215;218-277;280-323	0.661	0.218
1ru4_A	VECTORS	cl1	5	41.600	120-328	120-147;147-191;194-223;224-285;286-328	0.485	0.200
1ru4_A	RMSD	cl1	5	37.400	115-301	115-156;157-213;214-251;252-276;277-301	0.471	0.174
1ru4_A	RMSD	cl1	3	79.000	48-284	48-135;136-205;206-284	0.520	0.146
1ru4_A	RMSD	cl1	3	55.000	120-284	120-165;166-222;223-284	0.705	0.137
1ru4_A	VECTORS	cl1	3	56.333	142-310	142-198;199-260;261-310	0.676	0.135
1ru4_A	VECTORS	cl1	3	55.667	137-303	137-193;194-253;254-303	0.659	0.130
1ru4_A	RMSD	cl1	3	63.000	113-301	113-165;166-235;236-301	0.560	0.125
1ru4_A	RMSD	cl1	3	63.333	127-316	127-190;191-260;261-316	0.552	0.124
1ru4_A	RMSD	cl1	2	132.000	53-316	53-190;191-316	0.573	0.119
1ru4_A	RMSD	cl1	2	122.500	46-290	46-165;166-290	0.601	0.116
1ru4_A	RMSD	cl1	2	116.000	53-284	53-165;166-284	0.635	0.116
1ru4_A	RMSD	cl1	4	26.250	101-205	101-126;127-148;149-176;177-205	0.694	0.115
1ru4_A	TREKS-16A	cl1	4	25.250	106-206	106-127;128-149;150-173;174-206	0.702	0.112
1ru4_A	RMSD	cl1	3	59.000	101-277	101-141;142-190;191-277	0.519	0.108
1ru4_A	TREKS-Op1	cl1	4	25.000	106-205	106-127;128-149;150-172;173-205	0.679	0.107
1ru4_A	RMSD	cl1	2	99.000	113-310	113-205;206-310	0.662	0.103
1ru4_A	RMSD	cl1	2	94.500	88-276	88-176;177-276	0.646	0.096
1ru4_A	RMSD	cl1	2	83.000	101-266	101-176;177-266	0.721	0.094
1ru4_A	RMSD	cl1	3	45.333	149-284	149-205;206-251;252-284	0.577	0.093
1ru4_A	RMSD	cl1	3	44.000	136-267	136-165;166-205;206-267	0.580	0.090
1ru4_A	RMSD	cl1	3	47.333	149-290	149-198;199-251;252-290	0.533	0.090
1ru4_A	VECTORS	cl1	2	59.500	142-260	142-198;199-260	0.715	0.067
1ru4_A	VECTORS	cl1	3	26.333	120-198	120-141;142-165;166-198	0.711	0.066
1ru4_A	VECTORS	cl1	2	58.500	137-253	137-193;194-253	0.707	0.065
1ru4_A	RMSD	cl1	2	60.000	133-252	133-192;193-252	0.683	0.065
1ru4_A	RapBase	cl1	3	28.000	103-186	103-128;129-154;155-186	0.629	0.062
1ru4_A	CM	cl1	3	29.667	116-204	116-143;144-171;172-204	0.587	0.062
1ru4_A	VECTORS	cl1	3	29.333	216-303	216-253;254-279;280-303	0.587	0.061
1ru4_A	RMSD	cl1	3	28.667	199-284	199-222;223-260;261-284	0.599	0.061
1ru4_A	VECTORS	cl1	3	28.667	63-147	63-100;101-125;125-147	0.491	0.049
1ru4_A	RapBase	cl1	2	29.000	149-206	149-177;178-206	0.670	0.031
1ru4_A	RapBase	cl1	2	29.000	110-167	110-138;139-167	0.666	0.030
1ru4_A	CM	cl1	2	28.000	151-206	151-178;179-206	0.662	0.029
1ru4_A	RapBase	cl1	2	30.000	247-306	247-276;277-306	0.612	0.029
1ru4_A	VECTORS	cl1	3	22.000	199-266	199-222;223-251;254-266	0.352	0.028
1ru4_A	VECTORS	cl1	2	25.500	266-315	266-289;289-315	0.677	0.027
1ru4_A	VECTORS	cl1	5	16.600	120-204	120-134;137-147;147-166;166-191;194-204	0.124	0.021
1ru4_A	TREKS-Op1	cl1	2	9.000	77-94	77-85;86-94	0.787	0.011
1ru4_A	TREKS-Op1	cl1	2	9.500	77-95	77-85;86-95	0.625	0.009
1ru4_A	TREKS-Op1	cl1	2	11.000	307-328	307-317;318-328	0.432	0.007
1ru4_A	VECTORS	cl1	2	13.000	304-328	304-315;315-328	0.373	0.007
1ru4_A	TREKS-16A	cl2_selected	2	8.500	346-362	346-354;355-362	0.683	0.726

>1dab_A|TM-Score=0.766;Psim-Score=0.812;CE-Score=0.579;V-Score=0.733;L-Score=0.000;CA-Score=0.000;S-Score=0.487;RA-Score=0.267|SVM-Score=1.000
1dab_A	TRUST-23A	cl1_selected	17	25.706	2-521	2-29;30-55;56-87;88-117;118-138;139-168;169-195;196-218;219-246;247-272;273-296;297-328;329-350;384-407;408-426;432-454;500-521	0.400	0.365
1dab_A	CESymm	cl1	18	27.833	1-501	1-28;29-55;56-86;87-116;117-137;138-167;168-195;196-217;218-271;272-295;296-327;328-351;352-382;383-399;400-418;419-445;446-471;472-501	0.359	0.335
1dab_A	VECTORS	cl1	5	90.400	3-454	3-49;50-112;113-214;215-348;349-454	0.444	0.104
1dab_A	RMSD	cl1	4	108.500	21-454	21-124;125-212;213-344;345-454	0.477	0.086
1dab_A	RMSD	cl1	4	109.000	31-466	31-169;170-273;274-353;354-466	0.451	0.081
1dab_A	RMSD	cl1	4	103.250	57-469	57-144;145-273;274-384;385-469	0.474	0.081
1dab_A	RMSD	cl1	4	99.250	70-466	70-144;145-266;267-353;354-466	0.482	0.079
1dab_A	RMSD	cl1	3	171.000	26-538	26-259;260-388;389-538	0.497	0.079
1dab_A	RMSD	cl1	3	162.000	12-497	12-156;157-344;345-497	0.510	0.077
1dab_A	RMSD	cl1	5	60.800	12-315	12-39;40-88;89-139;140-219;220-315	0.488	0.077
1dab_A	RMSD	cl1	5	69.600	119-466	119-156;157-212;213-290;291-353;354-466	0.424	0.076
1dab_A	RMSD	cl1	3	141.667	31-455	31-156;157-317;318-455	0.575	0.076
1dab_A	RMSD	cl1	4	82.750	0-330	0-88;89-144;145-241;242-330	0.539	0.074
1dab_A	RMSD	cl1	3	152.667	50-507	50-266;267-391;392-507	0.494	0.070
1dab_A	RMSD	cl1	4	101.750	24-430	24-162;163-290;291-369;370-430	0.411	0.069
1dab_A	VECTORS	cl1	3	148.667	76-521	76-281;282-410;411-521	0.478	0.066
1dab_A	RMSD	cl1	2	262.500	0-524	0-273;274-524	0.598	0.065
1dab_A	RMSD	cl1	3	130.000	31-420	31-144;145-290;291-420	0.536	0.065
1dab_A	RMSD	cl1	2	254.000	0-507	0-266;267-507	0.609	0.064
1dab_A	RMSD	cl1	3	118.000	0-353	0-118;119-212;213-353	0.574	0.063
1dab_A	RMSD	cl1	3	143.667	84-514	84-290;291-408;409-514	0.451	0.060
1dab_A	RMSD	cl1	2	209.500	12-430	12-203;204-430	0.643	0.056
1dab_A	RMSD	cl1	2	223.000	0-445	0-203;204-445	0.603	0.056
1dab_A	RMSD	cl1	4	66.000	40-303	40-110;111-144;145-203;204-303	0.503	0.055
1dab_A	RMSD	cl1	4	69.750	12-290	12-88;89-139;140-203;204-290	0.465	0.054
1dab_A	RMSD	cl1	2	242.000	0-483	0-241;242-483	0.534	0.053
1dab_A	RMSD	cl1	2	229.000	12-469	12-241;242-469	0.562	0.053
1dab_A	RMSD	cl1	4	68.250	31-303	31-88;89-124;125-202;203-303	0.465	0.052
1dab_A	VECTORS	cl1	4	68.000	31-301	31-83;83-123;124-201;202-301	0.468	0.052
1dab_A	RMSD	cl1	2	192.500	0-384	0-169;170-384	0.639	0.051
1dab_A	RMSD	cl1	4	61.750	51-297	51-131;132-188;189-266;267-297	0.497	0.051
1dab_A	RMSD	cl1	2	201.000	0-401	0-178;179-401	0.604	0.050
1dab_A	RMSD	cl1	2	182.000	21-384	21-178;179-384	0.638	0.048
1dab_A	RMSD	cl1	2	194.500	0-388	0-259;260-388	0.563	0.045
1dab_A	RMSD	cl1	2	153.000	12-317	12-144;145-317	0.677	0.043
1dab_A	RMSD	cl1	3	52.667	31-188	31-98;99-139;140-188	0.590	0.029
1dab_A	RMSD	cl1	3	40.000	70-189	70-110;111-132;133-189	0.539	0.020
1dab_A	TREKS-Op1	cl1	5	10.000	0-49	0-11;12-21;22-30;31-39;40-49	0.762	0.020
1dab_A	RMSD	cl1	4	25.250	291-391	291-319;320-344;345-369;370-391	0.464	0.019
1dab_A	VECTORS	cl1	3	29.667	3-89	3-31;31-57;57-89	0.669	0.018
1dab_A	TREKS-Op1	cl1	6	6.000	263-298	263-267;268-274;275-280;281-285;286-292;293-298	0.788	0.018
1dab_A	VECTORS	cl1	3	26.667	146-224	146-178;179-202;202-224	0.564	0.014
1dab_A	CM	cl1	2	50.000	311-410	311-360;361-410	0.613	0.013
1dab_A	VECTORS	cl1	4	22.500	131-219	131-160;161-179;179-196;197-219	0.327	0.012
1dab_A	VECTORS	cl1	2	40.500	219-298	219-274;274-298	0.575	0.009
1dab_A	CM	cl1	2	28.000	6-61	6-33;34-61	0.726	0.008
1dab_A	RMSD	cl1	2	31.500	179-241	179-203;204-241	0.636	0.008
1dab_A	VECTORS	cl1	2	29.000	25-82	25-49;50-82	0.656	0.008
1dab_A	RapBase	cl1	2	29.000	164-221	164-192;193-221	0.651	0.008
1dab_A	TREKS-16A	cl1	2	23.000	262-307	262-284;285-307	0.746	0.007
1dab_A	RMSD	cl1	2	28.000	298-353	298-330;331-353	0.593	0.007
1dab_A	CM	cl1	2	28.000	40-95	40-67;68-95	0.591	0.007
1dab_A	VECTORS	cl1	4	16.500	78-140	78-89;89-113;113-123;123-140	0.234	0.006
1dab_A	TREKS-23A	cl1	2	23.000	1-46	1-23;24-46	0.633	0.006
1dab_A	TREKS-16A	cl1	3	7.667	403-425	403-410;411-417;418-425	0.733	0.005
1dab_A	TREKS-Op1	cl1	3	7.000	324-344	324-331;332-338;339-344	0.680	0.004
1dab_A	TREKS-16A	cl1	3	5.333	438-453	438-442;443-448;449-453	0.846	0.004
1dab_A	TREKS-16A	cl1	3	5.667	438-454	438-442;443-448;449-454	0.785	0.004
1dab_A	VECTORS	cl1	2	21.000	411-454	411-430;433-454	0.406	0.004
1dab_A	VECTORS	cl1	2	14.500	3-37	3-18;25-37	0.328	0.002
1dab_A	VECTORS	cl1	2	15.000	196-224	196-211;211-224	0.369	0.002
1dab_A	TREKS-Op1	cl1	2	11.500	0-22	0-11;12-22	0.441	0.002
1dab_A	VECTORS	cl1	3	19.333	43-98	43-57;57-83;83-98	0.111	0.002
1dab_A	TREKS-16A	cl1	2	8.000	235-250	235-242;243-250	0.542	0.002
1dab_A	VECTORS	cl1	3	12.667	263-298	263-274;274-286;286-298	0.104	0.001

>1ea0_A|TM-Score=0.000;Psim-Score=0.000;CE-Score=0.000;V-Score=0.000;L-Score=0.000;CA-Score=0.000;S-Score=0.000;RA-Score=0.000|SVM-Score=0.823
1ea0_A	No-TRs
>1tsp_A|TM-Score=0.709;Psim-Score=0.875;CE-Score=0.399;V-Score=0.662;L-Score=0.000;CA-Score=0.000;S-Score=0.453;RA-Score=0.256|SVM-Score=0.997
1tsp_A	RMSD	cl1_selected	3	104.000	28-339	28-174;175-244;245-339	0.498	0.169
1tsp_A	RMSD	cl1	3	71.333	173-386	173-260;261-327;328-386	0.491	0.114
1tsp_A	RMSD	cl1	2	157.000	175-488	175-276;277-488	0.490	0.112
1tsp_A	RapBase	cl1	4	44.000	171-346	171-199;200-228;229-285;286-346	0.425	0.108
1tsp_A	RMSD	cl1	2	137.000	201-474	201-294;295-474	0.505	0.100
1tsp_A	RMSD	cl1	2	104.500	155-363	155-244;245-363	0.633	0.096
1tsp_A	RMSD	cl1	2	94.500	175-363	175-252;253-363	0.632	0.087
1tsp_A	RMSD	cl1	4	27.000	175-282	175-200;201-224;225-252;253-282	0.523	0.082
1tsp_A	TREKS-Op1	cl1	6	7.000	30-71	30-36;37-43;44-50;51-57;58-64;65-71	0.818	0.075
1tsp_A	RMSD	cl1	2	75.000	190-339	190-252;253-339	0.578	0.063
1tsp_A	RMSD	cl1	2	63.500	201-327	201-252;253-327	0.659	0.061
1tsp_A	VECTORS	cl1	2	72.000	161-304	161-233;234-304	0.547	0.057
1tsp_A	TREKS-16A	cl1	6	5.667	327-360	327-331;332-336;337-342;343-348;349-353;354-360	0.769	0.057
1tsp_A	RMSD	cl1	3	29.000	277-363	277-317;318-339;340-363	0.571	0.054
1tsp_A	RMSD	cl1	2	55.000	277-386	277-339;340-386	0.659	0.053
1tsp_A	TREKS-16A	cl1	6	5.333	32-63	32-37;38-43;44-48;49-53;54-57;58-63	0.747	0.052
1tsp_A	CM	cl1	2	50.000	151-250	151-200;201-250	0.637	0.046
1tsp_A	TREKS-16A	cl1	4	6.250	32-56	32-37;38-43;44-50;51-56	0.825	0.030
1tsp_A	RMSD	cl1	2	35.000	161-230	161-200;201-230	0.567	0.029
1tsp_A	RapBase	cl1	2	29.000	201-258	201-229;230-258	0.581	0.024
1tsp_A	TREKS-Op1	cl1	3	8.000	36-59	36-42;43-49;50-59	0.739	0.019
1tsp_A	VECTORS	cl1	2	24.500	341-388	341-363;363-388	0.525	0.018
1tsp_A	TREKS-Op2	cl1	3	17.667	142-194	142-160;161-180;181-194	0.296	0.017
1tsp_A	TREKS-23A	cl1	2	18.000	312-347	312-329;330-347	0.608	0.016
1tsp_A	TREKS-16A	cl1	3	6.333	75-93	75-79;80-87;88-93	0.648	0.013
1tsp_A	VECTORS	cl1	2	16.500	200-231	200-215;215-231	0.405	0.009
1tsp_A	VECTORS	cl1	2	21.000	30-73	30-50;53-73	0.261	0.008
1tsp_A	VECTORS	cl1	2	17.500	341-374	341-355;355-374	0.315	0.008
1tsp_A	VECTORS	cl1	2	13.500	270-316	270-284;305-316	0.215	0.007
1tsp_A	TREKS-Op1	cl1	2	9.000	284-301	284-293;294-301	0.499	0.007
1tsp_A	TREKS-23A	cl1	2	11.000	333-354	333-343;344-354	0.408	0.006
1tsp_A	TREKS-Op1	cl2_selected	3	9.333	515-542	515-526;527-533;534-542	0.557	0.577
1tsp_A	TREKS-Op1	cl2	2	10.000	520-539	520-530;531-539	0.809	0.399

>1go8_P|TM-Score=0.767;Psim-Score=0.711;CE-Score=0.150;V-Score=0.711;L-Score=0.295;CA-Score=0.000;S-Score=0.456;RA-Score=0.185|SVM-Score=1.000
1go8_P	RMSD	cl1_selected	5	26.200	232-362	232-261;262-291;292-326;327-344;345-362	0.450	0.346
1go8_P	VECTORS	cl1	4	30.750	248-373	248-289;292-318;321-346;346-373	0.445	0.263
1go8_P	TRUST-23A	cl1	5	9.000	323-367	323-331;332-340;341-349;350-358;359-367	0.894	0.236
1go8_P	TREKS-Op1	cl1	6	7.333	290-333	290-296;297-304;305-311;312-317;318-325;326-333	0.721	0.223
1go8_P	RMSD	cl1	2	28.500	318-374	318-344;345-374	0.572	0.077
1go8_P	RapBase	cl1	2	25.000	323-372	323-347;348-372	0.638	0.075
1go8_P	VECTORS	cl1	2	19.000	337-373	337-355;355-373	0.619	0.054
1go8_P	VECTORS	cl1	2	18.000	300-337	300-318;321-337	0.412	0.037

>1qjv_A|TM-Score=0.749;Psim-Score=0.818;CE-Score=0.407;V-Score=0.560;L-Score=0.000;CA-Score=0.000;S-Score=0.566;RA-Score=0.176|SVM-Score=0.995
1qjv_A	CESymm	cl1_selected	10	29.500	1-317	1-27;28-52;53-94;95-136;137-158;159-178;179-210;211-243;256-281;292-317	0.324	0.325
1qjv_A	RMSD	cl1	3	75.333	51-276	51-136;137-178;179-276	0.527	0.113
1qjv_A	RMSD	cl1	3	78.667	45-280	45-136;137-185;186-280	0.501	0.112
1qjv_A	RMSD	cl1	2	125.000	29-278	29-171;172-278	0.507	0.080
1qjv_A	RMSD	cl1	2	111.000	29-250	29-158;159-250	0.535	0.075
1qjv_A	RMSD	cl1	2	102.000	29-232	29-151;152-232	0.575	0.074
1qjv_A	RMSD	cl1	2	117.000	39-272	39-171;172-272	0.499	0.074
1qjv_A	RMSD	cl1	2	92.000	39-222	39-151;152-222	0.586	0.068
1qjv_A	RMSD	cl1	4	26.000	88-191	88-128;129-151;152-171;172-191	0.512	0.067
1qjv_A	TREKS-Op1	cl1	6	6.500	155-193	155-160;161-166;167-173;174-180;181-186;187-193	0.853	0.063
1qjv_A	RMSD	cl1	2	84.500	45-213	45-151;152-213	0.480	0.051
1qjv_A	VECTORS	cl1	3	28.000	90-172	90-130;131-150;150-172	0.522	0.041
1qjv_A	TREKS-Op2	cl1	3	19.333	129-186	129-149;150-170;171-186	0.624	0.034
1qjv_A	RMSD	cl1	2	38.500	95-171	95-151;152-171	0.554	0.027
1qjv_A	RMSD	cl1	2	32.000	95-158	95-136;137-158	0.581	0.024
1qjv_A	VECTORS	cl1	2	34.500	235-304	235-268;270-304	0.492	0.022
1qjv_A	VECTORS	cl1	2	26.500	131-186	131-157;161-186	0.556	0.020
1qjv_A	RMSD	cl1	2	20.000	130-169	130-149;150-169	0.626	0.016
1qjv_A	TREKS-Op1	cl1	3	6.000	27-44	27-31;32-38;39-44	0.687	0.012
1qjv_A	TREKS-16A	cl1	2	10.500	47-67	47-55;56-67	0.642	0.009
1qjv_A	VECTORS	cl1	4	13.750	131-186	131-145;145-157;161-172;172-186	0.102	0.007
1qjv_A	TREKS-Op1	cl1	2	12.000	271-294	271-283;284-294	0.373	0.006
1qjv_A	TREKS-Op1	cl1	2	12.500	138-162	138-150;151-162	0.280	0.004
1qjv_A	VECTORS	cl1	2	21.000	47-92	47-59;64-92	0.125	0.004

>1vbl_A|TM-Score=0.605;Psim-Score=0.694;CE-Score=0.247;V-Score=0.630;L-Score=0.000;CA-Score=0.000;S-Score=0.492;RA-Score=0.270|SVM-Score=0.938
1vbl_A	RMSD	cl1_selected	2	104.000	153-360	153-252;253-360	0.512	0.242
1vbl_A	RMSD	cl1	2	86.000	195-366	195-284;285-366	0.617	0.241
1vbl_A	RMSD	cl1	2	94.000	179-366	179-274;275-366	0.537	0.229
1vbl_A	RMSD	cl1	2	80.000	195-354	195-274;275-354	0.573	0.208
1vbl_A	VECTORS	cl1	4	27.750	236-345	236-278;279-305;306-326;326-345	0.347	0.174
1vbl_A	VECTORS	cl1	2	43.000	146-230	146-191;191-230	0.508	0.098
1vbl_A	VECTORS	cl1	2	27.500	292-345	292-317;317-345	0.525	0.064
1vbl_A	VECTORS	cl1	2	13.000	221-249	221-234;238-249	0.125	0.008
1vbl_A	VECTORS	cl1	2	12.500	280-303	280-292;292-303	0.125	0.007

>1bn8_A|TM-Score=0.543;Psim-Score=0.727;CE-Score=0.386;V-Score=0.589;L-Score=0.000;CA-Score=0.000;S-Score=0.298;RA-Score=0.246|SVM-Score=0.851
1bn8_A	TREKS-Op1	cl1_selected	12	5.417	234-298	234-238;239-244;245-250;251-255;256-259;260-264;265-269;270-275;276-279;280-286;287-291;292-298	0.712	0.246
1bn8_A	RMSD	cl1	2	78.500	173-329	173-246;247-329	0.519	0.072
1bn8_A	RMSD	cl1	2	54.500	221-329	221-278;279-329	0.599	0.058
1bn8_A	VECTORS	cl1	2	42.500	141-224	141-185;185-224	0.488	0.036
1bn8_A	RMSD	cl1	2	26.000	269-320	269-290;291-320	0.630	0.029
1bn8_A	VECTORS	cl1	2	13.000	215-243	215-228;232-243	0.125	0.003
1bn8_A	TREKS-Op1	cl1	3	12.333	303-339	303-315;316-327;328-339	0.056	0.003

