4a9v_A.20_41
2uve_A.149_198
4mjf_A.1_222
1t61_A.1_222
3gnf_B.1_352
4ymx_A.1_196
4ku0_D.1_92
1rid_A.0_240
1mbm_A.5_181
4nzq_A.0_192
4dur_A.79_509
4kku_A.207_239
3r8j_A.9_179
2gu1_A.0_193
1wp5_A.5_304
2ylm_A.5_528
2ya1_A.0_229
2xhc_A.41_152
2a90_A.1_153
4fbr_A.1_265
1wv3_A.0_185
2kw1_A.4_85
4bdv_A.35_607
2vtu_J.1_253
2be1_A.18_166
3nvx_A.72_133
2eab_A.116_278
3l1e_A.3_93
2auj_D.11_297
2w7q_A.71_169
2o62_A.4_268
3gmx_A.0_153
2q4m_A.12_141
3f6g_A.1_119
4zch_A.0_421
4x2u_A.110_184
1o70_A.1_291
3k44_A.1_141
4kop_A.2_135
2yhh_A.1_107
2l6n_A.2_103
4gzu_A.201_435
2e50_A.75_152
4ifs_A.1_227
3pv2_A.188_383
2qrt_A.25_397
4ic4_A.50_147
4npj_A.17_287
3tow_A.1_146
2bsy_A.0_226
2zx2_A.0_194
3agy_A.1_159
4hsa_C.0_271
2y2w_A.409_493
2r51_A.1_284
3f83_A.9_507
2p0m_A.0_115
4mkm_A.1_291
3i57_A.0_183
4tsh_B.18_484
4m4p_A.28_468
4aqb_A.1_298
2e26_A.1_704
4xup_A.5_327
3wmq_A.0_78
4lo8_A.1_231
2vvf_A.1_261
3ejh_A.0_90
3rwx_A.3_233
3qs9_E.1_404
4liq_E.8_465
4p48_A.0_234
1zso_A.1_152
2ymo_A.1_218
4aq1_A.111_537
2ygq_A.27_136
3vyn_A.0_346
4p99_A.0_414
4beu_A.279_346
3rqb_A.1_256
4e3e_A.1_350
4hzo_A.1_299
4csb_A.2_111
3syj_A.145_199
3u58_A.0_212
2jz4_A.1_293
3kcg_I.232_315
4o1s_A.2_151
4tse_A.0_146
3h41_A.0_173
4krt_A.208_346
2bjq_A.1_338
2fj8_A.2_119
2qsk_A.1_89
1oki_A.2_174
2iyk_A.0_88
1mpp_A.1_347
2rde_A.14_197
3u30_A.1_147
3pt9_A.0_361
3dlm_A.11_207
4ecn_A.0_226
4lzi_A.4_274
2luy_A.0_95
4j7h_A.16_437
2mam_A.12_68
2fd6_U.0_248
1twf_I.0_105
4fe9_A.121_445
3hpa_A.0_54
4lk9_A.0_125
3suc_A.701_748
2ix0_A.15_147
2kui_A.0_271
4m9p_A.0_288
2qnk_A.32_275
3o14_A.6_215
4roh_A.0_75
3c9a_A.0_207
3m9b_A.46_185
2v5o_A.6_558
4gc1_A.11_249
2gy5_A.254_311
5agv_A.1_385
2xgf_A.1_204
4oq1_A.121_330
4r8x_A.1_298
3j31_Q.1_24
4wve_A.1_153
