4mob_A.1_318
4f23_A.260_294
3hh2_C.90_277
3mwq_A.1_255
3ttc_A.355_400
4yar_A.1_428
4iiw_A.0_168
1xgk_A.216_277
3isq_A.6_346
4fz2_A.1_226
2ci1_A.35_268
4dg8_A.11_117
3lzd_A.3_76
1d0n_A.0_505
3fd2_A.1_336
3zl8_A.28_129
4lb0_A.2_323
3ihp_A.0_225
4u2m_A.1_226
2jun_A.0_100
4alz_A.1_189
1ejd_A.19_413
4piv_A.340_433
1lm7_A.38_184
2j4m_A.0_99
3wsg_A.1_235
3l7i_A.25_352
1ez0_A.178_353
2owo_A.216_278
2wlr_A.0_406
3j08_A.339_543
3teb_A.1_257
4q2c_A.468_528
2r6s_A.21_114
1o98_A.351_432
3f41_A.8_589
3vth_A.422_491
4ogg_A.0_383
3t7j_A.6_233
4k3b_A.0_325
3dza_A.18_136
3few_X.55_228
3aa0_A.83_126
1pg6_A.10_200
1gtt_A.1_419
4bmj_A.4_57
4rz7_A.29_514
3c6f_A.44_112
3sqn_A.0_147
3j3i_A.117_884
4e9j_A.0_216
2hye_C.533_718
3tav_A.15_252
3mwc_A.57_133
3v68_A.1_239
2ly1_A.0_179
2obd_A.256_314
1ewf_A.1_453
1ydx_A.2_369
4uwh_A.183_263
2wyh_A.259_339
1mc0_A.0_330
2d9k_A.0_64
3ksk_A.1_309
4fbn_A.0_231
2cor_A.0_56
3n4i_B.0_164
3hrz_D.321_392
4eby_A.5_199
2qrd_E.12_304
4cso_A.5_213
4cvh_A.132_219
1yo8_A.217_408
2kwo_A.1_102
3l8w_A.0_294
3uxj_A.1_231
1fwy_A.66_121
3rga_A.1_276
4ap4_A.1_127
3k4x_A.1_754
3nt8_A.1_396
4na1_A.304_371
1xkr_A.1_200
2b5e_A.0_482
1zyn_A.1_194
4usa_A.473_553
1qu6_A.0_178
4ht5_A.0_201
3io0_A.0_228
4kyz_A.21_154
1unn_C.1_98
1zj9_A.79_539
3hyi_A.13_161
3bg9_A.55_123
4k0j_A.1_951
4c9s_A.4_248
4n0t_A.0_362
4e0t_A.23_404
4hhu_A.1_156
4ras_A.22_697
2z51_A.1_148
4g1i_A.1_187
3af5_A.1_134
2qv6_A.1_246
4cll_A.9_453
2yd0_A.273_340
2fge_A.16_954
3n89_A.17_289
4b0a_A.0_236
1gxj_A.1_146
1pby_A.10_189
1p0h_A.1_289
3khi_A.19_101
4msp_A.127_188
3p3c_A.1_263
4ev1_A.10_222
4cdp_A.0_332
3qe3_A.272_321
3mbb_A.12_172
3gu0_A.123_329
2a5h_A.368_399
3a1m_A.11_86
