1e3p_A.10_567
2c9e_A.1_315
4n2x_A.4_285
1tzv_A.0_140
2gqj_A.0_71
1avc_A.0_584
4kmo_B.24_217
2ynq_A.0_132
4bzj_A.411_610
3rmr_A.0_211
2ozn_B.46_130
4j7o_A.18_313
4mhc_A.457_535
4tq3_A.1_282
1v9m_A.68_267
1i36_A.125_248
4oav_B.597_666
3gwj_A.97_175
4m0m_A.417_720
3d5l_A.50_201
3f3f_C.49_422
3mlg_A.0_160
2dg7_A.49_179
3iuk_A.95_275
3i4r_B.81_289
3l1n_A.9_153
3b34_A.280_389
3tds_A.1_253
1xd4_A.537_643
4l8u_A.0_582
4bjm_A.11_214
2q0t_A.3_252
1qhm_A.184_320
2iw3_A.847_947
4p40_A.0_284
4j7c_I.0_400
4rec_A.6_88
1t5j_A.5_266
3h4c_A.2_199
4n6w_A.25_94
2ivx_A.0_255
2lyi_A.8_155
4esu_A.1_182
3aqp_A.1_718
3ibj_A.406_513
3n3u_A.128_227
4wky_A.315_382
3mkt_A.3_449
2zjs_Y.9_408
2fm8_C.56_210
3bvo_A.8_192
4qtn_A.24_228
4o9u_B.1_259
1ij5_A.79_156
2vpz_C.5_238
3e0s_A.1_285
4npf_X.5_114
3ux4_A.0_174
3d19_A.0_263
3mpx_A.0_188
3rko_D.0_310
1sj8_A.43_269
2olt_A.1_213
1y2m_A.136_190
4bwz_A.4_379
4atv_A.14_240
3wx7_A.209_251
1v9d_A.8_86
5afr_A.79_246
4p5x_A.193_266
2q4u_A.5_262
3l19_A.35_145
3qe7_A.3_405
4us3_A.6_410
1rqb_A.344_454
4r6i_A.166_385
3ugm_A.43_848
3ip4_B.291_388
3tac_B.29_291
4lpq_A.11_75
1rt8_A.4_464
1gnl_A.0_182
1u9p_A.18_94
3lfu_A.370_488
2r0y_A.0_282
1c7c_A.49_275
4ryk_A.3_65
2kn6_A.0_194
3hjl_A.18_86
4a2q_A.0_186
2lbc_A.0_115
2l22_A.0_182
2p01_A.0_214
3sib_A.21_183
4bes_A.218_315
3abh_A.7_237
3thx_A.365_472
4ci6_B.431_535
3j9p_A.375_548
3siu_B.1_210
4p1n_A.0_189
2o36_A.212_354
3i08_A.0_112
4b1z_M.1_101
4gfj_A.295_609
