1jtd_B	VECTORS	clus1	6	38.17	43-275	43-82;83-119;122-158;161-197;198-236;237-275	0.92	0.59	0.95	0.89	0.89	0.85

1tbg_A	VECTORS	clus1	7	37.43	47-339	47-83;88-125;134-170;175-212;217-254;259-298;306-339	0.91	0.55	0.92	0.91	0.91	0.76

1ocr_E	RMSD	clus1	2	53.50	1-107	1-53;54-107	0.59	0.40	0.44	0.75	0.75	0.44

1fe4_A	VECTORS_2ndS	clus1	2	30.50	3-67	3-34;39-67	0.69	0.45	0.49	0.89	0.89	0.46

1hcd_A	TRUST-23A	clus1	3	38.33	4-118	4-41;42-81;82-118	0.57	0.56	0.58	0.60	0.51	0.49

1b64_A	VECTORS	clus1	2	41.00	5-90	5-45;50-90	0.71	0.68	0.55	0.87	0.87	0.53

1jb0_C	RMSD	clus1	2	37.50	1-75	1-37;38-75	0.63	0.64	0.60	0.74	0.59	0.57

3chy_A	RMSD	clus1	3	31.33	36-129	36-81;82-105;106-129	0.47	0.36	0.55	0.38	0.38	0.50

1bk5_A	VECTORS_2ndS	clus1	10	29.60	90-508	90-116;132-159;175-201;216-243;252-286;301-328;342-369;384-414;429-465;482-508	0.75	0.49	0.88	0.61	0.61	0.68

2dri_A	VECTORS_2ndS	clus1	6	26.17	38-204	38-67;68-98;99-120;125-152;155-179;184-204	0.47	0.23	0.63	0.31	0.31	0.40

1b4b_A	RMSD	clus1	2	34.50	79-147	79-112;113-147	0.85	0.86	0.76	0.94	0.94	0.73

1k40_A	RMSD_Signals	clus1	3	35.00	921-1025	921-955;957-991;991-1025	0.59	0.57	0.59	0.60	0.60	0.46

1m2e_A	TRUST-23A	clus1	3	23.67	5-75	5-26;27-52;53-75	0.42	0.41	0.42	0.44	0.40	0.29

2mhr_A	VECTORS_2ndS	clus1	2	42.00	19-108	19-64;71-108	0.72	0.73	0.60	0.84	0.84	0.59

1hcx_A	RMSD_Signals	clus1	5	21.00	192-294	192-212;213-233;234-254;254-274;274-294	0.65	0.44	0.55	0.74	0.74	0.27

1jof_C	VECTORS_2ndS	clus1	7	48.71	4-360	4-52;53-107;108-157;158-200;206-262;268-316;323-360	0.61	0.53	0.76	0.46	0.46	0.61

1d2o_A	RMSD	clus1	2	93.00	535-720	535-627;628-720	0.88	0.59	0.86	0.90	0.90	0.86

1rpx_A	VECTORS_2ndS	clus1	3	53.00	12-199	12-66;70-116;143-199	0.58	0.24	0.58	0.57	0.57	0.50

1prs_A	RMSD	clus1	4	42.75	3-173	3-48;49-90;91-135;136-173	0.62	0.50	0.66	0.59	0.59	0.58

1a7g_E	RMSD	clus1	2	41.00	291-372	291-334;335-372	0.60	0.61	0.55	0.63	0.68	0.54

2bnh_A	VECTORS	clus1	16	23.50	4-448	4-28;29-56;57-83;84-111;112-133;141-163;169-190;198-220;226-246;255-277;283-304;312-334;340-361;369-391;397-417;426-448	0.59	0.48	0.85	0.32	0.33	0.39

1tf3_A	VECTORS	clus1	3	26.00	13-98	13-38;43-68;73-98	0.82	0.60	0.68	0.95	0.95	0.53

1thf_D	VECTORS_2ndS	clus1	4	54.00	5-244	5-70;76-120;137-193;197-244	0.52	0.28	0.61	0.43	0.43	0.48

1l3p_A	VECTORS_2ndS	clus1	2	44.00	151-251	151-196;210-251	0.72	0.72	0.71	0.72	0.72	0.70

1dpt_A	RMSD	clus1	2	58.50	1-117	1-58;59-117	0.59	0.60	0.56	0.64	0.61	0.58

1fq0_A	VECTORS	clus1	4	46.00	25-212	25-72;76-115;117-160;161-212	0.59	0.26	0.61	0.58	0.58	0.44

1afj_A	RMSD	clus1	2	36.00	1-72	1-37;38-72	0.57	1.15	0.46	0.77	0.59	0.41

1qfe_A	VECTORS	clus1	3	59.33	17-198	17-71;76-134;135-198	0.66	0.14	0.60	0.73	0.73	0.55

1l0q_A	VECTORS	clus1	7	36.71	2-289	2-39;45-81;87-123;129-165;171-207;213-251;257-289	0.93	0.38	0.97	0.89	0.89	0.87

1jyg_A	VECTORS_2ndS	clus1	2	28.50	9-66	9-33;35-66	0.62	0.63	0.51	0.72	0.72	0.41

1fbr_A	PDPFinder	clus1	2	46.50	1-93	1-45;46-93	0.66	0.44	0.71	0.58	0.62	0.69

1lsl_A	RMSD	clus1	2	56.50	416-528	416-472;473-528	0.86	1.73	0.78	0.94	0.94	0.79

1otg_A	VECTORS_2ndS	clus1	2	40.50	18-119	18-52;74-119	0.52	0.53	0.51	0.52	0.55	0.49

2psp_A	RMSD	clus1	2	47.00	2-95	2-46;47-95	0.82	0.83	0.78	0.86	0.86	0.78

1amm_A	VECTORS_2ndS	clus1	4	37.00	2-151	2-40;41-88;89-128;131-151	0.73	0.51	0.87	0.60	0.60	0.65

1vmo_A	RMSD	clus1	3	52.33	7-163	7-60;61-113;114-163	0.71	0.51	0.76	0.67	0.64	0.72

1bff_A	RMSD	clus1	3	42.67	26-154	26-67;69-110;111-154	0.81	0.61	0.78	0.84	0.84	0.70

2cwg_A	PDPFinder	clus1	4	42.50	2-171	2-42;43-85;86-128;129-171	0.97	0.97	0.95	0.98	0.98	0.93

1lxa_A	VECTORS_2ndS	clus1	5	35.80	1-197	1-33;36-70;83-124;127-160;163-197	0.63	0.24	0.85	0.45	0.38	0.69

