2aao_A.0_146
1r17_A.0_291
1r17_A.295_318
4ccs_A.1_225
3miz_A.1_256
2qsf_A.304_399
1vr9_A.1_111
2kwo_A.1_102
1vky_A.71_113
1vky_A.139_205
3byh_B.1_225
4ej6_A.102_213
4cmy_A.3_143
3p9z_A.1_209
4ch7_A.1_278
2mam_A.12_68
1y4c_A.328_478
1l6j_A.182_349
4u9n_A.41_176
2r10_A.33_277
2x55_A.32_267
4abx_A.13_55
2e3u_A.0_165
2p1y_A.1_226
2w3p_A.1_463
4j90_A.22_167
2hcj_B.162_309
3sfx_B.58_387
3w3s_A.0_164
3zzm_A.213_519
1kzy_C.9_226
3rip_A.0_274
3rip_A.423_506
1j72_A.0_336
2jfn_A.1_220
4n9f_3.42_287
4p6q_A.1_253
3p0j_A.31_647
4f0z_B.9_154
4mzg_B.0_195
4kbl_A.0_251
3dyj_A.0_316
4fin_A.1_528
4e6z_A.7_192
1wdu_A.1_213
4rs6_A.36_92
2iln_I.2_50
3q2q_A.52_288
1oki_A.2_174
3c02_A.1_236
4f02_A.1_164
1knc_A.6_170
2r19_A.6_124
2bo9_B.3_215
4le7_A.1_237
1c3m_A.4_143
2q4m_A.12_141
3s99_A.0_244
3ugm_A.43_848
3on4_A.106_162
2csh_A.0_87
4y9t_A.1_260
2wcy_A.10_144
3isq_A.6_346
3ee4_A.84_287
1k0r_A.185_325
2ynq_A.0_132
3jvd_A.1_229
3cis_A.3_286
4tkc_A.26_111
4bps_A.4_329
4zv3_A.1_298
3m65_A.67_112
3m65_A.132_199
4m88_A.77_238
4o5a_A.0_247
3rb5_A.20_237
3s1s_A.38_59
3s1s_A.294_380
3s1s_A.728_756
2vje_A.0_59
1j4w_A.2_144
4l6r_A.20_340
1fpo_A.0_170
3n4i_B.0_164
3kcg_I.232_315
2in0_A.1_125
3oou_A.0_104
1zyn_A.1_194
3olj_A.71_216
3g68_A.1_331
2q3z_A.441_654
4mhl_A.0_158
2xcz_A.0_103
3aaw_A.13_120
3aaw_A.225_320
1y1x_A.16_168
2dbq_A.1_315
1a7i_A.0_43
1alu_A.3_152
3e4w_A.103_164
2y25_A.0_309
1pvm_A.1_120
3chj_A.1_300
1sek_A.157_202
1sek_A.261_278
4n6w_A.25_94
2z08_A.9_97
3f8u_A.0_468
1jil_A.28_108
1jil_A.160_232
2qq5_A.1_217
2v09_A.37_371
3tsa_A.1_323
1o75_A.191_398
3gsl_A.0_193
4bbo_A.1_111
4esu_A.1_182
4rwe_A.1_258
3f8m_A.66_220
1h8p_A.0_87
3dmy_A.17_64
3dmy_A.92_392
4igk_A.1_207
1u6l_A.1_129
3pm9_A.13_62
3pm9_A.216_423
3mse_B.13_100
1zjk_A.43_103
3k4x_A.1_754
1vjx_A.41_143
3cn5_A.1_236
3u1k_A.7_546
2qqk_A.231_540
3err_A.24_205
3tht_A.256_273
2wnk_A.2_141
3vcx_A.0_121
4iwk_A.1_99
3khe_A.1_183
1rxq_A.1_169
4l9m_A.44_135
4l9m_A.483_518
2a90_A.1_153
2wta_A.98_201
1en2_A.1_82
3ttc_A.0_91
3ttc_A.145_225
3ttc_A.355_400
4kc3_B.0_277
2f1f_A.0_162
3eua_A.0_314
4pg7_A.39_121
4pg7_A.231_258
3ubh_A.5_406
4mdu_A.45_277
1u69_A.0_116
1kxp_D.0_437
3wnd_A.0_360
2zhj_A.12_309
1hdf_A.11_96
3e61_A.1_220
1bbo_A.3_55
1lns_A.227_250
4iil_A.1_261
4p99_A.0_414
2qcs_B.28_267
4a5v_A.6_154
2anr_A.17_148
3fwu_A.1_105
1u5s_B.5_58
1k5n_A.1_175
3pjz_A.64_452
4iuy_A.1_228
4fye_A.503_558
1iy8_A.1_236
3i6v_A.1_185
2mbv_A.0_62
2r0y_A.0_282
3x0d_A.3_621
1ouw_A.3_145
2yil_A.12_128
4gjr_A.14_488
2h98_A.2_199
4n03_A.13_309
3ne5_B.15_35
1qu6_A.0_178
3nwa_A.52_78
3nwa_A.384_425
4wph_A.22_336
3nrw_A.1_92
3q6b_A.0_154
4fe9_A.121_445
3mxa_A.3_295
3gwj_A.97_175
3gwj_A.475_492
3sl7_A.1_131
1tfz_A.7_341
2fge_A.16_954
3rxy_A.1_266
2bjk_A.75_130
2bjk_A.206_262
2bjk_A.429_471
1kzl_A.1_181
4b3f_X.115_251
1p6f_A.1_187
4x7r_A.1_59
4x7r_A.98_194
3f41_A.8_589
4kvf_A.9_268
1qdm_A.274_338
4m00_A.0_483
1rcw_A.27_148
3mw8_A.1_235
3b0g_A.73_532
1oi7_A.7_255
1yt8_A.0_483
1dfa_A.360_380
2p25_A.4_124
2y32_A.1_113
2qib_A.66_137
2p0k_A.7_206
2a06_A.20_440
2a06_B.15_421
4f7g_B.0_166
3p91_A.1_239
4tq3_A.1_282
4n8i_A.10_367
3m9b_A.46_185
3ab8_A.1_260
4ipb_A.0_140
5agv_A.1_385
3ipc_A.1_286
1qme_A.442_557
2cup_A.7_95
3hnc_A.0_74
3hnc_A.114_180
3hnc_A.657_713
3ux4_A.0_174
2x7x_A.1_255
2kcc_A.40_82
3wfd_B.10_400
4mjf_A.1_222
4u0s_A.0_124
3gyb_A.1_234
2xp1_A.5_173
2ffj_A.0_266
4j80_A.104_247
4la9_A.1_201
1cnt_1.1_132
3b59_A.1_248
4u2m_A.1_226
1slq_A.4_30
2pq3_A.4_70
2q9o_A.158_519
2owo_A.216_278
2owo_A.435_585
4aq1_A.111_537
1s3r_A.342_368
1s3r_A.372_472
4e1s_A.18_146
2o16_A.1_126
2cor_A.0_56
4rk0_A.0_245
2gy5_A.0_186
2gy5_A.254_311
3kan_A.0_102
2cvc_A.0_459
2yqy_A.45_89
2kud_A.0_136
2c9e_A.1_315
2gdz_A.32_87
2gdz_A.97_184
2pjp_A.5_119
3p2t_A.1_193
4lay_A.0_233
4oit_A.7_28
4oit_A.37_96
3c6f_A.44_112
4p40_A.0_284
2o20_A.0_250
4qrk_A.31_173
3ewk_A.1_226
1zcz_A.11_56
1zcz_A.183_445
2c2a_A.3_44
4k3l_A.1_350
2qnd_A.0_140
3cs3_A.3_241
4tve_A.7_260
1tiz_A.1_59
2l7b_A.55_177
3zyq_A.0_113
1ihu_A.1_536
2yzc_A.4_275
1vr0_A.3_144
4kku_A.27_145
4kku_A.207_239
4is7_A.0_139
4xlw_B.181_251
3u3p_A.4_163
3u52_A.119_339
1z6o_M.12_171
2eg4_A.0_229
2aml_A.3_342
3opy_B.135_879
3oio_A.6_107
2k2c_A.91_131
2ipc_A.56_192
2ipc_A.379_465
2ipc_A.727_768
3kly_A.7_254
4cuj_A.1_324
4k3c_A.254_382
2xgf_A.1_204
2bv2_A.1_81
3bdl_A.1_536
2i7a_A.16_151
3kmi_A.7_169
4b2s_A.4_122
4wat_A.51_316
3cl3_A.0_171
2yhs_A.114_287
2pm7_A.123_337
3tmm_A.1_184
2l6y_B.0_60
3bre_A.2_45
3bre_A.108_149
3d4e_A.3_160
3ejh_A.0_90
3uxj_A.1_231
3my2_A.1_55
3ujp_A.0_273
4hzo_A.1_299
2jah_A.1_226
3v8o_A.0_192
1qub_A.109_189
1u0k_A.4_99
1u0k_A.154_245
3syn_A.67_225
4mtk_A.99_166
4mtk_A.482_593
1jnr_B.0_67
2ehe_A.0_69
3mk4_A.1_98
2xu9_A.0_438
4jqt_A.1_428
4xrv_A.0_254
3qap_A.1_213
3vv5_A.12_212
4qqd_A.1_131
3a8g_B.23_104
3a8g_B.154_193
2jxw_A.3_69
2oex_A.69_334
4p48_A.0_234
2ymo_A.1_218
3qax_A.1_200
2kn6_A.0_194
3uem_A.0_357
2ozn_B.46_130
3hm4_A.1_152
4av3_A.211_686
2c45_A.5_88
1rm1_A.3_179
2vpz_C.5_238
1p0h_A.1_289
3ayf_A.334_745
3d4o_A.1_288
3i0z_A.13_356
4cz8_A.176_359
4lot_A.117_245
2f83_A.0_330
2f83_A.470_500
3pgu_A.114_404
4lk9_A.0_125
4npf_X.5_114
4b4u_A.69_188
2qy0_A.0_143
2gu3_A.0_127
1nki_A.0_121
3t2l_A.171_207
3t2l_A.251_271
3zoj_A.17_253
2fbo_J.1_235
2xcs_B.528_562
4wky_A.3_43
4wky_A.147_202
4wky_A.315_382
3b5o_A.13_162
3f85_A.136_306
3ugu_A.0_344
2dlq_A.7_113
3lx1_A.1_245
2v9h_A.5_153
2x9g_A.1_229
1q2l_A.26_903
3sxu_B.12_47
2dpf_A.5_74
2ygl_A.3_348
1sy6_A.2_166
3b08_A.1_146
4x9t_A.1_240
4elj_A.0_588
3u9g_A.0_178
3f8l_A.4_156
3zi1_A.10_255
3m66_A.6_253
2ef7_A.1_125
1rwz_A.1_241
2y71_A.1_133
4bg2_A.12_292
2j4m_A.0_99
3lqn_A.1_136
3kpt_A.0_50
3kpt_A.229_252
3kpt_A.266_318
1mky_A.0_320
1n02_A.1_100
2pvb_A.2_50
1bl0_A.0_115
2rpp_A.12_76
2xm5_A.8_280
4xij_A.4_249
2kma_A.7_171
3hr0_A.44_92
1sdd_B.243_581
1h3i_A.0_108
1h3i_A.209_258
3h7m_A.4_202
4emi_A.1_236
3icx_A.1_197
4xtl_A.133_202
3fss_A.1_220
3h75_A.1_263
3m7p_A.9_269
2b2h_A.4_317
2r7a_A.1_251
2gf5_A.1_174
2yzq_A.55_223
1jx6_A.35_300
3oml_A.12_205
3oml_A.273_531
2krr_A.6_160
1u89_A.9_119
2y7p_A.1_196
3org_A.2_387
2zc3_C.0_124
4kv7_A.123_237
2nsa_A.42_163
2l1t_A.6_96
2fn9_A.1_261
3ve2_A.0_513
1on3_A.31_503
4q25_A.19_104
3pxg_A.28_112
2o57_A.4_111
1p1d_A.0_195
2ix5_A.219_337
2e50_A.16_64
2e50_A.75_152
3di5_A.4_146
3ftd_A.8_74
1l9n_A.48_132
1l9n_A.460_672
1o59_A.0_317
3iis_M.2_148
3f0c_A.10_126
3ubg_A.15_291
4iup_A.0_127
3bs0_A.38_137
3bs0_A.185_251
3bs0_A.269_382
3bs0_A.387_410
3ddj_A.1_268
2vtu_J.1_253
3dwo_X.38_439
2q5c_A.3_161
3sny_A.1_84
2ess_A.2_242
3l77_A.1_213
1aso_A.0_551
2h0v_A.1_329
4qba_A.11_190
1sqg_A.0_135
1sqg_A.234_397
3hcs_A.8_154
3o38_A.13_226
2wy3_A.1_172
2cdu_A.0_242
3afg_A.203_263
3afg_A.401_498
4fay_A.10_205
4eqq_A.13_90
3v68_A.1_239
4han_A.13_292
3nzm_A.3_145
1xr4_A.43_437
4hum_A.14_444
2icw_G.28_109
3pkv_A.0_204
2wjs_A.0_468
3oug_A.5_88
4f4s_A.6_69
4dt5_A.17_102
4ee6_A.6_276
3bz6_A.2_160
2jh1_A.9_212
3lf2_A.2_237
3uhf_A.53_142
3nt8_A.1_396
4hc9_A.1_93
2zyq_A.2_265
2ylm_A.5_528
3ogh_A.1_129
3lfr_A.1_121
4maa_A.3_296
2l69_A.10_108
3pzf_A.260_277
3idv_A.6_230
2d4g_A.1_150
4kq9_A.1_258
4aqb_A.1_298
1dq3_A.130_314
2jsw_A.49_187
3qpr_A.45_62
3qpr_A.81_162
4xxh_A.2_239
4ewi_A.5_90
1z45_A.92_182
1z45_A.441_500
3lhh_A.1_119
4cri_A.0_89
4hpz_A.1_430
2jd4_A.14_372
4pab_A.483_660
3qe3_A.58_95
3qe3_A.96_218
3qe3_A.272_321
1ei5_A.332_517
3no0_A.2_269
2wt0_A.1_299
1w99_A.38_176
1w99_A.234_342
3mml_B.0_74
3mml_B.132_169
2xed_A.6_232
3hbn_A.0_281
1zhs_A.0_112
4pz0_A.4_262
3ts2_A.0_129
2whx_A.88_121
2whx_A.180_248
3u49_A.82_174
1flc_A.269_286
2z86_A.80_529
4hl0_A.4_277
2p3y_A.20_54
2p3y_A.357_460
4kdl_A.0_84
4kdl_A.136_157
3gf3_A.50_538
1q25_A.0_427
4y65_A.6_99
4xbm_A.160_252
2g7z_A.1_263
3qbg_A.17_253
3qo4_A.3_142
1e0c_A.10_260
2o5v_A.167_201
1tlf_A.0_250
4cso_A.5_213
3uuw_A.36_117
3rot_A.1_260
1puo_A.1_138
1yuz_A.27_162
2vd3_A.119_200
2rbb_A.3_128
3zsu_A.0_63
3kvn_A.159_245
3kvn_A.296_337
3kvn_A.345_539
2f9h_A.1_119
4tme_A.7_202
3nvo_A.208_242
2lyi_A.8_155
3doa_A.0_125
1rid_A.0_240
3aa0_A.83_126
3aa0_A.190_213
3k05_A.0_192
3rj2_X.0_97
3e0s_A.1_285
4m0p_A.1_295
4xi7_A.4_353
2rgy_A.1_252
4ova_A.3_84
3d02_A.1_257
3rmr_A.0_211
2own_A.1_252
1in0_A.2_159
3vh8_G.1_276
3lm2_A.2_214
3egc_A.1_242
2yxz_A.52_131
2yxz_A.244_291
2r2j_A.1_303
2z0m_A.30_325
1xwm_A.7_200
3ge2_A.8_88
4yle_A.1_265
3nw0_A.47_212
1f8f_A.167_278
2lbc_A.0_115
4bwz_A.4_379
3tb6_A.0_260
1zbs_A.1_273
3h4c_A.2_199
4mij_A.1_233
4kzk_A.1_272
3hdp_A.1_131
1mty_G.6_157
2lqw_A.123_291
3dd4_A.0_202
2fyw_A.1_241
4ghg_A.10_256
3vp7_A.20_161
2lbu_A.0_57
4yah_X.1_211
3hdi_A.8_410
2fz4_A.35_141
4a2q_A.0_186
4a2q_A.208_271
4a2q_A.320_427
3e3r_A.0_117
4g65_A.1_450
2qzg_A.3_85
4h5g_A.10_212
4ht5_A.0_201
3i45_A.3_274
3eaf_A.82_229
4lz6_A.10_442
2cxc_A.5_137
1xgk_A.216_277
3d2u_A.1_181
3d2u_A.187_268
4tl3_A.33_208
3mjo_A.57_249
3uen_A.1_193
3io0_A.0_228
2ii2_A.0_300
2igp_A.9_110
3t5o_A.573_647
3t5o_A.723_870
4irn_A.30_114
4fva_A.1_246
3lif_A.1_42
1ais_B.0_192
2p17_A.5_243
3oco_A.3_129
2gg6_A.23_442
1lkp_A.14_127
3rns_A.6_206
4b2r_A.0_125
3mkt_A.3_449
3h41_A.0_173
3h41_A.156_181
1ng2_A.2_158
1ng2_A.125_153
4nim_A.1_210
3aw5_A.0_437
2rv7_A.4_87
3mwq_A.1_255
3w5k_B.25_103
2zy9_A.6_108
2zy9_A.111_246
2zy9_A.296_349
3c3k_A.0_248
4ls3_A.16_289
1p4x_A.6_241
3cuq_C.0_172
3dmg_A.0_370
3gcm_A.9_539
3mpx_A.0_188
4dcm_A.0_359
3cuq_A.63_206
3chh_A.41_242
3cuq_B.60_203
3lr1_A.2_216
4i98_B.0_149
4ogg_A.0_383
3q3e_A.0_242
3q3e_A.243_597
4na1_A.304_371
2dq0_A.23_64
2f1n_A.3_250
3bux_B.56_148
2pvu_A.4_205
4j7h_A.16_437
4rkq_A.0_259
3r6y_A.136_170
2rkk_A.0_156
4p4h_A.1_185
4nrh_A.0_288
2fcw_A.22_98
2fcw_B.0_77
4p4h_I.3_94
3gad_A.1_102
1io1_A.1_385
2ra5_A.7_136
3mcq_A.109_126
1u3b_A.1_167
3gby_A.1_122
4o64_A.3_22
4o64_A.37_57
1yb1_A.1_220
2jgz_B.11_259
4yar_A.1_428
4yar_A.365_403
4k0v_A.28_84
4qpt_A.0_214
2f02_A.25_124
2rld_A.3_113
3h6g_A.1_255
1u7g_A.5_328
3ksm_A.1_258
3eik_A.1_169
4zpj_A.1_297
3mbb_A.12_172
2fep_A.0_252
2g81_I.2_48
4hhu_A.1_156
2yxw_A.0_304
2yxw_A.138_437
2z59_A.19_91
2hps_A.1_158
1vly_A.0_175
2os5_A.1_100
1r0d_A.6_191
5ajt_A.14_67
5ajt_A.103_191
1nm3_A.0_236
1tzv_A.0_140
2ygu_A.28_101
3py7_A.386_499
4o3m_A.42_412
3pro_C.21_149
1xti_A.37_368
3hrz_D.1_186
3hrz_D.321_392
4ku0_D.1_92
2yzi_A.1_126
4ev0_A.109_150
1zvt_A.2_240
2kw1_A.4_85
1e2s_P.122_164
1e2s_P.175_267
3gia_A.5_366
1s1e_A.9_82
4xup_A.5_327
1jfl_A.1_223
3ru4_B.11_58
2z8u_A.1_165
1okc_A.3_289
3o3x_A.1_153
4peo_A.2_87
4yxc_B.1_154
1x60_A.3_78
3hq0_A.3_265
3rga_A.1_276
1h9s_A.3_134
4ekz_A.11_468
2aef_A.0_127
2ckk_A.3_114
1ctl_A.10_59
4s12_A.75_164
4ead_A.17_65
4ead_A.179_292
3a35_A.1_180
3m3h_A.44_164
1txd_A.188_222
2y23_A.1_302
1klo_A.3_161
1s6i_A.14_162
4db2_A.8_92
4db2_A.114_168
2oh3_A.3_142
3hsi_A.17_407
4mn9_A.0_131
3r3s_A.108_227
3ps5_A.0_214
4gx0_A.94_361
4r6r_A.1_130
2r6j_A.3_48
2r6j_A.72_137
2jz4_A.1_293
4ymx_A.1_196
2jzj_A.3_104
3erb_A.0_166
4mng_E.0_210
4nh0_A.4_850
4ms8_A.3_160
2ygq_A.27_136
2ygq_A.145_208
3apa_A.5_136
4ggj_A.35_101
4wuy_A.1_42
4wuy_A.188_221
4wuy_A.275_394
1ozh_A.5_73
3pyw_A.1_173
3ipf_A.1_52
4kxv_A.0_487
4kxv_A.536_591
1nya_A.0_175
2qqi_A.171_298
3gp6_A.19_153
3mb5_A.76_214
2gb7_A.87_128
2gb7_A.176_221
3q6o_A.5_224
1m70_A.1_188
1lnz_A.138_155
1lnz_A.225_285
4bd9_B.2_162
3euc_A.40_79
3euc_A.129_182
3k2v_A.1_128
4l6w_A.1_408
4r6i_A.166_385
2m48_A.0_121
3kq4_B.0_433
2g3r_A.0_89
3iuk_A.95_275
3net_A.153_218
3sw0_X.0_185
2ooi_A.4_150
4ry9_A.1_264
4ezc_A.42_314
4lzi_A.4_274
2p7v_A.0_110
4us3_A.6_410
2e5f_A.1_306
1hr6_A.13_441
1hr6_B.10_434
2l6f_A.0_135
3wkq_A.20_294
3fvq_A.139_193
3fvq_A.237_340
4ap2_A.91_162
3ma0_A.1_256
1bdo_A.3_78
2qdf_A.0_317
2o1s_A.0_409
1c3g_A.1_154
3zqs_A.1_178
4e0t_A.23_404
3e1i_C.138_179
1dov_A.36_77
1mje_A.191_460
3h8z_A.3_111
1hf2_A.18_77
1hf2_A.87_140
4uvm_A.0_393
1ddz_A.1_479
3qvl_A.0_222
1pgl_2.12_369
1e3p_A.10_567
4ddd_A.4_243
2h7o_A.126_230
2ci1_A.35_268
1pq4_A.0_254
2bjq_A.1_338
3eo7_A.1_486
3aqg_A.1_128
1o98_A.121_182
1o98_A.351_432
3ifk_A.4_71
3fub_A.0_198
3nek_A.1_211
1o54_A.2_54
1o54_A.72_264
4fqg_A.5_185
1vk3_A.32_583
3lwk_A.5_174
5afr_A.79_246
3ka2_A.2_189
2bd0_A.1_220
6pax_A.14_130
2jdi_D.0_70
2jdi_D.138_236
3ip4_B.291_388
1jba_A.87_174
4a01_A.41_726
2evb_A.3_72
4tvr_A.16_150
4tvr_A.202_219
2j7j_A.0_84
3kyj_A.11_128
2fh7_A.2_567
1bgc_A.3_155
2c0g_A.1_55
2c0g_A.140_224
3kxr_A.4_39
3kxr_A.46_159
1zq9_A.51_137
4j29_A.26_124
3j8g_X.1_326
3d8u_A.1_245
1t7v_A.1_171
2p0m_A.0_115
2p0m_A.336_370
3tds_A.1_253
1vpb_A.18_185
2idl_A.1_103
3idw_A.1_59
3k9c_A.0_245
2afb_A.37_86
2r58_A.4_207
2jdi_A.0_67
2lt5_A.0_43
3viu_A.93_163
3viu_A.273_315
3viu_A.417_492
3c6v_A.1_122
3rko_C.140_446
3rko_B.139_440
1mow_A.1_194
3mkl_A.0_103
3rko_D.0_310
4wcw_A.1_84
3s6b_A.82_318
1xd4_A.131_194
1xd4_A.537_643
4iiw_A.0_168
1mhs_A.277_374
1mhs_A.670_704
3dbi_A.0_277
1r5b_A.241_381
2ha1_A.0_200
3mf7_A.1_105
4kh8_A.14_300
3d2n_A.2_62
2z0l_A.0_298
4pyp_A.0_446
1qs2_A.1_399
1uar_A.9_264
2glw_A.5_83
3k3f_A.31_331
1avc_A.0_584
4hsc_X.339_365
2ghp_A.1_229
1fft_C.0_179
3ti2_A.1_221
1fft_A.81_469
4q2c_A.302_356
4q2c_A.468_528
4q2c_A.572_629
2d9r_A.1_82
2yin_A.28_113
3kal_A.411_428
2jul_A.79_168
1j30_A.0_140
2otn_A.4_290
4i3x_A.148_203
2xqn_T.0_81
3mwb_A.0_186
3w5s_A.16_119
2lv7_A.0_92
2v9v_A.0_134
4ene_A.10_420
1fd9_A.46_87
2b5i_D.19_121
3asu_A.1_196
1xb2_B.43_275
4h03_A.6_413
4fe7_A.4_244
2nwi_A.1_159
3dza_A.18_136
1rl1_A.10_80
4rk6_A.0_248
2kuf_A.1_135
2j9l_A.3_157
3i2m_X.1_286
1g33_A.1_66
3d2f_A.112_177
3d2f_A.518_559
3li6_A.0_55
3guy_A.1_189
3c0t_A.1_168
3j3i_A.117_884
3hqi_A.123_143
3hqi_A.232_291
4n7b_A.8_248
3ii6_X.0_255
2r2i_A.43_160
1zbd_B.50_85
3ezj_A.75_197
3dby_A.0_256
4dep_C.215_276
2lhh_A.6_73
3wsg_A.1_235
1vma_A.90_236
3i3w_A.0_251
3i3w_A.269_311
2l3s_A.0_162
2k3q_A.3_98
2itb_A.0_162
1c8u_A.4_265
3rbs_A.0_200
4eve_A.92_141
4gak_A.5_248
3eya_A.21_89
2zze_A.374_416
4uuu_A.9_136
2aal_A.1_115
4p0z_A.1_107
3qc7_A.33_111
4b1z_M.1_101
4dur_A.79_509
1k40_A.1_119
3e0r_A.1_237
2vf7_A.0_814
1sq4_A.21_267
3b64_A.0_103
4jio_A.25_120
4jio_A.210_300
4csb_A.2_111
1jnp_A.4_100
4fbr_A.1_265
4dcu_A.1_313
1x6a_A.0_69
2zx2_A.0_194
3dtz_A.1_199
1bd7_A.1_171
1m0k_A.31_213
3t0p_A.1_361
3uv5_A.3_254
1wv3_A.0_185
2yev_A.63_706
3grz_A.42_177
3dem_A.1_266
2hye_C.0_381
2hye_C.533_718
3alq_R.22_126
2ody_E.1_122
3lm4_A.5_269
4dz1_A.4_207
4f3p_A.1_196
2ji4_A.1_287
3n3u_A.128_227
2z73_A.235_276
1yb2_A.60_190
3brq_A.1_248
3pv2_A.121_160
3pv2_A.188_383
3p3c_A.1_263
1ueb_A.52_72
1ueb_A.63_183
1t6u_A.10_108
1squ_A.1_150
2o62_A.4_268
3pl5_A.11_86
3pl5_A.200_255
4wes_A.114_173
4wes_A.203_284
4mkm_A.1_291
3j31_Q.1_24
3j31_Q.27_102
3j31_Q.135_219
2z51_A.1_148
2gru_A.29_90
1g8m_A.11_56
1g8m_A.224_589
3qf7_A.214_327
2ql3_A.1_198
2nvn_A.1_117
3kjx_A.57_307
2adr_A.1_53
4j05_A.1_398
4j7o_A.18_313
1l1q_A.0_161
2b1w_A.5_94
5bra_A.13_271
4fzv_B.5_182
2xjy_A.3_126
2hf5_A.1_64
1n00_A.10_304
3g1w_A.37_226
4ev1_A.10_222
4bof_A.315_356
1kol_A.127_237
2qtw_B.327_465
4bxo_B.0_193
3eaq_A.3_74
3ec3_A.0_230
4n2k_A.0_277
2y7c_A.161_412
4pen_A.3_56
2zb4_A.97_209
2zb4_A.271_333
2vj2_A.35_98
3wdo_A.8_384
3n4h_A.1_104
3dlm_A.11_207
4a64_A.0_306
4exr_A.1_149
2w01_A.99_116
4g1i_A.1_187
3czp_A.0_465
4pwy_A.102_213
2qf9_A.29_147
3ivf_A.0_155
4gfj_A.295_609
3kic_A.88_121
3kic_A.240_338
3kic_A.451_474
1o1y_A.4_109
1f1e_A.1_144
4mn0_A.0_177
2gag_A.445_462
2gag_A.622_805
3jxv_A.3_235
2fr2_A.12_158
3rty_A.0_272
2o36_A.212_354
3go5_A.0_213
4p5x_A.30_108
4p5x_A.193_266
1k78_A.11_122
2iyb_E.3_56
2qrt_A.25_397
4pav_A.8_127
1y5h_A.1_119
4ras_A.22_697
4bdv_A.35_607
1uzk_A.6_147
1gtt_A.1_419
3few_X.55_228
3few_X.284_355
2qrd_E.12_304
4mee_A.43_165
1k9u_A.2_67
2wdq_A.396_499
1udx_A.4_21
3k4u_A.1_205
2au5_A.8_120
3q4o_A.3_168
1spx_A.1_217
1rep_C.1_213
2gu1_A.0_193
2opo_A.3_70
1qy9_A.1_294
3f83_A.9_507
3t7j_A.6_233
3g85_A.1_248
3g6s_A.1_260
4brc_A.3_354
2psp_A.0_95
3hu5_A.1_187
4joq_A.10_69
4joq_A.115_225
4lds_A.31_382
4n0t_A.0_362
1t0t_V.3_234
1tbr_R.1_101
4mob_A.1_318
4i8o_A.0_174
2ypf_A.3_673
3qnq_A.15_94
3qnq_A.225_284
3us9_A.0_248
2ywe_A.13_111
2ywe_A.267_457
2we8_A.0_186
3shr_A.4_246
4ry0_A.1_255
4hh5_A.15_148
1kzq_A.3_252
4cy9_A.40_143
2nyi_A.0_170
4qmf_B.0_174
4noc_A.1_143
2k5i_A.1_140
3agt_A.15_110
1gxj_A.1_146
3itw_A.1_121
1ud9_A.1_239
3ddd_A.11_259
2dgd_A.3_212
4ae4_A.0_98
4i1f_A.0_297
1u5t_A.72_212
1jmo_A.245_289
1jmo_A.312_329
4o1s_A.2_151
2i7r_A.1_113
1wku_A.1_220
3lzd_A.3_76
3lzd_A.115_201
3ron_A.171_194
2ww8_A.1_50
2ww8_A.152_175
2ww8_A.469_525
2ww8_A.663_695
1h70_A.2_234
4zkd_A.0_469
3d1b_A.0_110
4czb_A.3_406
3lft_A.0_254
3ckm_A.43_210
3ckm_A.66_206
1prr_A.1_172
1b8t_A.0_168
1ls1_A.4_60
1ls1_A.97_208
4d8o_A.1_285
1h6g_A.16_251
2l82_A.10_135
2ix0_A.15_147
2rgn_B.1_42
2rgn_B.70_114
2rgn_B.140_185
3gu0_A.123_329
3qta_A.1_195
1dml_A.1_262
2rpc_A.92_153
3f3f_C.49_422
3tf7_C.1_217
4bjm_A.11_214
4ml7_B.52_82
3bwg_A.78_214
3wvn_A.20_288
3luf_A.1_240
2k8e_A.5_103
1c7c_A.49_275
2ns9_A.0_17
2mjn_A.3_177
3asi_A.1_393
2iks_A.2_249
4b0a_A.0_236
3won_A.498_539
2nra_C.0_251
3n79_A.1_169
2dad_A.6_86
3ezy_A.1_138
3ezy_A.205_254
1ohe_A.1_325
3slu_A.203_251
3fnb_A.29_120
1gs9_A.4_118
3huu_A.0_244
1uyn_X.67_156
4oq1_A.121_330
4l5t_A.0_179
1ydu_A.3_32
1ydu_A.70_105
2pwy_A.75_214
2r9y_A.254_271
1vvc_A.0_117
3rlo_A.2_185
2cmz_A.35_133
2cmz_A.183_234
3lma_A.10_307
3i6i_A.10_109
1id1_A.2_124
3wvf_A.69_129
3wvf_A.286_327
3cax_A.5_148
3cax_A.169_208
3aqi_A.2_327
1qqg_A.1_201
4lhp_A.1_111
3dbx_A.1_172
4ehi_A.176_484
1qs1_A.3_401
4lb0_A.2_323
4kqc_A.1_285
4jd9_A.0_78
1t6l_A.1_246
4kyz_A.21_154
3eij_A.6_270
2fiy_A.166_239
2yyb_A.1_224
2woy_A.1_332
3b6e_A.16_118
3mea_A.47_161
1peq_A.264_297
3qs7_E.0_256
3qs7_E.258_275
2rih_A.1_117
2p9h_A.0_249
1us5_A.1_238
3fxq_A.89_279
3e0h_A.1_149
3l49_A.3_257
3bu7_A.33_346
4ind_A.27_284
3m9g_A.0_200
2kue_A.0_134
1khy_A.1_130
2d8y_A.0_65
1wjp_A.0_64
2ae2_A.2_234
2azn_A.65_203
2uw1_A.93_225
3a1j_A.1_262
3a1j_C.1_261
3a1j_B.1_263
2yhh_A.1_107
1vpk_A.1_363
1dsl_A.1_81
3hs3_A.1_237
1mww_A.1_108
2v3a_A.0_236
3u3z_A.0_188
3czz_A.1_100
2q0t_A.3_252
2ggc_A.7_239
1lqv_A.1_165
2zom_A.2_96
2olt_A.1_213
1epa_A.0_117
3d19_A.0_263
4tt0_A.3_44
3gk7_A.11_358
3dfg_A.17_131
4liq_E.8_465
3kke_A.0_252
4evf_A.1_290
4ko8_A.0_93
4ko8_A.234_321
2zzd_B.59_136
2p19_A.3_140
4fn4_A.1_230
1o6w_A.1_69
2go9_A.0_160
4tkb_A.16_37
4tkb_A.42_124
1mbm_A.5_181
2bc0_A.160_236
4be6_A.0_224
4pyr_A.0_267
2oux_A.17_128
1nrz_A.2_147
4jxj_A.7_156
2kbx_B.21_58
4m0n_A.1_117
4m0n_A.136_205
2xwp_A.1_255
3mcs_A.2_201
2z8x_A.413_562
3bxz_A.86_432
4eg2_A.0_296
3j94_A.4_489
4f9z_A.0_218
3eb7_A.0_155
3eb7_A.327_369
3lv9_A.1_124
3n89_A.17_289
3lhe_A.1_122
2ysm_A.0_100
3rqb_A.1_256
4ljy_A.82_420
4p3x_A.12_274
2cz4_A.1_93
3wdc_A.1_144
4g3n_A.2_298
4iqz_A.52_118
4u4c_A.37_159
4u4c_A.298_346
3umo_A.38_86
3umo_A.114_167
2vk2_A.1_262
2cxi_A.0_346
4gnr_A.1_287
2iie_A.81_191
3vg7_A.1_124
3vg7_A.97_126
3l39_A.9_201
3l1w_A.1_249
1ynt_F.1_251
1s99_A.1_178
3kwo_A.8_137
3hzb_A.1_84
4din_B.101_323
2dn8_A.16_85
1wio_A.0_292
2ivx_A.0_255
3eiq_C.1_268
1vlg_A.37_159
2qv6_A.1_246
3gem_A.1_197
4pqg_A.18_67
4pqg_A.102_191
4pqg_A.351_425
2a01_A.45_184
1un8_A.359_489
3oid_A.1_225
4m9p_A.0_288
3l1n_A.9_153
3o7q_A.4_409
3oq3_B.0_328
1ydx_A.2_369
2fyi_A.5_202
3py9_A.1_200
3vw7_A.45_201
3vw7_A.297_359
3vw7_A.368_402
3ed3_A.5_242
3c1v_A.0_83
1ykd_A.22_375
2d9k_A.0_64
1im9_D.1_190
4cv7_A.1_107
1jr3_A.257_335
3k8p_C.3_194
2k49_A.1_99
4hi8_B.23_62
2hgs_A.322_362
2hgs_A.412_429
3hve_A.76_139
2uxt_A.0_421
3j08_A.139_216
3j08_A.339_543
3j08_A.562_596
3odx_A.0_74
3odx_A.168_202
3odx_A.237_282
2cfq_A.5_396
3apo_A.48_687
4nzq_A.0_192
4twb_A.1_277
4igb_A.20_52
4igb_A.272_292
4igb_A.364_425
5ail_A.77_179
3ghj_A.1_114
2bsy_A.0_226
2l7n_A.43_165
2jun_A.0_100
4ncb_A.312_429
4ncb_A.503_564
4hi0_B.36_160
4hr0_A.15_247
3sib_A.21_183
1yqt_A.1_478
1tf5_A.13_84
1tf5_A.319_463
1tf5_A.566_607
2yvl_A.15_144
2yvl_A.91_220
4rk4_A.1_253
2pk2_A.0_255
3l1e_A.3_93
3dnf_A.30_253
1xjv_A.1_286
4esy_A.2_162
4rpo_A.9_199
2m9a_A.34_88
1lst_A.1_209
4wt7_A.4_264
3ie7_A.30_74
1oz2_A.2_313
2p5m_A.11_80
4c9s_A.4_248
2cy8_A.83_142
2cy8_A.151_212
2cy8_A.306_392
1bik_A.1_108
2pgc_A.3_200
4iw7_A.87_129
4o93_B.2_251
3hyi_A.13_161
1zun_B.215_367
2o61_A.277_497
3dpt_A.0_138
3lz8_A.3_155
3lcp_C.2_66
2ayt_A.1_221
1dbq_A.1_243
1zbp_A.3_72
1d2o_A.1_172
2qvw_A.0_368
3aqp_A.1_718
2zz9_A.1_222
4iau_A.2_160
1rut_X.3_121
1rut_X.136_153
2fsh_A.72_181
2fsh_A.243_326
2fsh_A.475_516
1jh6_A.7_160
4qnl_A.183_222
3d2q_A.1_61
1i6a_A.1_190
3og5_A.2_159
2qik_A.0_268
3ov0_A.0_317
3nn1_A.1_225
1tua_A.0_176
1yt3_A.62_116
1yt3_A.191_374
3dm5_A.1_80
3dm5_A.98_265
3f6g_A.1_119
4e3e_A.1_350
1e88_A.15_75
2wd5_A.15_143
2rk9_A.1_115
4o1r_A.1_128
3rhe_A.1_111
3obb_A.1_108
3obb_A.122_160
1at0_A.1_128
3lfu_A.82_149
3lfu_A.234_294
3lfu_A.304_360
3lfu_A.370_488
3hno_A.77_163
3om0_A.51_227
2a3n_A.1_321
4p6v_E.6_187
2a3v_A.0_91
4p6v_D.7_172
3b9w_A.3_308
2qsk_A.1_89
4tu8_A.4_173
4fzq_A.1_21
1wb9_A.84_150
1wb9_A.316_408
1wb9_A.502_557
1wb9_A.657_713
3l51_B.15_134
2p4g_A.10_190
2p4g_A.130_179
2jln_A.20_378
1ss4_A.6_147
2qqy_A.3_110
2cg7_A.0_89
1l3k_A.0_162
3gld_A.51_128
3gld_A.146_166
2c4i_A.3_209
2q2g_A.1_157
1juh_A.14_291
1xb4_A.0_179
4jdp_A.28_228
3hh2_C.90_277
1h99_A.15_219
3d5l_A.50_201
4gz1_A.6_251
1ssf_A.1_108
4f06_A.52_228
3hba_A.3_302
2lhf_A.19_52
2lhf_A.86_177
2v2k_A.0_55
4zch_A.0_421
2vzb_A.0_93
2asb_A.79_222
3mql_A.38_157
4fhr_A.1_181
1nfn_A.1_131
3p96_A.0_174
3p96_A.204_297
4wyq_A.0_90
4bmd_A.1_183
3aeh_A.57_245
4hh2_A.13_369
3odw_A.0_74
3odw_A.168_202
4lo8_A.1_231
1nh8_A.196_275
1nfv_A.82_135
3n44_B.6_47
3n44_B.143_160
3n44_B.256_273
3n44_B.298_316
4u0w_A.89_229
4gx7_A.1_129
2ztd_A.72_164
2r15_A.0_206
3ux8_A.1_547
1moq_A.6_352
1c7v_A.1_65
3pxl_A.0_459
2pms_C.14_108
1kw3_B.2_263
3fhm_A.24_132
2v1x_A.42_395
4bem_J.25_87
4ntl_A.1_213
3ml4_A.1_192
3ni2_A.0_306
3ni2_A.405_434
2bou_A.1_131
3tjr_A.66_251
3thx_A.83_144
3thx_A.159_204
3thx_A.365_472
3thx_A.517_572
3thx_A.664_724
4hsa_C.0_271
3mca_A.0_376
3l6e_A.1_193
3thx_B.171_222
3thx_B.532_587
1sj8_A.43_269
4rcn_A.17_93
4rcn_A.392_482
4rcn_A.492_971
1nmo_A.1_225
2xv9_A.0_133
3loq_A.1_268
3ibx_A.107_168
1di0_A.13_141
4ii1_A.0_135
4lqb_A.7_115
2ew9_A.0_148
4jbd_A.1_287
3md9_A.4_250
4kbf_A.0_304
3h7j_A.20_196
2dw4_A.236_284
2gsc_A.33_79
2b25_A.6_54
2b25_A.87_223
4n2x_A.4_285
4b28_A.286_436
3fbq_A.0_282
2q4u_A.5_262
2qtf_A.1_304
3r6a_A.1_113
1tjo_A.118_172
4is2_A.2_200
1j5x_A.1_300
3hz2_A.1_81
3nb3_A.2_133
4ru0_A.7_284
2zsc_A.56_117
1lm7_A.38_184
2o0j_A.100_189
3tl4_X.25_98
3tl4_X.140_173
4b8v_A.2_184
3nhq_A.110_478
4hyn_A.1_196
2j37_W.89_256
1wp5_A.5_304
3f4m_A.3_153
1unn_C.1_98
4nds_A.10_84
1s9r_A.72_131
1s9r_A.166_274
3l8q_A.0_337
1sum_B.3_189
1vmo_A.5_162
2d40_A.34_117
2d40_A.213_265
3qk7_A.0_256
3e3v_A.1_151
4jpb_W.3_135
1zlh_B.0_73
3tav_A.15_252
2pju_A.1_175
1ewf_A.1_453
2b4h_A.7_189
2een_A.1_137
4hea_M.122_413
4hea_N.56_399
4jxy_A.49_183
3crk_C.2_80
3e3m_A.0_249
4ap4_A.1_127
2e5s_A.14_80
2egd_A.7_77
2gqj_A.0_71
2zat_A.1_231
3l6u_A.1_257
3vb0_A.0_288
4q51_A.0_225
4q51_A.201_232
2pkh_A.1_131
1d5y_A.0_101
1d5y_A.119_142
4cn9_A.2_381
2kui_A.0_271
3r8j_A.9_179
2xzl_A.0_86
2xzl_A.329_379
3ksk_A.1_309
1w2w_A.128_162
2gfp_A.1_365
1kr4_A.1_97
3w4t_A.10_441
1cd1_A.1_169
1z02_A.323_357
4m0m_A.417_720
3hjl_A.18_86
3hjl_A.99_317
4mym_A.16_145
1pea_A.1_291
2axi_A.3_90
3cr3_A.3_190
1n81_A.8_172
4lkb_A.1_112
2fm8_C.56_210
2p1a_A.1_138
3mmp_A.1_44
3mmp_A.452_642
3pwf_A.0_115
4e4r_A.16_327
2j3x_A.8_428
1yf2_A.167_411
3k6e_A.8_140
3n7q_A.7_291
2jtn_A.0_172
2l6n_A.2_103
3h5o_A.0_249
1i36_A.0_112
1i36_A.125_248
4bs2_A.5_159
3brs_A.1_247
2ly1_A.0_179
3al2_A.7_192
2vdf_A.0_137
4jiv_D.1_90
2h8l_A.0_231
2csu_A.0_420
1f9z_A.1_125
1n7v_A.12_39
1n7v_A.152_178
1n7v_A.275_307
1n7v_A.367_514
3s40_A.3_115
3l4b_C.1_110
1jb0_C.1_69
5af7_A.19_85
5af7_A.229_263
4o9k_A.1_125
4nu3_A.118_222
1t5j_A.5_266
3ky9_A.239_280
3ky9_A.323_357
3ky9_A.402_443
3tfm_A.77_205
4fr9_A.0_132
1juo_A.5_168
2fj8_A.2_119
4c7r_A.78_488
2v5n_A.1_270
4hjj_L.101_232
3eoq_A.8_401
4hxi_A.85_176
1u9y_A.1_273
1qhm_A.184_320
4a8e_A.1_74
1lm5_A.8_41
1lm5_A.55_109
3w6v_A.6_107
3nvs_A.18_381
4mp8_A.119_193
3lk5_A.53_194
3lk5_A.260_299
4pon_A.4_147
4pq0_A.8_230
4ww3_A.56_164
4ww3_A.235_276
4tsh_B.18_484
3af5_A.1_134
2rjo_A.1_262
3c1m_A.40_142
3c1m_A.304_461
4qyc_A.3_198
2op5_A.5_103
3t53_B.15_35
3t53_B.79_127
3tq6_A.1_183
1f60_A.106_177
1f60_A.236_409
3qq2_A.14_127
3a9z_A.73_154
3a9z_A.257_291
3a9z_A.347_387
3nce_A.2_177
4pe0_A.6_79
2b8f_A.14_66
4f7k_A.0_376
1u9p_A.18_94
3u0b_A.0_414
3lrt_A.1_283
1h76_A.0_663
2gr7_A.47_100
1qjp_A.5_136
4nhx_A.1_456
4uu4_A.6_122
2scp_A.1_151
2rop_A.1_138
2r6s_A.21_114
2r6s_A.276_293
3l1l_A.1_360
2rin_A.1_222
2rk0_A.0_134
2bcq_A.19_104
3e20_A.11_183
4nho_A.76_426
1w9e_A.0_163
2kiv_A.0_134
3nw4_A.46_360
1vol_A.0_203
3i57_A.0_183
2y1v_A.350_393
2y1v_A.404_424
1zbo_A.57_118
2gi3_A.56_443
4m7o_A.1_256
1zvu_A.305_339
1zvu_A.457_684
1imv_A.269_286
2rml_A.0_146
4isc_A.5_137
3lsg_A.0_102
3r62_A.0_124
4o89_A.0_340
2q03_A.1_126
1wjv_A.7_55
4eq9_A.1_208
2emq_A.1_126
2lrh_A.27_123
4gc0_A.4_455
1s9c_A.2_246
4y0c_A.7_151
4yo7_A.4_260
2cj4_A.10_93
4dyv_A.7_199
1jr2_A.1_259
2erv_A.1_146
4ymu_C.4_38
4ix1_A.5_217
1orj_A.8_93
4c4a_A.1_638
2p01_A.0_214
2p01_A.236_270
1rtw_A.10_185
1uct_A.6_174
3b1f_A.0_133
3uno_A.1_141
4d86_A.3_367
2be1_A.18_166
3llq_A.1_223
3tmg_A.1_203
1u78_A.2_100
3bmz_A.73_106
3bmz_A.127_150
1d2p_A.1_365
2fu2_A.1_65
3trq_A.11_352
1ksi_A.354_380
4gc8_A.1_183
3c5p_A.17_91
4phj_A.0_153
1vgj_A.1_165
3md3_A.1_161
3a68_A.29_177
1zdy_A.6_287
2vvf_A.1_261
4gvl_A.20_425
3vqt_A.349_482
3db7_A.0_126
2arp_F.22_144
4cdp_A.0_332
4roh_A.0_75
1jtv_A.0_277
1tq5_A.1_230
3wt1_A.1_238
3zx1_A.5_31
3zx1_A.164_469
4ewe_A.0_243
1f1u_A.11_258
2qt5_A.1_191
3wia_A.1_272
2kn2_A.5_73
1ppr_M.1_309
1d0n_A.0_505
3iqc_A.72_112
1u8s_A.0_170
2wbt_A.71_124
2wii_C.63_244
3rle_A.5_196
4lox_A.1_295
3kpb_A.1_115
1syy_A.70_277
4j8z_A.87_152
4wzz_A.1_263
2qyt_A.184_257
2e0n_A.40_117
1zj9_A.79_539
1ulk_A.0_122
3l6v_A.48_301
1np8_A.11_148
3szh_A.3_112
3kh5_A.1_271
2w7q_A.71_169
1h98_A.0_55
1r2j_A.19_101
1r2j_A.168_283
3fhn_A.79_614
4oh3_A.55_344
4ofq_A.2_336
3qs9_E.1_404
4p7p_A.1_255
4wy2_A.15_298
3cym_A.207_414
3fds_D.1_239
3fds_C.1_244
2ozz_A.13_195
2eq5_A.0_214
2xub_A.0_432
2xub_A.86_432
1qkr_A.69_120
3mc9_A.8_160
1bml_C.0_317
2vj4_A.86_271
4ye0_A.9_88
2h1v_A.1_304
2o9g_A.1_232
1a6z_A.1_170
2gt1_A.1_314
4mb8_A.1_284
3c9a_A.0_207
1i9g_A.94_226
2h0a_A.1_229
4e2s_A.0_230
2f2b_A.1_244
1ejd_A.19_413
1ez0_A.178_353
1ez0_A.377_426
4ruw_A.1_273
4ruw_A.281_357
2r51_A.1_284
2vec_A.31_53
2vec_A.82_187
2vec_A.121_139
2vec_A.174_223
2i33_A.17_131
3tip_A.40_69
1ve2_A.20_103
1lq9_A.8_102
2zfd_A.0_119
2ggz_A.17_137
3m1a_A.23_73
3m1a_A.102_181
3siu_B.1_210
2qom_A.65_235
3e70_C.96_261
3qe7_A.3_405
3r6b_A.0_114
2km8_C.1_161
2fh1_A.0_320
4cc0_A.99_159
4cc0_A.174_268
3pih_A.1_832
3htm_A.95_148
3ho7_A.1_191
2qsd_A.1_127
4ro6_A.7_261
3mah_A.2_132
3cra_A.1_203
3s4y_A.22_69
3s4y_A.152_212
3i5p_A.105_264
3pt9_A.0_361
3pt9_A.472_526
2j1d_G.126_191
2j1d_G.339_387
1kcg_C.1_157
2c78_A.205_396
2lxd_A.0_52
1rxt_A.1_324
3nyw_A.1_210
1b6u_A.6_185
3krm_A.1_154
2qfj_A.0_192
4kty_A.485_694
4kty_A.586_694
4kty_A.619_689
2ea7_A.17_388
3ag3_C.12_258
3p57_P.0_75
3ag3_A.44_479
2gai_A.404_424
3kdq_A.1_145
3mt0_A.15_263
4krg_A.0_465
3ia8_A.14_160
1pg6_A.10_200
3fby_A.117_280
3ksu_A.4_214
1mc0_A.0_330
4alz_A.1_189
4yfc_B.0_321
1sg1_X.21_143
3nhi_A.0_294
4npj_A.17_287
1vsg_A.8_112
2o0b_A.63_353
2csb_A.287_516
3gyx_B.0_71
4n1a_A.0_484
4ab5_A.2_195
4ak1_A.0_156
4ak1_A.372_404
3t5s_A.1_95
4lya_A.0_452
4xfk_A.2_301
2bl2_A.0_122
4m4p_A.28_468
4m4p_A.299_512
1xg2_B.33_150
3me4_A.10_159
3l7i_A.25_352
2xhc_A.41_152
3fd2_A.1_336
1k94_A.1_162
3tac_B.29_291
3akb_A.0_157
2l22_A.0_182
1ki0_A.0_252
1ii5_A.4_199
2cas_A.164_502
4e98_A.8_109
1ft9_A.104_138
1o50_A.2_137
1ng6_A.0_91
4trt_A.1_358
4fry_A.1_123
4p1n_A.0_189
4rlc_A.62_103
2hxr_A.1_184
2rde_A.14_197
3utn_X.0_303
1t5o_A.41_142
1t5o_A.157_259
1t5o_A.275_321
4jq6_A.2_178
3sei_A.0_145
3k4h_A.0_259
4fp9_B.0_174
4nhu_E.1_173
4i62_A.7_211
2xn6_A.191_234
2xn6_A.257_274
4rxt_A.2_264
3teb_A.1_257
2ccm_A.65_172
3mit_A.1_135
2v5o_A.6_558
2fd6_U.0_248
3m6j_A.31_131
1p4t_A.3_133
2o10_A.1_53
4fd9_A.1_88
3i8n_A.4_123
2jzx_A.2_159
2mp8_A.1_63
3zl8_A.28_129
3zl8_A.309_369
2ejn_A.1_145
1xgs_A.2_191
1zxj_A.22_130
2dlk_A.5_66
3tnp_B.22_260
3ixl_A.15_204
3n3r_A.30_710
3g9q_A.1_254
2j4b_A.0_68
2ce7_A.54_148
4irf_A.4_140
8abp_A.1_270
3ju8_A.142_199
4k0j_A.1_951
1o9a_A.0_92
4bm5_A.140_200
2dg7_A.49_179
4ci6_B.431_535
4o9u_B.1_259
1jye_A.7_248
3k21_A.0_136
3ip1_A.139_261
4k12_B.1_55
3h4s_E.7_77
1uhn_A.9_164
2j91_A.107_141
3bow_A.0_601
3bow_A.596_625
4ddp_A.16_191
1pby_A.10_189
1pby_A.290_350
1rt8_A.4_464
3f44_A.1_195
3pjp_A.0_193
2f06_A.4_130
2miu_A.5_93
4cll_A.9_453
2yre_A.33_91
1g62_A.1_220
4usa_A.79_168
4usa_A.473_553
3blx_A.4_285
4o9l_A.4_95
3aot_A.97_114
4etr_A.1_114
4ggf_C.6_81
4fz2_A.1_226
4tpj_A.0_444
4atv_A.14_240
1ldj_A.0_654
4n5x_A.15_153
3ry4_A.2_169
3iee_A.0_255
3vrd_A.1_172
1mdc_A.4_117
1pbj_A.12_118
3shw_A.133_165
3shw_A.214_254
4irx_A.4_268
3t9w_A.0_269
3tbn_A.15_84
1zsw_A.10_282
1u84_A.2_70
1kjn_A.1_143
4xpx_A.44_93
1oyw_A.38_401
4fqd_A.2_433
4jr9_A.298_374
4pkd_B.0_224
1oed_A.50_100
3ew1_A.11_121
1fx8_A.1_250
4piv_A.340_433
3bnj_A.319_389
2gvh_A.26_240
4adx_I.1_212
4qtn_A.24_228
3d3y_A.8_419
2fvy_A.1_271
2lvb_A.1_100
3gfp_A.16_176
3euh_A.144_276
3rf3_A.56_243
1qc7_A.3_46
2k9s_A.1_102
2dtj_A.10_129
2auk_A.7_185
2zxe_A.147_212
2zxe_A.231_321
2zxe_A.723_757
1r6b_X.0_113
1r6b_X.158_693
4tr6_A.1_373
2iz6_A.3_150
1wsu_A.3_120
3skq_A.64_163
2lv2_A.27_82
4gc1_A.11_249
4dun_A.1_245
4ikv_A.0_491
1sfn_A.53_219
3vyn_A.0_346
2e6w_A.0_86
1v1h_A.6_78
2rgt_A.8_121
2w42_A.45_164
2w42_A.204_269
3ge3_A.0_296
3omz_A.0_214
1pw4_A.22_399
1aoa_A.0_246
4eby_A.5_199
3q6l_A.45_126
3tiw_A.0_83
1cvj_A.0_161
2fxq_A.1_193
3ipi_A.9_263
3fv6_A.6_138
3q20_A.64_105
1wzd_A.1_173
2xrc_A.0_260
3v4c_A.39_117
3v4c_A.241_350
2fcj_A.3_104
4j7c_I.0_400
2auj_D.11_297
3fjs_A.50_98
3t6g_B.1_55
2k7q_A.15_185
3onm_A.1_175
3ud1_A.0_321
3t92_A.0_77
1cvr_A.0_349
4p42_A.39_117
4p42_A.188_454
3gnf_B.1_352
3wob_A.1_132
3piw_A.1_151
3ly1_A.67_177
3ibj_A.0_329
3ibj_A.406_513
3oa4_A.1_131
2fgc_A.1_149
1sef_A.11_242
2p4e_A.288_481
2l10_A.33_153
2e4u_A.23_293
2e4u_A.472_503
3npf_A.0_146
2x5o_A.73_137
3i08_A.0_112
4r8x_A.1_298
2whn_A.9_99
1rh5_A.18_405
3lss_A.30_64
3c3v_A.49_329
4bmj_A.4_57
2v8q_E.15_303
2ou3_A.11_141
3cqo_A.1_288
3e9n_A.1_170
4ifs_A.1_227
2x9x_A.107_232
2x9x_A.246_266
2x9x_A.356_404
3clk_A.2_226
4xs0_C.1_312
3jy6_A.2_244
3o83_A.23_324
3fj1_A.5_318
4msp_A.127_188
1a8l_A.5_225
3rt3_B.1_150
3fvc_A.46_174
2po3_A.27_67
2po3_A.73_172
2bbz_A.0_179
3ojc_A.1_226
3usw_A.0_211
4cq1_A.0_190
4lpq_A.11_75
4lpq_A.135_164
2p9m_A.1_127
2qu7_A.1_250
2sas_A.0_137
1xo5_A.0_163
3s8g_A.11_399
2z6e_A.64_124
2z6e_A.344_385
1ihr_A.0_20
2nyc_A.21_125
4kfz_A.46_136
2mqb_A.5_151
3cf3_A.176_708
4yhs_A.28_288
3obl_A.1_119
4kjs_A.22_319
1s4d_A.4_119
1v9d_A.8_86
1v9d_A.261_302
3oss_C.1_63
1exr_A.5_140
3bil_A.1_240
2gbz_A.98_176
2fqx_A.0_260
3gwb_A.9_406
4g0r_A.168_503
4c5e_A.32_358
3tow_A.1_146
3o4o_C.2_205
3o4o_C.224_288
2i0m_A.10_85
1qiu_A.0_73
1ynf_A.98_231
1gud_A.0_269
2b5e_A.0_482
2f7b_A.1_199
3gir_A.43_207
3gir_A.302_350
3dzm_A.64_141
4kqp_A.1_203
2oay_A.177_218
2oay_A.323_349
2qdr_A.61_181
4c2m_H.1_130
2rmr_A.6_68
3v43_A.0_111
2pnr_C.1_73
2d42_A.68_172
2h3h_A.1_253
2jks_A.1_278
2f3o_A.163_242
2f3o_A.666_726
4xt1_A.84_260
2qnk_A.32_275
2qnk_A.207_276
3e82_A.28_138
3ctp_A.1_241
3wkm_A.4_171
3g40_A.1_243
1dlp_A.0_209
2i53_A.26_243
2j3s_A.0_269
2imh_A.0_155
3zgj_A.1_302
1xub_A.1_272
2cch_B.13_259
2imz_A.45_99
3tad_C.0_210
1n67_A.0_331
2lwy_A.1_120
4u1r_A.1_731
4njm_A.1_291
3tad_A.24_264
2ahr_A.10_78
3l19_A.35_145
2jnf_A.9_150
4huz_A.1_277
4kkd_A.0_182
1zej_A.185_244
3nmr_A.0_174
1ecs_A.1_118
1u7b_A.1_247
1hyh_A.26_116
1hyh_A.235_259
2jaf_A.42_228
4rz7_A.29_514
3apz_A.35_272
4cgu_B.17_79
3vn3_A.117_208
2qup_A.20_60
1ym5_A.1_293
4rs3_A.1_253
1v9m_A.68_267
1j8m_F.93_260
2wtb_A.26_92
2wtb_A.265_587
3mk7_C.120_299
3tvi_A.287_403
3mk7_A.5_456
4dh4_A.1_102
3smz_A.21_264
1rz4_A.0_109
2xvy_A.1_258
4gzu_A.201_435
1i8d_A.1_182
2wlr_A.0_406
2wn4_A.1_390
4esn_A.1_76
3tx3_A.52_93
3wv6_A.6_282
3efc_A.0_242
2vqa_A.18_349
2x8x_X.0_234
3wew_A.0_232
3fse_A.181_300
2wam_A.234_280
4fbn_A.0_231
3mpk_A.13_213
3tfo_A.10_201
3gbv_A.1_263
3gd8_A.1_220
4f3l_A.73_318
3cbn_A.1_137
4p98_A.40_213
3fkj_A.7_316
4dg8_A.11_117
4dg8_A.186_282
4dg8_A.312_357
1t72_A.13_207
1h9m_A.1_139
3sp8_A.94_253
4v3d_B.1_166
4cj9_A.2_725
2pg0_A.6_101
2pg0_A.202_309
4wd8_A.32_80
3j8b_K.1_110
1w25_A.1_275
4yv7_A.1_255
4ld7_A.18_386
2v5p_A.1_463
2b0h_A.8_132
4lej_A.5_350
3evz_A.34_179
1twf_I.0_105
3ihp_A.0_225
3ihp_A.494_608
1gnl_A.0_182
2ydy_A.51_203
1g3n_C.12_232
3oue_A.1_156
2wb6_A.11_111
3td9_A.1_286
1vkw_A.32_215
1cza_N.1_896
3i32_A.3_75
1xkr_A.1_200
3fe2_A.59_122
3fe2_A.170_222
1lva_A.1_255
2xha_A.4_89
1cby_A.190_207
4g78_A.1_144
4q0c_A.25_461
1nkt_A.75_163
1nkt_A.393_500
1nkt_A.519_558
1nkt_A.632_673
4q6b_A.1_279
2zjs_Y.9_408
3tov_A.6_341
2pef_A.253_270
3fve_A.1_273
3elb_A.0_301
1b2p_A.28_110
4qo6_A.1_194
4o6y_A.27_191
2znd_A.0_145
1mpp_A.1_347
1o70_A.1_291
2w96_A.36_239
1rhs_A.0_291
1zym_A.38_137
3u30_A.1_147
1gv2_A.8_99
3sqn_A.0_147
3sqn_A.148_380
3rwx_A.3_233
4u5b_A.0_261
2qcv_A.43_93
2qcv_A.136_198
4es6_A.1_248
1c89_A.1_130
1qna_A.2_177
3c5n_A.13_119
3c5n_A.178_203
3mj6_A.1_225
1zso_A.1_152
4mdw_A.20_130
4kop_A.2_135
2x27_X.21_180
3mva_O.4_320
4epc_A.1_140
4h4d_A.17_280
2luy_A.0_95
1g61_A.1_222
2a2c_A.102_173
2mox_A.5_138
4kmr_A.1_244
2iyk_A.0_88
3u1w_A.0_248
1t61_A.1_222
1jb7_A.0_283
4g9q_A.10_236
3s3z_A.4_101
2lck_A.1_279
4gqn_A.1_185
1vl4_A.12_173
1vl4_A.364_393
3rbz_A.52_183
4gax_A.100_182
4gax_A.211_341
4gax_A.378_500
2ich_A.0_319
4fc7_A.57_157
1lsl_A.1_112
1u8v_A.277_311
4mq0_A.1_287
1k6k_A.2_138
1qpz_A.57_307
4n7w_A.1_300
2ami_A.3_74
1q6h_A.55_96
2w7v_A.3_81
1a87_A.79_120
2ejm_A.13_80
1xio_A.29_204
3u58_A.0_212
1iml_A.1_55
4tw3_A.123_178
3gec_A.0_256
2gum_A.44_169
2gum_A.351_392
2gum_A.448_501
2r83_A.0_278
1wr2_A.21_64
1wr2_A.109_126
3ddv_A.1_110
3am2_A.18_50
3am2_A.90_107
3am2_A.194_270
3tas_A.8_271
3pey_A.40_360
3t5c_A.15_287
3t5c_A.318_351
2pjd_A.0_333
2e26_A.1_704
3gv0_A.0_254
3vth_A.0_186
3vth_A.298_348
3vth_A.422_491
1e7n_A.1_83
4l8u_A.0_582
3mlg_A.0_160
3s81_A.1_225
3lb6_C.1_179
2dv6_A.1_409
2wfw_A.0_123
3bbl_A.0_258
1yox_A.9_167
2j43_A.1_215
3bvo_A.8_192
3piv_A.1_153
4ru1_A.3_250
3n0r_A.30_217
2gbl_A.0_399
2lzu_A.0_55
2hh8_A.1_122
2y8n_B.0_85
4e9j_A.0_216
1psw_A.0_330
1k8g_A.1_266
2dne_A.5_82
3cx5_A.8_413
2vkw_A.1_194
2dwu_A.3_220
3l8w_A.0_294
2g1u_A.1_121
3oaj_A.1_267
3bk7_A.80_556
4q35_A.84_180
4q35_A.296_589
2bol_A.55_111
2bol_A.256_300
2hey_R.16_137
2et6_A.1_568
1f0i_A.40_482
2k7p_A.17_185
1tsj_A.4_114
4qrl_A.4_107
1yll_A.32_189
1yll_A.153_187
2lem_A.5_179
1nps_A.1_84
1jc4_A.1_144
4giz_C.6_140
4bej_A.245_496
1oed_C.1_115
4ymr_A.0_77
3bvf_A.25_128
3oc4_A.0_255
2hqb_A.0_282
2dar_A.0_77
2dc4_A.0_131
2o66_A.8_94
1hfh_A.1_118
4lhd_A.31_867
3amj_B.10_413
1ov3_A.0_133
4lqx_A.62_287
2d1v_A.26_61
2hls_A.7_223
4kpp_A.28_352
3okg_A.65_102
3okg_A.159_200
3okg_A.233_273
1s7q_A.1_175
1s7q_A.180_262
1ifc_A.36_121
3of1_A.0_245
4wut_A.0_261
1jmc_A.1_227
4v02_C.9_45
4v02_C.66_109
2vxz_A.1_149
2qen_A.15_66
2qen_A.70_171
2qen_A.236_308
1yar_O.163_204
1suu_A.1_291
3khi_A.19_101
4mc3_A.101_208
3fch_A.3_197
3v5u_A.35_254
2rc3_A.17_126
1h4a_X.1_167
1wcw_A.2_242
3gmx_A.0_153
4o5q_A.200_448
4mu3_A.1_180
2de6_A.306_340
4bqn_A.181_298
2wxy_C.317_334
3wjd_A.14_150
3wjd_A.99_152
3o14_A.6_215
4wve_A.1_153
2ct9_A.0_184
2pv0_A.0_87
2qsv_A.0_219
1ij5_A.36_70
1ij5_A.79_156
1ij5_A.224_302
1qxy_A.4_238
3ibp_A.1_252
4tse_A.0_146
3tv9_A.42_188
3orj_A.0_428
3hnx_A.1_106
4dni_A.28_254
4m64_A.1_429
2ogg_A.1_133
3hoa_A.59_148
4gnx_C.114_421
4djk_A.1_371
4uz3_A.0_98
1b74_A.1_212
3ifv_A.1_211
3k44_A.1_141
2zsk_A.1_223
4b7l_A.0_225
4grn_A.1_105
3ddh_A.17_77
3agy_A.1_159
3eto_A.0_112
3tul_A.44_127
1u9d_A.0_110
4q65_A.0_436